<?xml version="1.0" encoding="UTF-8"?>
<!-- Generated by org.testng.reporters.JUnitXMLReporter -->
<testsuite ignored="0" hostname="vrwamiq" failures="0" tests="5" name="Default test" time="0.29" errors="0" timestamp="2026-09-04T12:20:58 IST">
  <testcase classname="com.vr.portfolioplanner.smoke.SmokeTest" name="apachePoiClasspathCheck" time="0.007"/>
  <testcase classname="com.vr.portfolioplanner.smoke.SmokeTest" name="jacksonClasspathCheck" time="0.078"/>
  <testcase classname="com.vr.portfolioplanner.smoke.SmokeTest" name="loggingCheck" time="0.001"/>
  <testcase classname="com.vr.portfolioplanner.smoke.SmokeTest" name="restAssuredClasspathCheck" time="0.164"/>
  <testcase classname="com.vr.portfolioplanner.smoke.SmokeTest" name="testNgSanityCheck" time="0.001"/>
</testsuite> <!-- Default test -->
