<?xml version="1.0" encoding="UTF-8"?>
<!-- Generated by org.testng.reporters.JUnitXMLReporter -->
<testsuite ignored="0" hostname="vrwamiq" failures="209" tests="376" name="API Comparison Tests(failed)(failed)(failed)" time="193.911" errors="0" timestamp="2026-09-25T14:59:11 IST">
  <testcase classname="com.vr.portfolioplanner.test.ApiComparisonTest" name="comparePortfolioPlanner" time="8.481"/>
  <testcase classname="com.vr.portfolioplanner.test.ApiComparisonTest" name="comparePortfolioPlanner" time="8.482"/>
  <testcase classname="com.vr.portfolioplanner.test.ApiComparisonTest" name="comparePortfolioPlanner" time="8.57"/>
  <testcase classname="com.vr.portfolioplanner.test.ApiComparisonTest" name="comparePortfolioPlanner" time="8.69"/>
  <testcase classname="com.vr.portfolioplanner.test.ApiComparisonTest" name="comparePortfolioPlanner" time="8.732"/>
  <testcase classname="com.vr.portfolioplanner.test.ApiComparisonTest" name="comparePortfolioPlanner" time="1.721"/>
  <testcase classname="com.vr.portfolioplanner.test.ApiComparisonTest" name="comparePortfolioPlanner" time="2.21"/>
  <testcase classname="com.vr.portfolioplanner.test.ApiComparisonTest" name="comparePortfolioPlanner" time="2.314"/>
  <testcase classname="com.vr.portfolioplanner.test.ApiComparisonTest" name="comparePortfolioPlanner" time="2.568"/>
  <testcase classname="com.vr.portfolioplanner.test.ApiComparisonTest" name="comparePortfolioPlanner" time="2.751"/>
  <testcase classname="com.vr.portfolioplanner.test.ApiComparisonTest" name="comparePortfolioPlanner" time="1.542"/>
  <testcase classname="com.vr.portfolioplanner.test.ApiComparisonTest" name="comparePortfolioPlanner" time="1.866"/>
  <testcase classname="com.vr.portfolioplanner.test.ApiComparisonTest" name="comparePortfolioPlanner" time="2.054"/>
  <testcase classname="com.vr.portfolioplanner.test.ApiComparisonTest" name="comparePortfolioPlanner" time="1.752"/>
  <testcase classname="com.vr.portfolioplanner.test.ApiComparisonTest" name="comparePortfolioPlanner" time="1.939"/>
  <testcase classname="com.vr.portfolioplanner.test.ApiComparisonTest" name="comparePortfolioPlanner" time="1.901"/>
  <testcase classname="com.vr.portfolioplanner.test.ApiComparisonTest" name="comparePortfolioPlanner" time="2.063"/>
  <testcase classname="com.vr.portfolioplanner.test.ApiComparisonTest" name="comparePortfolioPlanner" time="2.726"/>
  <testcase classname="com.vr.portfolioplanner.test.ApiComparisonTest" name="comparePortfolioPlanner" time="2.552"/>
  <testcase classname="com.vr.portfolioplanner.test.ApiComparisonTest" name="comparePortfolioPlanner" time="3.382"/>
  <testcase classname="com.vr.portfolioplanner.test.ApiComparisonTest" name="comparePortfolioPlanner" time="3.229"/>
  <testcase classname="com.vr.portfolioplanner.test.ApiComparisonTest" name="comparePortfolioPlanner" time="1.491"/>
  <testcase classname="com.vr.portfolioplanner.test.ApiComparisonTest" name="comparePortfolioPlanner" time="1.692"/>
  <testcase classname="com.vr.portfolioplanner.test.ApiComparisonTest" name="comparePortfolioPlanner" time="2.044"/>
  <testcase classname="com.vr.portfolioplanner.test.ApiComparisonTest" name="comparePortfolioPlanner" time="2.156"/>
  <testcase classname="com.vr.portfolioplanner.test.ApiComparisonTest" name="comparePortfolioPlanner" time="2.367"/>
  <testcase classname="com.vr.portfolioplanner.test.ApiComparisonTest" name="comparePortfolioPlanner" time="1.672"/>
  <testcase classname="com.vr.portfolioplanner.test.ApiComparisonTest" name="comparePortfolioPlanner" time="1.919"/>
  <testcase classname="com.vr.portfolioplanner.test.ApiComparisonTest" name="comparePortfolioPlanner" time="1.492"/>
  <testcase classname="com.vr.portfolioplanner.test.ApiComparisonTest" name="comparePortfolioPlanner" time="1.597"/>
  <testcase classname="com.vr.portfolioplanner.test.ApiComparisonTest" name="comparePortfolioPlanner" time="1.665"/>
  <testcase classname="com.vr.portfolioplanner.test.ApiComparisonTest" name="comparePortfolioPlanner" time="1.59"/>
  <testcase classname="com.vr.portfolioplanner.test.ApiComparisonTest" name="comparePortfolioPlanner" time="1.465"/>
  <testcase classname="com.vr.portfolioplanner.test.ApiComparisonTest" name="comparePortfolioPlanner" time="1.904"/>
  <testcase classname="com.vr.portfolioplanner.test.ApiComparisonTest" name="comparePortfolioPlanner" time="1.908"/>
  <testcase classname="com.vr.portfolioplanner.test.ApiComparisonTest" name="comparePortfolioPlanner" time="1.788"/>
  <testcase classname="com.vr.portfolioplanner.test.ApiComparisonTest" name="comparePortfolioPlanner" time="1.772"/>
  <testcase classname="com.vr.portfolioplanner.test.ApiComparisonTest" name="comparePortfolioPlanner" time="1.588"/>
  <testcase classname="com.vr.portfolioplanner.test.ApiComparisonTest" name="comparePortfolioPlanner" time="1.505"/>
  <testcase classname="com.vr.portfolioplanner.test.ApiComparisonTest" name="comparePortfolioPlanner" time="1.488"/>
  <testcase classname="com.vr.portfolioplanner.test.ApiComparisonTest" name="comparePortfolioPlanner" time="1.625"/>
  <testcase classname="com.vr.portfolioplanner.test.ApiComparisonTest" name="comparePortfolioPlanner" time="1.524"/>
  <testcase classname="com.vr.portfolioplanner.test.ApiComparisonTest" name="comparePortfolioPlanner" time="1.639"/>
  <testcase classname="com.vr.portfolioplanner.test.ApiComparisonTest" name="comparePortfolioPlanner" time="1.559"/>
  <testcase classname="com.vr.portfolioplanner.test.ApiComparisonTest" name="comparePortfolioPlanner" time="1.853"/>
  <testcase classname="com.vr.portfolioplanner.test.ApiComparisonTest" name="comparePortfolioPlanner" time="1.632"/>
  <testcase classname="com.vr.portfolioplanner.test.ApiComparisonTest" name="comparePortfolioPlanner" time="1.538"/>
  <testcase classname="com.vr.portfolioplanner.test.ApiComparisonTest" name="comparePortfolioPlanner" time="2.414"/>
  <testcase classname="com.vr.portfolioplanner.test.ApiComparisonTest" name="comparePortfolioPlanner" time="1.682"/>
  <testcase classname="com.vr.portfolioplanner.test.ApiComparisonTest" name="comparePortfolioPlanner" time="1.607"/>
  <testcase classname="com.vr.portfolioplanner.test.ApiComparisonTest" name="comparePortfolioPlanner" time="1.526"/>
  <testcase classname="com.vr.portfolioplanner.test.ApiComparisonTest" name="comparePortfolioPlanner" time="1.495"/>
  <testcase classname="com.vr.portfolioplanner.test.ApiComparisonTest" name="comparePortfolioPlanner" time="1.547"/>
  <testcase classname="com.vr.portfolioplanner.test.ApiComparisonTest" name="comparePortfolioPlanner" time="2.079"/>
  <testcase classname="com.vr.portfolioplanner.test.ApiComparisonTest" name="comparePortfolioPlanner" time="1.948"/>
  <testcase classname="com.vr.portfolioplanner.test.ApiComparisonTest" name="comparePortfolioPlanner" time="2.136"/>
  <testcase classname="com.vr.portfolioplanner.test.ApiComparisonTest" name="comparePortfolioPlanner" time="1.984"/>
  <testcase classname="com.vr.portfolioplanner.test.ApiComparisonTest" name="comparePortfolioPlanner" time="1.794"/>
  <testcase classname="com.vr.portfolioplanner.test.ApiComparisonTest" name="comparePortfolioPlanner" time="1.611"/>
  <testcase classname="com.vr.portfolioplanner.test.ApiComparisonTest" name="comparePortfolioPlanner" time="2.292"/>
  <testcase classname="com.vr.portfolioplanner.test.ApiComparisonTest" name="comparePortfolioPlanner" time="1.927"/>
  <testcase classname="com.vr.portfolioplanner.test.ApiComparisonTest" name="comparePortfolioPlanner" time="3.116"/>
  <testcase classname="com.vr.portfolioplanner.test.ApiComparisonTest" name="comparePortfolioPlanner" time="2.725"/>
  <testcase classname="com.vr.portfolioplanner.test.ApiComparisonTest" name="comparePortfolioPlanner" time="1.647"/>
  <testcase classname="com.vr.portfolioplanner.test.ApiComparisonTest" name="comparePortfolioPlanner" time="3.38"/>
  <testcase classname="com.vr.portfolioplanner.test.ApiComparisonTest" name="comparePortfolioPlanner" time="2.063"/>
  <testcase classname="com.vr.portfolioplanner.test.ApiComparisonTest" name="comparePortfolioPlanner" time="1.526"/>
  <testcase classname="com.vr.portfolioplanner.test.ApiComparisonTest" name="comparePortfolioPlanner" time="1.71"/>
  <testcase classname="com.vr.portfolioplanner.test.ApiComparisonTest" name="comparePortfolioPlanner" time="1.714"/>
  <testcase classname="com.vr.portfolioplanner.test.ApiComparisonTest" name="comparePortfolioPlanner" time="2.048"/>
  <testcase classname="com.vr.portfolioplanner.test.ApiComparisonTest" name="comparePortfolioPlanner" time="2.008"/>
  <testcase classname="com.vr.portfolioplanner.test.ApiComparisonTest" name="comparePortfolioPlanner" time="1.672"/>
  <testcase classname="com.vr.portfolioplanner.test.ApiComparisonTest" name="comparePortfolioPlanner" time="1.809"/>
  <testcase classname="com.vr.portfolioplanner.test.ApiComparisonTest" name="comparePortfolioPlanner" time="1.804"/>
  <testcase classname="com.vr.portfolioplanner.test.ApiComparisonTest" name="comparePortfolioPlanner" time="2.137"/>
  <testcase classname="com.vr.portfolioplanner.test.ApiComparisonTest" name="comparePortfolioPlanner" time="1.924"/>
  <testcase classname="com.vr.portfolioplanner.test.ApiComparisonTest" name="comparePortfolioPlanner" time="1.892"/>
  <testcase classname="com.vr.portfolioplanner.test.ApiComparisonTest" name="comparePortfolioPlanner" time="1.957"/>
  <testcase classname="com.vr.portfolioplanner.test.ApiComparisonTest" name="comparePortfolioPlanner" time="1.955"/>
  <testcase classname="com.vr.portfolioplanner.test.ApiComparisonTest" name="comparePortfolioPlanner" time="2.051"/>
  <testcase classname="com.vr.portfolioplanner.test.ApiComparisonTest" name="comparePortfolioPlanner" time="2.196"/>
  <testcase classname="com.vr.portfolioplanner.test.ApiComparisonTest" name="comparePortfolioPlanner" time="2.04"/>
  <testcase classname="com.vr.portfolioplanner.test.ApiComparisonTest" name="comparePortfolioPlanner" time="5.948"/>
  <testcase classname="com.vr.portfolioplanner.test.ApiComparisonTest" name="comparePortfolioPlanner" time="5.019"/>
  <testcase classname="com.vr.portfolioplanner.test.ApiComparisonTest" name="comparePortfolioPlanner" time="5.419"/>
  <testcase classname="com.vr.portfolioplanner.test.ApiComparisonTest" name="comparePortfolioPlanner" time="5.934"/>
  <testcase classname="com.vr.portfolioplanner.test.ApiComparisonTest" name="comparePortfolioPlanner" time="2.179"/>
  <testcase classname="com.vr.portfolioplanner.test.ApiComparisonTest" name="comparePortfolioPlanner" time="1.869"/>
  <testcase classname="com.vr.portfolioplanner.test.ApiComparisonTest" name="comparePortfolioPlanner" time="2.672"/>
  <testcase classname="com.vr.portfolioplanner.test.ApiComparisonTest" name="comparePortfolioPlanner" time="2.753"/>
  <testcase classname="com.vr.portfolioplanner.test.ApiComparisonTest" name="comparePortfolioPlanner" time="2.843"/>
  <testcase classname="com.vr.portfolioplanner.test.ApiComparisonTest" name="comparePortfolioPlanner" time="2.617"/>
  <testcase classname="com.vr.portfolioplanner.test.ApiComparisonTest" name="comparePortfolioPlanner" time="2.497"/>
  <testcase classname="com.vr.portfolioplanner.test.ApiComparisonTest" name="comparePortfolioPlanner" time="2.535"/>
  <testcase classname="com.vr.portfolioplanner.test.ApiComparisonTest" name="comparePortfolioPlanner" time="2.16"/>
  <testcase classname="com.vr.portfolioplanner.test.ApiComparisonTest" name="comparePortfolioPlanner" time="2.348"/>
  <testcase classname="com.vr.portfolioplanner.test.ApiComparisonTest" name="comparePortfolioPlanner" time="1.885"/>
  <testcase classname="com.vr.portfolioplanner.test.ApiComparisonTest" name="comparePortfolioPlanner" time="1.869"/>
  <testcase classname="com.vr.portfolioplanner.test.ApiComparisonTest" name="comparePortfolioPlanner" time="2.054"/>
  <testcase classname="com.vr.portfolioplanner.test.ApiComparisonTest" name="comparePortfolioPlanner" time="2.181"/>
  <testcase classname="com.vr.portfolioplanner.test.ApiComparisonTest" name="comparePortfolioPlanner" time="1.895"/>
  <testcase classname="com.vr.portfolioplanner.test.ApiComparisonTest" name="comparePortfolioPlanner" time="1.934"/>
  <testcase classname="com.vr.portfolioplanner.test.ApiComparisonTest" name="comparePortfolioPlanner" time="2.227"/>
  <testcase classname="com.vr.portfolioplanner.test.ApiComparisonTest" name="comparePortfolioPlanner" time="2.188"/>
  <testcase classname="com.vr.portfolioplanner.test.ApiComparisonTest" name="comparePortfolioPlanner" time="2.256"/>
  <testcase classname="com.vr.portfolioplanner.test.ApiComparisonTest" name="comparePortfolioPlanner" time="2.147"/>
  <testcase classname="com.vr.portfolioplanner.test.ApiComparisonTest" name="comparePortfolioPlanner" time="1.793"/>
  <testcase classname="com.vr.portfolioplanner.test.ApiComparisonTest" name="comparePortfolioPlanner" time="2.394"/>
  <testcase classname="com.vr.portfolioplanner.test.ApiComparisonTest" name="comparePortfolioPlanner" time="2.921"/>
  <testcase classname="com.vr.portfolioplanner.test.ApiComparisonTest" name="comparePortfolioPlanner" time="3.165"/>
  <testcase classname="com.vr.portfolioplanner.test.ApiComparisonTest" name="comparePortfolioPlanner" time="2.317"/>
  <testcase classname="com.vr.portfolioplanner.test.ApiComparisonTest" name="comparePortfolioPlanner" time="2.764"/>
  <testcase classname="com.vr.portfolioplanner.test.ApiComparisonTest" name="comparePortfolioPlanner" time="2.387"/>
  <testcase classname="com.vr.portfolioplanner.test.ApiComparisonTest" name="comparePortfolioPlanner" time="2.147"/>
  <testcase classname="com.vr.portfolioplanner.test.ApiComparisonTest" name="comparePortfolioPlanner" time="2.901"/>
  <testcase classname="com.vr.portfolioplanner.test.ApiComparisonTest" name="comparePortfolioPlanner" time="1.88"/>
  <testcase classname="com.vr.portfolioplanner.test.ApiComparisonTest" name="comparePortfolioPlanner" time="2.06"/>
  <testcase classname="com.vr.portfolioplanner.test.ApiComparisonTest" name="comparePortfolioPlanner" time="3.369"/>
  <testcase classname="com.vr.portfolioplanner.test.ApiComparisonTest" name="comparePortfolioPlanner" time="2.018"/>
  <testcase classname="com.vr.portfolioplanner.test.ApiComparisonTest" name="comparePortfolioPlanner" time="1.915"/>
  <testcase classname="com.vr.portfolioplanner.test.ApiComparisonTest" name="comparePortfolioPlanner" time="1.994"/>
  <testcase classname="com.vr.portfolioplanner.test.ApiComparisonTest" name="comparePortfolioPlanner" time="2.302"/>
  <testcase classname="com.vr.portfolioplanner.test.ApiComparisonTest" name="comparePortfolioPlanner" time="2.745"/>
  <testcase classname="com.vr.portfolioplanner.test.ApiComparisonTest" name="comparePortfolioPlanner" time="2.533"/>
  <testcase classname="com.vr.portfolioplanner.test.ApiComparisonTest" name="comparePortfolioPlanner" time="1.979"/>
  <testcase classname="com.vr.portfolioplanner.test.ApiComparisonTest" name="comparePortfolioPlanner" time="2.16"/>
  <testcase classname="com.vr.portfolioplanner.test.ApiComparisonTest" name="comparePortfolioPlanner" time="2.013"/>
  <testcase classname="com.vr.portfolioplanner.test.ApiComparisonTest" name="comparePortfolioPlanner" time="2.282"/>
  <testcase classname="com.vr.portfolioplanner.test.ApiComparisonTest" name="comparePortfolioPlanner" time="3.034"/>
  <testcase classname="com.vr.portfolioplanner.test.ApiComparisonTest" name="comparePortfolioPlanner" time="1.723"/>
  <testcase classname="com.vr.portfolioplanner.test.ApiComparisonTest" name="comparePortfolioPlanner" time="2.126"/>
  <testcase classname="com.vr.portfolioplanner.test.ApiComparisonTest" name="comparePortfolioPlanner" time="2.416"/>
  <testcase classname="com.vr.portfolioplanner.test.ApiComparisonTest" name="comparePortfolioPlanner" time="39.673"/>
  <testcase classname="com.vr.portfolioplanner.test.ApiComparisonTest" name="comparePortfolioPlanner" time="2.04"/>
  <testcase classname="com.vr.portfolioplanner.test.ApiComparisonTest" name="comparePortfolioPlanner" time="2.955"/>
  <testcase classname="com.vr.portfolioplanner.test.ApiComparisonTest" name="comparePortfolioPlanner" time="2.027"/>
  <testcase classname="com.vr.portfolioplanner.test.ApiComparisonTest" name="comparePortfolioPlanner" time="1.942"/>
  <testcase classname="com.vr.portfolioplanner.test.ApiComparisonTest" name="comparePortfolioPlanner" time="1.838"/>
  <testcase classname="com.vr.portfolioplanner.test.ApiComparisonTest" name="comparePortfolioPlanner" time="2.151"/>
  <testcase classname="com.vr.portfolioplanner.test.ApiComparisonTest" name="comparePortfolioPlanner" time="1.831"/>
  <testcase classname="com.vr.portfolioplanner.test.ApiComparisonTest" name="comparePortfolioPlanner" time="1.979"/>
  <testcase classname="com.vr.portfolioplanner.test.ApiComparisonTest" name="comparePortfolioPlanner" time="1.795"/>
  <testcase classname="com.vr.portfolioplanner.test.ApiComparisonTest" name="comparePortfolioPlanner" time="2.014"/>
  <testcase classname="com.vr.portfolioplanner.test.ApiComparisonTest" name="comparePortfolioPlanner" time="1.816"/>
  <testcase classname="com.vr.portfolioplanner.test.ApiComparisonTest" name="comparePortfolioPlanner" time="2.324"/>
  <testcase classname="com.vr.portfolioplanner.test.ApiComparisonTest" name="comparePortfolioPlanner" time="2.102"/>
  <testcase classname="com.vr.portfolioplanner.test.ApiComparisonTest" name="comparePortfolioPlanner" time="1.864"/>
  <testcase classname="com.vr.portfolioplanner.test.ApiComparisonTest" name="comparePortfolioPlanner" time="1.833"/>
  <testcase classname="com.vr.portfolioplanner.test.ApiComparisonTest" name="comparePortfolioPlanner" time="1.815"/>
  <testcase classname="com.vr.portfolioplanner.test.ApiComparisonTest" name="comparePortfolioPlanner" time="1.885"/>
  <testcase classname="com.vr.portfolioplanner.test.ApiComparisonTest" name="comparePortfolioPlanner" time="4.423">
    <failure type="java.lang.AssertionError" message="
TC_05253 — FAILED with 2 mismatch(es):
  [MISSING_FIELD            ] funds_data.data[plan_id=16897]
      api1: 16897
      api2: (not found)
      planId: 16897
      fund1:  Aditya Birla SL Balanced Advantage Direct-G
      fund2:  NOT FOUND
      note:   Fund plan_id=&amp;apos;16897&amp;apos; present in API-1 but missing in API-2
  [EXTRA_FIELD              ] funds_data.data[plan_id=38387]
      api1: (not found)
      api2: 38387
      planId: 38387
      fund1:  NOT FOUND
      fund2:  Mirae Asset Equity Savings Direct-G
      note:   Fund plan_id=&amp;apos;38387&amp;apos; present in API-2 but missing in API-1 expected [true] but found [false]">
      <![CDATA[java.lang.AssertionError: 
TC_05253 — FAILED with 2 mismatch(es):
  [MISSING_FIELD            ] funds_data.data[plan_id=16897]
      api1: 16897
      api2: (not found)
      planId: 16897
      fund1:  Aditya Birla SL Balanced Advantage Direct-G
      fund2:  NOT FOUND
      note:   Fund plan_id='16897' present in API-1 but missing in API-2
  [EXTRA_FIELD              ] funds_data.data[plan_id=38387]
      api1: (not found)
      api2: 38387
      planId: 38387
      fund1:  NOT FOUND
      fund2:  Mirae Asset Equity Savings Direct-G
      note:   Fund plan_id='38387' present in API-2 but missing in API-1 expected [true] but found [false]
at org.testng.Assert.fail(Assert.java:111)
at org.testng.Assert.failNotEquals(Assert.java:1578)
at org.testng.Assert.assertTrue(Assert.java:57)
at com.vr.portfolioplanner.test.ApiComparisonTest.comparePortfolioPlanner(ApiComparisonTest.java:240)
at jdk.internal.reflect.GeneratedMethodAccessor135.invoke(Unknown Source)
at java.base/jdk.internal.reflect.DelegatingMethodAccessorImpl.invoke(DelegatingMethodAccessorImpl.java:43)
at java.base/java.lang.reflect.Method.invoke(Method.java:568)
at org.testng.internal.invokers.MethodInvocationHelper.invokeMethod(MethodInvocationHelper.java:139)
at org.testng.internal.invokers.TestInvoker.invokeMethod(TestInvoker.java:664)
at org.testng.internal.invokers.TestInvoker.invokeTestMethod(TestInvoker.java:227)
at org.testng.internal.invokers.TestMethodWithDataProviderMethodWorker.call(TestMethodWithDataProviderMethodWorker.java:80)
at org.testng.internal.invokers.TestMethodWithDataProviderMethodWorker.call(TestMethodWithDataProviderMethodWorker.java:17)
at java.base/java.util.concurrent.FutureTask.run(FutureTask.java:264)
at java.base/java.util.concurrent.Executors$RunnableAdapter.call(Executors.java:539)
at java.base/java.util.concurrent.FutureTask.run(FutureTask.java:264)
at java.base/java.util.concurrent.ThreadPoolExecutor.runWorker(ThreadPoolExecutor.java:1136)
at java.base/java.util.concurrent.ThreadPoolExecutor$Worker.run(ThreadPoolExecutor.java:635)
at java.base/java.lang.Thread.run(Thread.java:842)
]]>
    </failure>
  </testcase> <!-- comparePortfolioPlanner -->
  <testcase classname="com.vr.portfolioplanner.test.ApiComparisonTest" name="comparePortfolioPlanner" time="3.417">
    <failure type="java.lang.AssertionError" message="
TC_05259 — FAILED with 3 mismatch(es):
  [MISSING_FIELD            ] funds_data.data[plan_id=16897]
      api1: 16897
      api2: (not found)
      planId: 16897
      fund1:  Aditya Birla SL Balanced Advantage Direct-G
      fund2:  NOT FOUND
      note:   Fund plan_id=&amp;apos;16897&amp;apos; present in API-1 but missing in API-2
  [EXTRA_FIELD              ] funds_data.data[plan_id=38387]
      api1: (not found)
      api2: 38387
      planId: 38387
      fund1:  NOT FOUND
      fund2:  Mirae Asset Equity Savings Direct-G
      note:   Fund plan_id=&amp;apos;38387&amp;apos; present in API-2 but missing in API-1
  [BUSINESS_VALUE_MISMATCH  ] funds_data.data[plan_id=15866].investment_amount
      api1: 457499
      api2: 457301
      planId: 15866
      fund1:  ICICI Pru Short Term Direct-G
      fund2:  ICICI Pru Short Term Direct-G
      diff:   198
      note:   Values differ by 198 (tolerance: 100.0) expected [true] but found [false]">
      <![CDATA[java.lang.AssertionError: 
TC_05259 — FAILED with 3 mismatch(es):
  [MISSING_FIELD            ] funds_data.data[plan_id=16897]
      api1: 16897
      api2: (not found)
      planId: 16897
      fund1:  Aditya Birla SL Balanced Advantage Direct-G
      fund2:  NOT FOUND
      note:   Fund plan_id='16897' present in API-1 but missing in API-2
  [EXTRA_FIELD              ] funds_data.data[plan_id=38387]
      api1: (not found)
      api2: 38387
      planId: 38387
      fund1:  NOT FOUND
      fund2:  Mirae Asset Equity Savings Direct-G
      note:   Fund plan_id='38387' present in API-2 but missing in API-1
  [BUSINESS_VALUE_MISMATCH  ] funds_data.data[plan_id=15866].investment_amount
      api1: 457499
      api2: 457301
      planId: 15866
      fund1:  ICICI Pru Short Term Direct-G
      fund2:  ICICI Pru Short Term Direct-G
      diff:   198
      note:   Values differ by 198 (tolerance: 100.0) expected [true] but found [false]
at org.testng.Assert.fail(Assert.java:111)
at org.testng.Assert.failNotEquals(Assert.java:1578)
at org.testng.Assert.assertTrue(Assert.java:57)
at com.vr.portfolioplanner.test.ApiComparisonTest.comparePortfolioPlanner(ApiComparisonTest.java:240)
at jdk.internal.reflect.GeneratedMethodAccessor135.invoke(Unknown Source)
at java.base/jdk.internal.reflect.DelegatingMethodAccessorImpl.invoke(DelegatingMethodAccessorImpl.java:43)
at java.base/java.lang.reflect.Method.invoke(Method.java:568)
at org.testng.internal.invokers.MethodInvocationHelper.invokeMethod(MethodInvocationHelper.java:139)
at org.testng.internal.invokers.TestInvoker.invokeMethod(TestInvoker.java:664)
at org.testng.internal.invokers.TestInvoker.invokeTestMethod(TestInvoker.java:227)
at org.testng.internal.invokers.TestMethodWithDataProviderMethodWorker.call(TestMethodWithDataProviderMethodWorker.java:80)
at org.testng.internal.invokers.TestMethodWithDataProviderMethodWorker.call(TestMethodWithDataProviderMethodWorker.java:17)
at java.base/java.util.concurrent.FutureTask.run(FutureTask.java:264)
at java.base/java.util.concurrent.Executors$RunnableAdapter.call(Executors.java:539)
at java.base/java.util.concurrent.FutureTask.run(FutureTask.java:264)
at java.base/java.util.concurrent.ThreadPoolExecutor.runWorker(ThreadPoolExecutor.java:1136)
at java.base/java.util.concurrent.ThreadPoolExecutor$Worker.run(ThreadPoolExecutor.java:635)
at java.base/java.lang.Thread.run(Thread.java:842)
]]>
    </failure>
  </testcase> <!-- comparePortfolioPlanner -->
  <testcase classname="com.vr.portfolioplanner.test.ApiComparisonTest" name="comparePortfolioPlanner" time="3.854">
    <failure type="java.lang.AssertionError" message="
TC_05258 — FAILED with 2 mismatch(es):
  [MISSING_FIELD            ] funds_data.data[plan_id=16897]
      api1: 16897
      api2: (not found)
      planId: 16897
      fund1:  Aditya Birla SL Balanced Advantage Direct-G
      fund2:  NOT FOUND
      note:   Fund plan_id=&amp;apos;16897&amp;apos; present in API-1 but missing in API-2
  [EXTRA_FIELD              ] funds_data.data[plan_id=38387]
      api1: (not found)
      api2: 38387
      planId: 38387
      fund1:  NOT FOUND
      fund2:  Mirae Asset Equity Savings Direct-G
      note:   Fund plan_id=&amp;apos;38387&amp;apos; present in API-2 but missing in API-1 expected [true] but found [false]">
      <![CDATA[java.lang.AssertionError: 
TC_05258 — FAILED with 2 mismatch(es):
  [MISSING_FIELD            ] funds_data.data[plan_id=16897]
      api1: 16897
      api2: (not found)
      planId: 16897
      fund1:  Aditya Birla SL Balanced Advantage Direct-G
      fund2:  NOT FOUND
      note:   Fund plan_id='16897' present in API-1 but missing in API-2
  [EXTRA_FIELD              ] funds_data.data[plan_id=38387]
      api1: (not found)
      api2: 38387
      planId: 38387
      fund1:  NOT FOUND
      fund2:  Mirae Asset Equity Savings Direct-G
      note:   Fund plan_id='38387' present in API-2 but missing in API-1 expected [true] but found [false]
at org.testng.Assert.fail(Assert.java:111)
at org.testng.Assert.failNotEquals(Assert.java:1578)
at org.testng.Assert.assertTrue(Assert.java:57)
at com.vr.portfolioplanner.test.ApiComparisonTest.comparePortfolioPlanner(ApiComparisonTest.java:240)
at jdk.internal.reflect.GeneratedMethodAccessor135.invoke(Unknown Source)
at java.base/jdk.internal.reflect.DelegatingMethodAccessorImpl.invoke(DelegatingMethodAccessorImpl.java:43)
at java.base/java.lang.reflect.Method.invoke(Method.java:568)
at org.testng.internal.invokers.MethodInvocationHelper.invokeMethod(MethodInvocationHelper.java:139)
at org.testng.internal.invokers.TestInvoker.invokeMethod(TestInvoker.java:664)
at org.testng.internal.invokers.TestInvoker.invokeTestMethod(TestInvoker.java:227)
at org.testng.internal.invokers.TestMethodWithDataProviderMethodWorker.call(TestMethodWithDataProviderMethodWorker.java:80)
at org.testng.internal.invokers.TestMethodWithDataProviderMethodWorker.call(TestMethodWithDataProviderMethodWorker.java:17)
at java.base/java.util.concurrent.FutureTask.run(FutureTask.java:264)
at java.base/java.util.concurrent.Executors$RunnableAdapter.call(Executors.java:539)
at java.base/java.util.concurrent.FutureTask.run(FutureTask.java:264)
at java.base/java.util.concurrent.ThreadPoolExecutor.runWorker(ThreadPoolExecutor.java:1136)
at java.base/java.util.concurrent.ThreadPoolExecutor$Worker.run(ThreadPoolExecutor.java:635)
at java.base/java.lang.Thread.run(Thread.java:842)
]]>
    </failure>
  </testcase> <!-- comparePortfolioPlanner -->
  <testcase classname="com.vr.portfolioplanner.test.ApiComparisonTest" name="comparePortfolioPlanner" time="2.703">
    <failure type="java.lang.AssertionError" message="
TC_05264 — FAILED with 3 mismatch(es):
  [MISSING_FIELD            ] funds_data.data[plan_id=16897]
      api1: 16897
      api2: (not found)
      planId: 16897
      fund1:  Aditya Birla SL Balanced Advantage Direct-G
      fund2:  NOT FOUND
      note:   Fund plan_id=&amp;apos;16897&amp;apos; present in API-1 but missing in API-2
  [EXTRA_FIELD              ] funds_data.data[plan_id=38387]
      api1: (not found)
      api2: 38387
      planId: 38387
      fund1:  NOT FOUND
      fund2:  Mirae Asset Equity Savings Direct-G
      note:   Fund plan_id=&amp;apos;38387&amp;apos; present in API-2 but missing in API-1
  [BUSINESS_VALUE_MISMATCH  ] funds_data.data[plan_id=15866].investment_amount
      api1: 1524999
      api2: 1524801
      planId: 15866
      fund1:  ICICI Pru Short Term Direct-G
      fund2:  ICICI Pru Short Term Direct-G
      diff:   198
      note:   Values differ by 198 (tolerance: 100.0) expected [true] but found [false]">
      <![CDATA[java.lang.AssertionError: 
TC_05264 — FAILED with 3 mismatch(es):
  [MISSING_FIELD            ] funds_data.data[plan_id=16897]
      api1: 16897
      api2: (not found)
      planId: 16897
      fund1:  Aditya Birla SL Balanced Advantage Direct-G
      fund2:  NOT FOUND
      note:   Fund plan_id='16897' present in API-1 but missing in API-2
  [EXTRA_FIELD              ] funds_data.data[plan_id=38387]
      api1: (not found)
      api2: 38387
      planId: 38387
      fund1:  NOT FOUND
      fund2:  Mirae Asset Equity Savings Direct-G
      note:   Fund plan_id='38387' present in API-2 but missing in API-1
  [BUSINESS_VALUE_MISMATCH  ] funds_data.data[plan_id=15866].investment_amount
      api1: 1524999
      api2: 1524801
      planId: 15866
      fund1:  ICICI Pru Short Term Direct-G
      fund2:  ICICI Pru Short Term Direct-G
      diff:   198
      note:   Values differ by 198 (tolerance: 100.0) expected [true] but found [false]
at org.testng.Assert.fail(Assert.java:111)
at org.testng.Assert.failNotEquals(Assert.java:1578)
at org.testng.Assert.assertTrue(Assert.java:57)
at com.vr.portfolioplanner.test.ApiComparisonTest.comparePortfolioPlanner(ApiComparisonTest.java:240)
at jdk.internal.reflect.GeneratedMethodAccessor135.invoke(Unknown Source)
at java.base/jdk.internal.reflect.DelegatingMethodAccessorImpl.invoke(DelegatingMethodAccessorImpl.java:43)
at java.base/java.lang.reflect.Method.invoke(Method.java:568)
at org.testng.internal.invokers.MethodInvocationHelper.invokeMethod(MethodInvocationHelper.java:139)
at org.testng.internal.invokers.TestInvoker.invokeMethod(TestInvoker.java:664)
at org.testng.internal.invokers.TestInvoker.invokeTestMethod(TestInvoker.java:227)
at org.testng.internal.invokers.TestMethodWithDataProviderMethodWorker.call(TestMethodWithDataProviderMethodWorker.java:80)
at org.testng.internal.invokers.TestMethodWithDataProviderMethodWorker.call(TestMethodWithDataProviderMethodWorker.java:17)
at java.base/java.util.concurrent.FutureTask.run(FutureTask.java:264)
at java.base/java.util.concurrent.Executors$RunnableAdapter.call(Executors.java:539)
at java.base/java.util.concurrent.FutureTask.run(FutureTask.java:264)
at java.base/java.util.concurrent.ThreadPoolExecutor.runWorker(ThreadPoolExecutor.java:1136)
at java.base/java.util.concurrent.ThreadPoolExecutor$Worker.run(ThreadPoolExecutor.java:635)
at java.base/java.lang.Thread.run(Thread.java:842)
]]>
    </failure>
  </testcase> <!-- comparePortfolioPlanner -->
  <testcase classname="com.vr.portfolioplanner.test.ApiComparisonTest" name="comparePortfolioPlanner" time="4.559">
    <failure type="java.lang.AssertionError" message="
TC_05255 — FAILED with 2 mismatch(es):
  [MISSING_FIELD            ] funds_data.data[plan_id=16897]
      api1: 16897
      api2: (not found)
      planId: 16897
      fund1:  Aditya Birla SL Balanced Advantage Direct-G
      fund2:  NOT FOUND
      note:   Fund plan_id=&amp;apos;16897&amp;apos; present in API-1 but missing in API-2
  [EXTRA_FIELD              ] funds_data.data[plan_id=38387]
      api1: (not found)
      api2: 38387
      planId: 38387
      fund1:  NOT FOUND
      fund2:  Mirae Asset Equity Savings Direct-G
      note:   Fund plan_id=&amp;apos;38387&amp;apos; present in API-2 but missing in API-1 expected [true] but found [false]">
      <![CDATA[java.lang.AssertionError: 
TC_05255 — FAILED with 2 mismatch(es):
  [MISSING_FIELD            ] funds_data.data[plan_id=16897]
      api1: 16897
      api2: (not found)
      planId: 16897
      fund1:  Aditya Birla SL Balanced Advantage Direct-G
      fund2:  NOT FOUND
      note:   Fund plan_id='16897' present in API-1 but missing in API-2
  [EXTRA_FIELD              ] funds_data.data[plan_id=38387]
      api1: (not found)
      api2: 38387
      planId: 38387
      fund1:  NOT FOUND
      fund2:  Mirae Asset Equity Savings Direct-G
      note:   Fund plan_id='38387' present in API-2 but missing in API-1 expected [true] but found [false]
at org.testng.Assert.fail(Assert.java:111)
at org.testng.Assert.failNotEquals(Assert.java:1578)
at org.testng.Assert.assertTrue(Assert.java:57)
at com.vr.portfolioplanner.test.ApiComparisonTest.comparePortfolioPlanner(ApiComparisonTest.java:240)
at jdk.internal.reflect.GeneratedMethodAccessor135.invoke(Unknown Source)
at java.base/jdk.internal.reflect.DelegatingMethodAccessorImpl.invoke(DelegatingMethodAccessorImpl.java:43)
at java.base/java.lang.reflect.Method.invoke(Method.java:568)
at org.testng.internal.invokers.MethodInvocationHelper.invokeMethod(MethodInvocationHelper.java:139)
at org.testng.internal.invokers.TestInvoker.invokeMethod(TestInvoker.java:664)
at org.testng.internal.invokers.TestInvoker.invokeTestMethod(TestInvoker.java:227)
at org.testng.internal.invokers.TestMethodWithDataProviderMethodWorker.call(TestMethodWithDataProviderMethodWorker.java:80)
at org.testng.internal.invokers.TestMethodWithDataProviderMethodWorker.call(TestMethodWithDataProviderMethodWorker.java:17)
at java.base/java.util.concurrent.FutureTask.run(FutureTask.java:264)
at java.base/java.util.concurrent.Executors$RunnableAdapter.call(Executors.java:539)
at java.base/java.util.concurrent.FutureTask.run(FutureTask.java:264)
at java.base/java.util.concurrent.ThreadPoolExecutor.runWorker(ThreadPoolExecutor.java:1136)
at java.base/java.util.concurrent.ThreadPoolExecutor$Worker.run(ThreadPoolExecutor.java:635)
at java.base/java.lang.Thread.run(Thread.java:842)
]]>
    </failure>
  </testcase> <!-- comparePortfolioPlanner -->
  <testcase classname="com.vr.portfolioplanner.test.ApiComparisonTest" name="comparePortfolioPlanner" time="2.349">
    <failure type="java.lang.AssertionError" message="
TC_05265 — FAILED with 2 mismatch(es):
  [MISSING_FIELD            ] funds_data.data[plan_id=16897]
      api1: 16897
      api2: (not found)
      planId: 16897
      fund1:  Aditya Birla SL Balanced Advantage Direct-G
      fund2:  NOT FOUND
      note:   Fund plan_id=&amp;apos;16897&amp;apos; present in API-1 but missing in API-2
  [EXTRA_FIELD              ] funds_data.data[plan_id=38387]
      api1: (not found)
      api2: 38387
      planId: 38387
      fund1:  NOT FOUND
      fund2:  Mirae Asset Equity Savings Direct-G
      note:   Fund plan_id=&amp;apos;38387&amp;apos; present in API-2 but missing in API-1 expected [true] but found [false]">
      <![CDATA[java.lang.AssertionError: 
TC_05265 — FAILED with 2 mismatch(es):
  [MISSING_FIELD            ] funds_data.data[plan_id=16897]
      api1: 16897
      api2: (not found)
      planId: 16897
      fund1:  Aditya Birla SL Balanced Advantage Direct-G
      fund2:  NOT FOUND
      note:   Fund plan_id='16897' present in API-1 but missing in API-2
  [EXTRA_FIELD              ] funds_data.data[plan_id=38387]
      api1: (not found)
      api2: 38387
      planId: 38387
      fund1:  NOT FOUND
      fund2:  Mirae Asset Equity Savings Direct-G
      note:   Fund plan_id='38387' present in API-2 but missing in API-1 expected [true] but found [false]
at org.testng.Assert.fail(Assert.java:111)
at org.testng.Assert.failNotEquals(Assert.java:1578)
at org.testng.Assert.assertTrue(Assert.java:57)
at com.vr.portfolioplanner.test.ApiComparisonTest.comparePortfolioPlanner(ApiComparisonTest.java:240)
at jdk.internal.reflect.GeneratedMethodAccessor135.invoke(Unknown Source)
at java.base/jdk.internal.reflect.DelegatingMethodAccessorImpl.invoke(DelegatingMethodAccessorImpl.java:43)
at java.base/java.lang.reflect.Method.invoke(Method.java:568)
at org.testng.internal.invokers.MethodInvocationHelper.invokeMethod(MethodInvocationHelper.java:139)
at org.testng.internal.invokers.TestInvoker.invokeMethod(TestInvoker.java:664)
at org.testng.internal.invokers.TestInvoker.invokeTestMethod(TestInvoker.java:227)
at org.testng.internal.invokers.TestMethodWithDataProviderMethodWorker.call(TestMethodWithDataProviderMethodWorker.java:80)
at org.testng.internal.invokers.TestMethodWithDataProviderMethodWorker.call(TestMethodWithDataProviderMethodWorker.java:17)
at java.base/java.util.concurrent.FutureTask.run(FutureTask.java:264)
at java.base/java.util.concurrent.Executors$RunnableAdapter.call(Executors.java:539)
at java.base/java.util.concurrent.FutureTask.run(FutureTask.java:264)
at java.base/java.util.concurrent.ThreadPoolExecutor.runWorker(ThreadPoolExecutor.java:1136)
at java.base/java.util.concurrent.ThreadPoolExecutor$Worker.run(ThreadPoolExecutor.java:635)
at java.base/java.lang.Thread.run(Thread.java:842)
]]>
    </failure>
  </testcase> <!-- comparePortfolioPlanner -->
  <testcase classname="com.vr.portfolioplanner.test.ApiComparisonTest" name="comparePortfolioPlanner" time="2.836">
    <failure type="java.lang.AssertionError" message="
TC_05273 — FAILED with 2 mismatch(es):
  [MISSING_FIELD            ] funds_data.data[plan_id=16897]
      api1: 16897
      api2: (not found)
      planId: 16897
      fund1:  Aditya Birla SL Balanced Advantage Direct-G
      fund2:  NOT FOUND
      note:   Fund plan_id=&amp;apos;16897&amp;apos; present in API-1 but missing in API-2
  [EXTRA_FIELD              ] funds_data.data[plan_id=38387]
      api1: (not found)
      api2: 38387
      planId: 38387
      fund1:  NOT FOUND
      fund2:  Mirae Asset Equity Savings Direct-G
      note:   Fund plan_id=&amp;apos;38387&amp;apos; present in API-2 but missing in API-1 expected [true] but found [false]">
      <![CDATA[java.lang.AssertionError: 
TC_05273 — FAILED with 2 mismatch(es):
  [MISSING_FIELD            ] funds_data.data[plan_id=16897]
      api1: 16897
      api2: (not found)
      planId: 16897
      fund1:  Aditya Birla SL Balanced Advantage Direct-G
      fund2:  NOT FOUND
      note:   Fund plan_id='16897' present in API-1 but missing in API-2
  [EXTRA_FIELD              ] funds_data.data[plan_id=38387]
      api1: (not found)
      api2: 38387
      planId: 38387
      fund1:  NOT FOUND
      fund2:  Mirae Asset Equity Savings Direct-G
      note:   Fund plan_id='38387' present in API-2 but missing in API-1 expected [true] but found [false]
at org.testng.Assert.fail(Assert.java:111)
at org.testng.Assert.failNotEquals(Assert.java:1578)
at org.testng.Assert.assertTrue(Assert.java:57)
at com.vr.portfolioplanner.test.ApiComparisonTest.comparePortfolioPlanner(ApiComparisonTest.java:240)
at jdk.internal.reflect.GeneratedMethodAccessor135.invoke(Unknown Source)
at java.base/jdk.internal.reflect.DelegatingMethodAccessorImpl.invoke(DelegatingMethodAccessorImpl.java:43)
at java.base/java.lang.reflect.Method.invoke(Method.java:568)
at org.testng.internal.invokers.MethodInvocationHelper.invokeMethod(MethodInvocationHelper.java:139)
at org.testng.internal.invokers.TestInvoker.invokeMethod(TestInvoker.java:664)
at org.testng.internal.invokers.TestInvoker.invokeTestMethod(TestInvoker.java:227)
at org.testng.internal.invokers.TestMethodWithDataProviderMethodWorker.call(TestMethodWithDataProviderMethodWorker.java:80)
at org.testng.internal.invokers.TestMethodWithDataProviderMethodWorker.call(TestMethodWithDataProviderMethodWorker.java:17)
at java.base/java.util.concurrent.FutureTask.run(FutureTask.java:264)
at java.base/java.util.concurrent.Executors$RunnableAdapter.call(Executors.java:539)
at java.base/java.util.concurrent.FutureTask.run(FutureTask.java:264)
at java.base/java.util.concurrent.ThreadPoolExecutor.runWorker(ThreadPoolExecutor.java:1136)
at java.base/java.util.concurrent.ThreadPoolExecutor$Worker.run(ThreadPoolExecutor.java:635)
at java.base/java.lang.Thread.run(Thread.java:842)
]]>
    </failure>
  </testcase> <!-- comparePortfolioPlanner -->
  <testcase classname="com.vr.portfolioplanner.test.ApiComparisonTest" name="comparePortfolioPlanner" time="3.003">
    <failure type="java.lang.AssertionError" message="
TC_05268 — FAILED with 2 mismatch(es):
  [MISSING_FIELD            ] funds_data.data[plan_id=16897]
      api1: 16897
      api2: (not found)
      planId: 16897
      fund1:  Aditya Birla SL Balanced Advantage Direct-G
      fund2:  NOT FOUND
      note:   Fund plan_id=&amp;apos;16897&amp;apos; present in API-1 but missing in API-2
  [EXTRA_FIELD              ] funds_data.data[plan_id=38387]
      api1: (not found)
      api2: 38387
      planId: 38387
      fund1:  NOT FOUND
      fund2:  Mirae Asset Equity Savings Direct-G
      note:   Fund plan_id=&amp;apos;38387&amp;apos; present in API-2 but missing in API-1 expected [true] but found [false]">
      <![CDATA[java.lang.AssertionError: 
TC_05268 — FAILED with 2 mismatch(es):
  [MISSING_FIELD            ] funds_data.data[plan_id=16897]
      api1: 16897
      api2: (not found)
      planId: 16897
      fund1:  Aditya Birla SL Balanced Advantage Direct-G
      fund2:  NOT FOUND
      note:   Fund plan_id='16897' present in API-1 but missing in API-2
  [EXTRA_FIELD              ] funds_data.data[plan_id=38387]
      api1: (not found)
      api2: 38387
      planId: 38387
      fund1:  NOT FOUND
      fund2:  Mirae Asset Equity Savings Direct-G
      note:   Fund plan_id='38387' present in API-2 but missing in API-1 expected [true] but found [false]
at org.testng.Assert.fail(Assert.java:111)
at org.testng.Assert.failNotEquals(Assert.java:1578)
at org.testng.Assert.assertTrue(Assert.java:57)
at com.vr.portfolioplanner.test.ApiComparisonTest.comparePortfolioPlanner(ApiComparisonTest.java:240)
at jdk.internal.reflect.GeneratedMethodAccessor135.invoke(Unknown Source)
at java.base/jdk.internal.reflect.DelegatingMethodAccessorImpl.invoke(DelegatingMethodAccessorImpl.java:43)
at java.base/java.lang.reflect.Method.invoke(Method.java:568)
at org.testng.internal.invokers.MethodInvocationHelper.invokeMethod(MethodInvocationHelper.java:139)
at org.testng.internal.invokers.TestInvoker.invokeMethod(TestInvoker.java:664)
at org.testng.internal.invokers.TestInvoker.invokeTestMethod(TestInvoker.java:227)
at org.testng.internal.invokers.TestMethodWithDataProviderMethodWorker.call(TestMethodWithDataProviderMethodWorker.java:80)
at org.testng.internal.invokers.TestMethodWithDataProviderMethodWorker.call(TestMethodWithDataProviderMethodWorker.java:17)
at java.base/java.util.concurrent.FutureTask.run(FutureTask.java:264)
at java.base/java.util.concurrent.Executors$RunnableAdapter.call(Executors.java:539)
at java.base/java.util.concurrent.FutureTask.run(FutureTask.java:264)
at java.base/java.util.concurrent.ThreadPoolExecutor.runWorker(ThreadPoolExecutor.java:1136)
at java.base/java.util.concurrent.ThreadPoolExecutor$Worker.run(ThreadPoolExecutor.java:635)
at java.base/java.lang.Thread.run(Thread.java:842)
]]>
    </failure>
  </testcase> <!-- comparePortfolioPlanner -->
  <testcase classname="com.vr.portfolioplanner.test.ApiComparisonTest" name="comparePortfolioPlanner" time="3.087">
    <failure type="java.lang.AssertionError" message="
TC_05274 — FAILED with 2 mismatch(es):
  [MISSING_FIELD            ] funds_data.data[plan_id=16897]
      api1: 16897
      api2: (not found)
      planId: 16897
      fund1:  Aditya Birla SL Balanced Advantage Direct-G
      fund2:  NOT FOUND
      note:   Fund plan_id=&amp;apos;16897&amp;apos; present in API-1 but missing in API-2
  [EXTRA_FIELD              ] funds_data.data[plan_id=38387]
      api1: (not found)
      api2: 38387
      planId: 38387
      fund1:  NOT FOUND
      fund2:  Mirae Asset Equity Savings Direct-G
      note:   Fund plan_id=&amp;apos;38387&amp;apos; present in API-2 but missing in API-1 expected [true] but found [false]">
      <![CDATA[java.lang.AssertionError: 
TC_05274 — FAILED with 2 mismatch(es):
  [MISSING_FIELD            ] funds_data.data[plan_id=16897]
      api1: 16897
      api2: (not found)
      planId: 16897
      fund1:  Aditya Birla SL Balanced Advantage Direct-G
      fund2:  NOT FOUND
      note:   Fund plan_id='16897' present in API-1 but missing in API-2
  [EXTRA_FIELD              ] funds_data.data[plan_id=38387]
      api1: (not found)
      api2: 38387
      planId: 38387
      fund1:  NOT FOUND
      fund2:  Mirae Asset Equity Savings Direct-G
      note:   Fund plan_id='38387' present in API-2 but missing in API-1 expected [true] but found [false]
at org.testng.Assert.fail(Assert.java:111)
at org.testng.Assert.failNotEquals(Assert.java:1578)
at org.testng.Assert.assertTrue(Assert.java:57)
at com.vr.portfolioplanner.test.ApiComparisonTest.comparePortfolioPlanner(ApiComparisonTest.java:240)
at jdk.internal.reflect.GeneratedMethodAccessor135.invoke(Unknown Source)
at java.base/jdk.internal.reflect.DelegatingMethodAccessorImpl.invoke(DelegatingMethodAccessorImpl.java:43)
at java.base/java.lang.reflect.Method.invoke(Method.java:568)
at org.testng.internal.invokers.MethodInvocationHelper.invokeMethod(MethodInvocationHelper.java:139)
at org.testng.internal.invokers.TestInvoker.invokeMethod(TestInvoker.java:664)
at org.testng.internal.invokers.TestInvoker.invokeTestMethod(TestInvoker.java:227)
at org.testng.internal.invokers.TestMethodWithDataProviderMethodWorker.call(TestMethodWithDataProviderMethodWorker.java:80)
at org.testng.internal.invokers.TestMethodWithDataProviderMethodWorker.call(TestMethodWithDataProviderMethodWorker.java:17)
at java.base/java.util.concurrent.FutureTask.run(FutureTask.java:264)
at java.base/java.util.concurrent.Executors$RunnableAdapter.call(Executors.java:539)
at java.base/java.util.concurrent.FutureTask.run(FutureTask.java:264)
at java.base/java.util.concurrent.ThreadPoolExecutor.runWorker(ThreadPoolExecutor.java:1136)
at java.base/java.util.concurrent.ThreadPoolExecutor$Worker.run(ThreadPoolExecutor.java:635)
at java.base/java.lang.Thread.run(Thread.java:842)
]]>
    </failure>
  </testcase> <!-- comparePortfolioPlanner -->
  <testcase classname="com.vr.portfolioplanner.test.ApiComparisonTest" name="comparePortfolioPlanner" time="1.717">
    <failure type="java.lang.AssertionError" message="
TC_05279 — FAILED with 1 mismatch(es):
  [BUSINESS_VALUE_MISMATCH  ] funds_data.data[plan_id=15866].investment_amount
      api1: 182999
      api2: 182801
      planId: 15866
      fund1:  ICICI Pru Short Term Direct-G
      fund2:  ICICI Pru Short Term Direct-G
      diff:   198
      note:   Values differ by 198 (tolerance: 100.0) expected [true] but found [false]">
      <![CDATA[java.lang.AssertionError: 
TC_05279 — FAILED with 1 mismatch(es):
  [BUSINESS_VALUE_MISMATCH  ] funds_data.data[plan_id=15866].investment_amount
      api1: 182999
      api2: 182801
      planId: 15866
      fund1:  ICICI Pru Short Term Direct-G
      fund2:  ICICI Pru Short Term Direct-G
      diff:   198
      note:   Values differ by 198 (tolerance: 100.0) expected [true] but found [false]
at org.testng.Assert.fail(Assert.java:111)
at org.testng.Assert.failNotEquals(Assert.java:1578)
at org.testng.Assert.assertTrue(Assert.java:57)
at com.vr.portfolioplanner.test.ApiComparisonTest.comparePortfolioPlanner(ApiComparisonTest.java:240)
at jdk.internal.reflect.GeneratedMethodAccessor135.invoke(Unknown Source)
at java.base/jdk.internal.reflect.DelegatingMethodAccessorImpl.invoke(DelegatingMethodAccessorImpl.java:43)
at java.base/java.lang.reflect.Method.invoke(Method.java:568)
at org.testng.internal.invokers.MethodInvocationHelper.invokeMethod(MethodInvocationHelper.java:139)
at org.testng.internal.invokers.TestInvoker.invokeMethod(TestInvoker.java:664)
at org.testng.internal.invokers.TestInvoker.invokeTestMethod(TestInvoker.java:227)
at org.testng.internal.invokers.TestMethodWithDataProviderMethodWorker.call(TestMethodWithDataProviderMethodWorker.java:80)
at org.testng.internal.invokers.TestMethodWithDataProviderMethodWorker.call(TestMethodWithDataProviderMethodWorker.java:17)
at java.base/java.util.concurrent.FutureTask.run(FutureTask.java:264)
at java.base/java.util.concurrent.Executors$RunnableAdapter.call(Executors.java:539)
at java.base/java.util.concurrent.FutureTask.run(FutureTask.java:264)
at java.base/java.util.concurrent.ThreadPoolExecutor.runWorker(ThreadPoolExecutor.java:1136)
at java.base/java.util.concurrent.ThreadPoolExecutor$Worker.run(ThreadPoolExecutor.java:635)
at java.base/java.lang.Thread.run(Thread.java:842)
]]>
    </failure>
  </testcase> <!-- comparePortfolioPlanner -->
  <testcase classname="com.vr.portfolioplanner.test.ApiComparisonTest" name="comparePortfolioPlanner" time="4.142">
    <failure type="java.lang.AssertionError" message="
TC_05270 — FAILED with 2 mismatch(es):
  [MISSING_FIELD            ] funds_data.data[plan_id=16897]
      api1: 16897
      api2: (not found)
      planId: 16897
      fund1:  Aditya Birla SL Balanced Advantage Direct-G
      fund2:  NOT FOUND
      note:   Fund plan_id=&amp;apos;16897&amp;apos; present in API-1 but missing in API-2
  [EXTRA_FIELD              ] funds_data.data[plan_id=38387]
      api1: (not found)
      api2: 38387
      planId: 38387
      fund1:  NOT FOUND
      fund2:  Mirae Asset Equity Savings Direct-G
      note:   Fund plan_id=&amp;apos;38387&amp;apos; present in API-2 but missing in API-1 expected [true] but found [false]">
      <![CDATA[java.lang.AssertionError: 
TC_05270 — FAILED with 2 mismatch(es):
  [MISSING_FIELD            ] funds_data.data[plan_id=16897]
      api1: 16897
      api2: (not found)
      planId: 16897
      fund1:  Aditya Birla SL Balanced Advantage Direct-G
      fund2:  NOT FOUND
      note:   Fund plan_id='16897' present in API-1 but missing in API-2
  [EXTRA_FIELD              ] funds_data.data[plan_id=38387]
      api1: (not found)
      api2: 38387
      planId: 38387
      fund1:  NOT FOUND
      fund2:  Mirae Asset Equity Savings Direct-G
      note:   Fund plan_id='38387' present in API-2 but missing in API-1 expected [true] but found [false]
at org.testng.Assert.fail(Assert.java:111)
at org.testng.Assert.failNotEquals(Assert.java:1578)
at org.testng.Assert.assertTrue(Assert.java:57)
at com.vr.portfolioplanner.test.ApiComparisonTest.comparePortfolioPlanner(ApiComparisonTest.java:240)
at jdk.internal.reflect.GeneratedMethodAccessor135.invoke(Unknown Source)
at java.base/jdk.internal.reflect.DelegatingMethodAccessorImpl.invoke(DelegatingMethodAccessorImpl.java:43)
at java.base/java.lang.reflect.Method.invoke(Method.java:568)
at org.testng.internal.invokers.MethodInvocationHelper.invokeMethod(MethodInvocationHelper.java:139)
at org.testng.internal.invokers.TestInvoker.invokeMethod(TestInvoker.java:664)
at org.testng.internal.invokers.TestInvoker.invokeTestMethod(TestInvoker.java:227)
at org.testng.internal.invokers.TestMethodWithDataProviderMethodWorker.call(TestMethodWithDataProviderMethodWorker.java:80)
at org.testng.internal.invokers.TestMethodWithDataProviderMethodWorker.call(TestMethodWithDataProviderMethodWorker.java:17)
at java.base/java.util.concurrent.FutureTask.run(FutureTask.java:264)
at java.base/java.util.concurrent.Executors$RunnableAdapter.call(Executors.java:539)
at java.base/java.util.concurrent.FutureTask.run(FutureTask.java:264)
at java.base/java.util.concurrent.ThreadPoolExecutor.runWorker(ThreadPoolExecutor.java:1136)
at java.base/java.util.concurrent.ThreadPoolExecutor$Worker.run(ThreadPoolExecutor.java:635)
at java.base/java.lang.Thread.run(Thread.java:842)
]]>
    </failure>
  </testcase> <!-- comparePortfolioPlanner -->
  <testcase classname="com.vr.portfolioplanner.test.ApiComparisonTest" name="comparePortfolioPlanner" time="1.738">
    <failure type="java.lang.AssertionError" message="
TC_05283 — FAILED with 1 mismatch(es):
  [BUSINESS_VALUE_MISMATCH  ] funds_data.data[plan_id=19701].investment_amount
      api1: 18300
      api2: 18158.333333333336
      planId: 19701
      fund1:  Parag Parikh Flexi Cap Direct-G
      fund2:  Parag Parikh Flexi Cap Direct-G
      diff:   141.666666666664
      note:   Values differ by 141.666666666664 (tolerance: 100.0) expected [true] but found [false]">
      <![CDATA[java.lang.AssertionError: 
TC_05283 — FAILED with 1 mismatch(es):
  [BUSINESS_VALUE_MISMATCH  ] funds_data.data[plan_id=19701].investment_amount
      api1: 18300
      api2: 18158.333333333336
      planId: 19701
      fund1:  Parag Parikh Flexi Cap Direct-G
      fund2:  Parag Parikh Flexi Cap Direct-G
      diff:   141.666666666664
      note:   Values differ by 141.666666666664 (tolerance: 100.0) expected [true] but found [false]
at org.testng.Assert.fail(Assert.java:111)
at org.testng.Assert.failNotEquals(Assert.java:1578)
at org.testng.Assert.assertTrue(Assert.java:57)
at com.vr.portfolioplanner.test.ApiComparisonTest.comparePortfolioPlanner(ApiComparisonTest.java:240)
at jdk.internal.reflect.GeneratedMethodAccessor135.invoke(Unknown Source)
at java.base/jdk.internal.reflect.DelegatingMethodAccessorImpl.invoke(DelegatingMethodAccessorImpl.java:43)
at java.base/java.lang.reflect.Method.invoke(Method.java:568)
at org.testng.internal.invokers.MethodInvocationHelper.invokeMethod(MethodInvocationHelper.java:139)
at org.testng.internal.invokers.TestInvoker.invokeMethod(TestInvoker.java:664)
at org.testng.internal.invokers.TestInvoker.invokeTestMethod(TestInvoker.java:227)
at org.testng.internal.invokers.TestMethodWithDataProviderMethodWorker.call(TestMethodWithDataProviderMethodWorker.java:80)
at org.testng.internal.invokers.TestMethodWithDataProviderMethodWorker.call(TestMethodWithDataProviderMethodWorker.java:17)
at java.base/java.util.concurrent.FutureTask.run(FutureTask.java:264)
at java.base/java.util.concurrent.Executors$RunnableAdapter.call(Executors.java:539)
at java.base/java.util.concurrent.FutureTask.run(FutureTask.java:264)
at java.base/java.util.concurrent.ThreadPoolExecutor.runWorker(ThreadPoolExecutor.java:1136)
at java.base/java.util.concurrent.ThreadPoolExecutor$Worker.run(ThreadPoolExecutor.java:635)
at java.base/java.lang.Thread.run(Thread.java:842)
]]>
    </failure>
  </testcase> <!-- comparePortfolioPlanner -->
  <testcase classname="com.vr.portfolioplanner.test.ApiComparisonTest" name="comparePortfolioPlanner" time="2.135">
    <failure type="java.lang.AssertionError" message="
TC_05288 — FAILED with 1 mismatch(es):
  [BUSINESS_VALUE_MISMATCH  ] funds_data.data[plan_id=19701].investment_amount
      api1: 58400
      api2: 58266.66666666667
      planId: 19701
      fund1:  Parag Parikh Flexi Cap Direct-G
      fund2:  Parag Parikh Flexi Cap Direct-G
      diff:   133.33333333333
      note:   Values differ by 133.33333333333 (tolerance: 100.0) expected [true] but found [false]">
      <![CDATA[java.lang.AssertionError: 
TC_05288 — FAILED with 1 mismatch(es):
  [BUSINESS_VALUE_MISMATCH  ] funds_data.data[plan_id=19701].investment_amount
      api1: 58400
      api2: 58266.66666666667
      planId: 19701
      fund1:  Parag Parikh Flexi Cap Direct-G
      fund2:  Parag Parikh Flexi Cap Direct-G
      diff:   133.33333333333
      note:   Values differ by 133.33333333333 (tolerance: 100.0) expected [true] but found [false]
at org.testng.Assert.fail(Assert.java:111)
at org.testng.Assert.failNotEquals(Assert.java:1578)
at org.testng.Assert.assertTrue(Assert.java:57)
at com.vr.portfolioplanner.test.ApiComparisonTest.comparePortfolioPlanner(ApiComparisonTest.java:240)
at jdk.internal.reflect.GeneratedMethodAccessor135.invoke(Unknown Source)
at java.base/jdk.internal.reflect.DelegatingMethodAccessorImpl.invoke(DelegatingMethodAccessorImpl.java:43)
at java.base/java.lang.reflect.Method.invoke(Method.java:568)
at org.testng.internal.invokers.MethodInvocationHelper.invokeMethod(MethodInvocationHelper.java:139)
at org.testng.internal.invokers.TestInvoker.invokeMethod(TestInvoker.java:664)
at org.testng.internal.invokers.TestInvoker.invokeTestMethod(TestInvoker.java:227)
at org.testng.internal.invokers.TestMethodWithDataProviderMethodWorker.call(TestMethodWithDataProviderMethodWorker.java:80)
at org.testng.internal.invokers.TestMethodWithDataProviderMethodWorker.call(TestMethodWithDataProviderMethodWorker.java:17)
at java.base/java.util.concurrent.FutureTask.run(FutureTask.java:264)
at java.base/java.util.concurrent.Executors$RunnableAdapter.call(Executors.java:539)
at java.base/java.util.concurrent.FutureTask.run(FutureTask.java:264)
at java.base/java.util.concurrent.ThreadPoolExecutor.runWorker(ThreadPoolExecutor.java:1136)
at java.base/java.util.concurrent.ThreadPoolExecutor$Worker.run(ThreadPoolExecutor.java:635)
at java.base/java.lang.Thread.run(Thread.java:842)
]]>
    </failure>
  </testcase> <!-- comparePortfolioPlanner -->
  <testcase classname="com.vr.portfolioplanner.test.ApiComparisonTest" name="comparePortfolioPlanner" time="2.036">
    <failure type="java.lang.AssertionError" message="
TC_05289 — FAILED with 2 mismatch(es):
  [BUSINESS_VALUE_MISMATCH  ] funds_data.data[plan_id=15866].investment_amount
      api1: 3049999
      api2: 3049801
      planId: 15866
      fund1:  ICICI Pru Short Term Direct-G
      fund2:  ICICI Pru Short Term Direct-G
      diff:   198
      note:   Values differ by 198 (tolerance: 100.0)
  [BUSINESS_VALUE_MISMATCH  ] funds_data.data[plan_id=19701].investment_amount
      api1: 73000
      api2: 72833.33333333334
      planId: 19701
      fund1:  Parag Parikh Flexi Cap Direct-G
      fund2:  Parag Parikh Flexi Cap Direct-G
      diff:   166.66666666666
      note:   Values differ by 166.66666666666 (tolerance: 100.0) expected [true] but found [false]">
      <![CDATA[java.lang.AssertionError: 
TC_05289 — FAILED with 2 mismatch(es):
  [BUSINESS_VALUE_MISMATCH  ] funds_data.data[plan_id=15866].investment_amount
      api1: 3049999
      api2: 3049801
      planId: 15866
      fund1:  ICICI Pru Short Term Direct-G
      fund2:  ICICI Pru Short Term Direct-G
      diff:   198
      note:   Values differ by 198 (tolerance: 100.0)
  [BUSINESS_VALUE_MISMATCH  ] funds_data.data[plan_id=19701].investment_amount
      api1: 73000
      api2: 72833.33333333334
      planId: 19701
      fund1:  Parag Parikh Flexi Cap Direct-G
      fund2:  Parag Parikh Flexi Cap Direct-G
      diff:   166.66666666666
      note:   Values differ by 166.66666666666 (tolerance: 100.0) expected [true] but found [false]
at org.testng.Assert.fail(Assert.java:111)
at org.testng.Assert.failNotEquals(Assert.java:1578)
at org.testng.Assert.assertTrue(Assert.java:57)
at com.vr.portfolioplanner.test.ApiComparisonTest.comparePortfolioPlanner(ApiComparisonTest.java:240)
at jdk.internal.reflect.GeneratedMethodAccessor135.invoke(Unknown Source)
at java.base/jdk.internal.reflect.DelegatingMethodAccessorImpl.invoke(DelegatingMethodAccessorImpl.java:43)
at java.base/java.lang.reflect.Method.invoke(Method.java:568)
at org.testng.internal.invokers.MethodInvocationHelper.invokeMethod(MethodInvocationHelper.java:139)
at org.testng.internal.invokers.TestInvoker.invokeMethod(TestInvoker.java:664)
at org.testng.internal.invokers.TestInvoker.invokeTestMethod(TestInvoker.java:227)
at org.testng.internal.invokers.TestMethodWithDataProviderMethodWorker.call(TestMethodWithDataProviderMethodWorker.java:80)
at org.testng.internal.invokers.TestMethodWithDataProviderMethodWorker.call(TestMethodWithDataProviderMethodWorker.java:17)
at java.base/java.util.concurrent.FutureTask.run(FutureTask.java:264)
at java.base/java.util.concurrent.Executors$RunnableAdapter.call(Executors.java:539)
at java.base/java.util.concurrent.FutureTask.run(FutureTask.java:264)
at java.base/java.util.concurrent.ThreadPoolExecutor.runWorker(ThreadPoolExecutor.java:1136)
at java.base/java.util.concurrent.ThreadPoolExecutor$Worker.run(ThreadPoolExecutor.java:635)
at java.base/java.lang.Thread.run(Thread.java:842)
]]>
    </failure>
  </testcase> <!-- comparePortfolioPlanner -->
  <testcase classname="com.vr.portfolioplanner.test.ApiComparisonTest" name="comparePortfolioPlanner" time="1.657">
    <failure type="java.lang.AssertionError" message="
TC_05294 — FAILED with 2 mismatch(es):
  [BUSINESS_VALUE_MISMATCH  ] funds_data.data[plan_id=15866].investment_amount
      api1: 6099999
      api2: 6099801
      planId: 15866
      fund1:  ICICI Pru Short Term Direct-G
      fund2:  ICICI Pru Short Term Direct-G
      diff:   198
      note:   Values differ by 198 (tolerance: 100.0)
  [BUSINESS_VALUE_MISMATCH  ] funds_data.data[plan_id=19701].investment_amount
      api1: 145900
      api2: 145766.6666666667
      planId: 19701
      fund1:  Parag Parikh Flexi Cap Direct-G
      fund2:  Parag Parikh Flexi Cap Direct-G
      diff:   133.3333333333
      note:   Values differ by 133.3333333333 (tolerance: 100.0) expected [true] but found [false]">
      <![CDATA[java.lang.AssertionError: 
TC_05294 — FAILED with 2 mismatch(es):
  [BUSINESS_VALUE_MISMATCH  ] funds_data.data[plan_id=15866].investment_amount
      api1: 6099999
      api2: 6099801
      planId: 15866
      fund1:  ICICI Pru Short Term Direct-G
      fund2:  ICICI Pru Short Term Direct-G
      diff:   198
      note:   Values differ by 198 (tolerance: 100.0)
  [BUSINESS_VALUE_MISMATCH  ] funds_data.data[plan_id=19701].investment_amount
      api1: 145900
      api2: 145766.6666666667
      planId: 19701
      fund1:  Parag Parikh Flexi Cap Direct-G
      fund2:  Parag Parikh Flexi Cap Direct-G
      diff:   133.3333333333
      note:   Values differ by 133.3333333333 (tolerance: 100.0) expected [true] but found [false]
at org.testng.Assert.fail(Assert.java:111)
at org.testng.Assert.failNotEquals(Assert.java:1578)
at org.testng.Assert.assertTrue(Assert.java:57)
at com.vr.portfolioplanner.test.ApiComparisonTest.comparePortfolioPlanner(ApiComparisonTest.java:240)
at jdk.internal.reflect.GeneratedMethodAccessor135.invoke(Unknown Source)
at java.base/jdk.internal.reflect.DelegatingMethodAccessorImpl.invoke(DelegatingMethodAccessorImpl.java:43)
at java.base/java.lang.reflect.Method.invoke(Method.java:568)
at org.testng.internal.invokers.MethodInvocationHelper.invokeMethod(MethodInvocationHelper.java:139)
at org.testng.internal.invokers.TestInvoker.invokeMethod(TestInvoker.java:664)
at org.testng.internal.invokers.TestInvoker.invokeTestMethod(TestInvoker.java:227)
at org.testng.internal.invokers.TestMethodWithDataProviderMethodWorker.call(TestMethodWithDataProviderMethodWorker.java:80)
at org.testng.internal.invokers.TestMethodWithDataProviderMethodWorker.call(TestMethodWithDataProviderMethodWorker.java:17)
at java.base/java.util.concurrent.FutureTask.run(FutureTask.java:264)
at java.base/java.util.concurrent.Executors$RunnableAdapter.call(Executors.java:539)
at java.base/java.util.concurrent.FutureTask.run(FutureTask.java:264)
at java.base/java.util.concurrent.ThreadPoolExecutor.runWorker(ThreadPoolExecutor.java:1136)
at java.base/java.util.concurrent.ThreadPoolExecutor$Worker.run(ThreadPoolExecutor.java:635)
at java.base/java.lang.Thread.run(Thread.java:842)
]]>
    </failure>
  </testcase> <!-- comparePortfolioPlanner -->
  <testcase classname="com.vr.portfolioplanner.test.ApiComparisonTest" name="comparePortfolioPlanner" time="1.672">
    <failure type="java.lang.AssertionError" message="
TC_05300 — FAILED with 1 mismatch(es):
  [BUSINESS_VALUE_MISMATCH  ] funds_data.data[plan_id=19701].investment_amount
      api1: 3700
      api2: 3591.666666666667
      planId: 19701
      fund1:  Parag Parikh Flexi Cap Direct-G
      fund2:  Parag Parikh Flexi Cap Direct-G
      diff:   108.333333333333
      note:   Values differ by 108.333333333333 (tolerance: 100.0) expected [true] but found [false]">
      <![CDATA[java.lang.AssertionError: 
TC_05300 — FAILED with 1 mismatch(es):
  [BUSINESS_VALUE_MISMATCH  ] funds_data.data[plan_id=19701].investment_amount
      api1: 3700
      api2: 3591.666666666667
      planId: 19701
      fund1:  Parag Parikh Flexi Cap Direct-G
      fund2:  Parag Parikh Flexi Cap Direct-G
      diff:   108.333333333333
      note:   Values differ by 108.333333333333 (tolerance: 100.0) expected [true] but found [false]
at org.testng.Assert.fail(Assert.java:111)
at org.testng.Assert.failNotEquals(Assert.java:1578)
at org.testng.Assert.assertTrue(Assert.java:57)
at com.vr.portfolioplanner.test.ApiComparisonTest.comparePortfolioPlanner(ApiComparisonTest.java:240)
at jdk.internal.reflect.GeneratedMethodAccessor135.invoke(Unknown Source)
at java.base/jdk.internal.reflect.DelegatingMethodAccessorImpl.invoke(DelegatingMethodAccessorImpl.java:43)
at java.base/java.lang.reflect.Method.invoke(Method.java:568)
at org.testng.internal.invokers.MethodInvocationHelper.invokeMethod(MethodInvocationHelper.java:139)
at org.testng.internal.invokers.TestInvoker.invokeMethod(TestInvoker.java:664)
at org.testng.internal.invokers.TestInvoker.invokeTestMethod(TestInvoker.java:227)
at org.testng.internal.invokers.TestMethodWithDataProviderMethodWorker.call(TestMethodWithDataProviderMethodWorker.java:80)
at org.testng.internal.invokers.TestMethodWithDataProviderMethodWorker.call(TestMethodWithDataProviderMethodWorker.java:17)
at java.base/java.util.concurrent.FutureTask.run(FutureTask.java:264)
at java.base/java.util.concurrent.Executors$RunnableAdapter.call(Executors.java:539)
at java.base/java.util.concurrent.FutureTask.run(FutureTask.java:264)
at java.base/java.util.concurrent.ThreadPoolExecutor.runWorker(ThreadPoolExecutor.java:1136)
at java.base/java.util.concurrent.ThreadPoolExecutor$Worker.run(ThreadPoolExecutor.java:635)
at java.base/java.lang.Thread.run(Thread.java:842)
]]>
    </failure>
  </testcase> <!-- comparePortfolioPlanner -->
  <testcase classname="com.vr.portfolioplanner.test.ApiComparisonTest" name="comparePortfolioPlanner" time="1.989">
    <failure type="java.lang.AssertionError" message="
TC_05303 — FAILED with 1 mismatch(es):
  [BUSINESS_VALUE_MISMATCH  ] funds_data.data[plan_id=19701].investment_amount
      api1: 11000
      api2: 10875
      planId: 19701
      fund1:  Parag Parikh Flexi Cap Direct-G
      fund2:  Parag Parikh Flexi Cap Direct-G
      diff:   125
      note:   Values differ by 125 (tolerance: 100.0) expected [true] but found [false]">
      <![CDATA[java.lang.AssertionError: 
TC_05303 — FAILED with 1 mismatch(es):
  [BUSINESS_VALUE_MISMATCH  ] funds_data.data[plan_id=19701].investment_amount
      api1: 11000
      api2: 10875
      planId: 19701
      fund1:  Parag Parikh Flexi Cap Direct-G
      fund2:  Parag Parikh Flexi Cap Direct-G
      diff:   125
      note:   Values differ by 125 (tolerance: 100.0) expected [true] but found [false]
at org.testng.Assert.fail(Assert.java:111)
at org.testng.Assert.failNotEquals(Assert.java:1578)
at org.testng.Assert.assertTrue(Assert.java:57)
at com.vr.portfolioplanner.test.ApiComparisonTest.comparePortfolioPlanner(ApiComparisonTest.java:240)
at jdk.internal.reflect.GeneratedMethodAccessor135.invoke(Unknown Source)
at java.base/jdk.internal.reflect.DelegatingMethodAccessorImpl.invoke(DelegatingMethodAccessorImpl.java:43)
at java.base/java.lang.reflect.Method.invoke(Method.java:568)
at org.testng.internal.invokers.MethodInvocationHelper.invokeMethod(MethodInvocationHelper.java:139)
at org.testng.internal.invokers.TestInvoker.invokeMethod(TestInvoker.java:664)
at org.testng.internal.invokers.TestInvoker.invokeTestMethod(TestInvoker.java:227)
at org.testng.internal.invokers.TestMethodWithDataProviderMethodWorker.call(TestMethodWithDataProviderMethodWorker.java:80)
at org.testng.internal.invokers.TestMethodWithDataProviderMethodWorker.call(TestMethodWithDataProviderMethodWorker.java:17)
at java.base/java.util.concurrent.FutureTask.run(FutureTask.java:264)
at java.base/java.util.concurrent.Executors$RunnableAdapter.call(Executors.java:539)
at java.base/java.util.concurrent.FutureTask.run(FutureTask.java:264)
at java.base/java.util.concurrent.ThreadPoolExecutor.runWorker(ThreadPoolExecutor.java:1136)
at java.base/java.util.concurrent.ThreadPoolExecutor$Worker.run(ThreadPoolExecutor.java:635)
at java.base/java.lang.Thread.run(Thread.java:842)
]]>
    </failure>
  </testcase> <!-- comparePortfolioPlanner -->
  <testcase classname="com.vr.portfolioplanner.test.ApiComparisonTest" name="comparePortfolioPlanner" time="2.056">
    <failure type="java.lang.AssertionError" message="
TC_05304 — FAILED with 1 mismatch(es):
  [BUSINESS_VALUE_MISMATCH  ] funds_data.data[plan_id=15866].investment_amount
      api1: 609999
      api2: 609801
      planId: 15866
      fund1:  ICICI Pru Short Term Direct-G
      fund2:  ICICI Pru Short Term Direct-G
      diff:   198
      note:   Values differ by 198 (tolerance: 100.0) expected [true] but found [false]">
      <![CDATA[java.lang.AssertionError: 
TC_05304 — FAILED with 1 mismatch(es):
  [BUSINESS_VALUE_MISMATCH  ] funds_data.data[plan_id=15866].investment_amount
      api1: 609999
      api2: 609801
      planId: 15866
      fund1:  ICICI Pru Short Term Direct-G
      fund2:  ICICI Pru Short Term Direct-G
      diff:   198
      note:   Values differ by 198 (tolerance: 100.0) expected [true] but found [false]
at org.testng.Assert.fail(Assert.java:111)
at org.testng.Assert.failNotEquals(Assert.java:1578)
at org.testng.Assert.assertTrue(Assert.java:57)
at com.vr.portfolioplanner.test.ApiComparisonTest.comparePortfolioPlanner(ApiComparisonTest.java:240)
at jdk.internal.reflect.GeneratedMethodAccessor135.invoke(Unknown Source)
at java.base/jdk.internal.reflect.DelegatingMethodAccessorImpl.invoke(DelegatingMethodAccessorImpl.java:43)
at java.base/java.lang.reflect.Method.invoke(Method.java:568)
at org.testng.internal.invokers.MethodInvocationHelper.invokeMethod(MethodInvocationHelper.java:139)
at org.testng.internal.invokers.TestInvoker.invokeMethod(TestInvoker.java:664)
at org.testng.internal.invokers.TestInvoker.invokeTestMethod(TestInvoker.java:227)
at org.testng.internal.invokers.TestMethodWithDataProviderMethodWorker.call(TestMethodWithDataProviderMethodWorker.java:80)
at org.testng.internal.invokers.TestMethodWithDataProviderMethodWorker.call(TestMethodWithDataProviderMethodWorker.java:17)
at java.base/java.util.concurrent.FutureTask.run(FutureTask.java:264)
at java.base/java.util.concurrent.Executors$RunnableAdapter.call(Executors.java:539)
at java.base/java.util.concurrent.FutureTask.run(FutureTask.java:264)
at java.base/java.util.concurrent.ThreadPoolExecutor.runWorker(ThreadPoolExecutor.java:1136)
at java.base/java.util.concurrent.ThreadPoolExecutor$Worker.run(ThreadPoolExecutor.java:635)
at java.base/java.lang.Thread.run(Thread.java:842)
]]>
    </failure>
  </testcase> <!-- comparePortfolioPlanner -->
  <testcase classname="com.vr.portfolioplanner.test.ApiComparisonTest" name="comparePortfolioPlanner" time="1.995">
    <failure type="java.lang.AssertionError" message="
TC_05309 — FAILED with 1 mismatch(es):
  [BUSINESS_VALUE_MISMATCH  ] funds_data.data[plan_id=15866].investment_amount
      api1: 1829999
      api2: 1829801
      planId: 15866
      fund1:  ICICI Pru Short Term Direct-G
      fund2:  ICICI Pru Short Term Direct-G
      diff:   198
      note:   Values differ by 198 (tolerance: 100.0) expected [true] but found [false]">
      <![CDATA[java.lang.AssertionError: 
TC_05309 — FAILED with 1 mismatch(es):
  [BUSINESS_VALUE_MISMATCH  ] funds_data.data[plan_id=15866].investment_amount
      api1: 1829999
      api2: 1829801
      planId: 15866
      fund1:  ICICI Pru Short Term Direct-G
      fund2:  ICICI Pru Short Term Direct-G
      diff:   198
      note:   Values differ by 198 (tolerance: 100.0) expected [true] but found [false]
at org.testng.Assert.fail(Assert.java:111)
at org.testng.Assert.failNotEquals(Assert.java:1578)
at org.testng.Assert.assertTrue(Assert.java:57)
at com.vr.portfolioplanner.test.ApiComparisonTest.comparePortfolioPlanner(ApiComparisonTest.java:240)
at jdk.internal.reflect.GeneratedMethodAccessor135.invoke(Unknown Source)
at java.base/jdk.internal.reflect.DelegatingMethodAccessorImpl.invoke(DelegatingMethodAccessorImpl.java:43)
at java.base/java.lang.reflect.Method.invoke(Method.java:568)
at org.testng.internal.invokers.MethodInvocationHelper.invokeMethod(MethodInvocationHelper.java:139)
at org.testng.internal.invokers.TestInvoker.invokeMethod(TestInvoker.java:664)
at org.testng.internal.invokers.TestInvoker.invokeTestMethod(TestInvoker.java:227)
at org.testng.internal.invokers.TestMethodWithDataProviderMethodWorker.call(TestMethodWithDataProviderMethodWorker.java:80)
at org.testng.internal.invokers.TestMethodWithDataProviderMethodWorker.call(TestMethodWithDataProviderMethodWorker.java:17)
at java.base/java.util.concurrent.FutureTask.run(FutureTask.java:264)
at java.base/java.util.concurrent.Executors$RunnableAdapter.call(Executors.java:539)
at java.base/java.util.concurrent.FutureTask.run(FutureTask.java:264)
at java.base/java.util.concurrent.ThreadPoolExecutor.runWorker(ThreadPoolExecutor.java:1136)
at java.base/java.util.concurrent.ThreadPoolExecutor$Worker.run(ThreadPoolExecutor.java:635)
at java.base/java.lang.Thread.run(Thread.java:842)
]]>
    </failure>
  </testcase> <!-- comparePortfolioPlanner -->
  <testcase classname="com.vr.portfolioplanner.test.ApiComparisonTest" name="comparePortfolioPlanner" time="3.686"/>
  <testcase classname="com.vr.portfolioplanner.test.ApiComparisonTest" name="comparePortfolioPlanner" time="1.981">
    <failure type="java.lang.AssertionError" message="
TC_05310 — FAILED with 1 mismatch(es):
  [BUSINESS_VALUE_MISMATCH  ] funds_data.data[plan_id=19701].investment_amount
      api1: 58400
      api2: 58266.66666666667
      planId: 19701
      fund1:  Parag Parikh Flexi Cap Direct-G
      fund2:  Parag Parikh Flexi Cap Direct-G
      diff:   133.33333333333
      note:   Values differ by 133.33333333333 (tolerance: 100.0) expected [true] but found [false]">
      <![CDATA[java.lang.AssertionError: 
TC_05310 — FAILED with 1 mismatch(es):
  [BUSINESS_VALUE_MISMATCH  ] funds_data.data[plan_id=19701].investment_amount
      api1: 58400
      api2: 58266.66666666667
      planId: 19701
      fund1:  Parag Parikh Flexi Cap Direct-G
      fund2:  Parag Parikh Flexi Cap Direct-G
      diff:   133.33333333333
      note:   Values differ by 133.33333333333 (tolerance: 100.0) expected [true] but found [false]
at org.testng.Assert.fail(Assert.java:111)
at org.testng.Assert.failNotEquals(Assert.java:1578)
at org.testng.Assert.assertTrue(Assert.java:57)
at com.vr.portfolioplanner.test.ApiComparisonTest.comparePortfolioPlanner(ApiComparisonTest.java:240)
at jdk.internal.reflect.GeneratedMethodAccessor135.invoke(Unknown Source)
at java.base/jdk.internal.reflect.DelegatingMethodAccessorImpl.invoke(DelegatingMethodAccessorImpl.java:43)
at java.base/java.lang.reflect.Method.invoke(Method.java:568)
at org.testng.internal.invokers.MethodInvocationHelper.invokeMethod(MethodInvocationHelper.java:139)
at org.testng.internal.invokers.TestInvoker.invokeMethod(TestInvoker.java:664)
at org.testng.internal.invokers.TestInvoker.invokeTestMethod(TestInvoker.java:227)
at org.testng.internal.invokers.TestMethodWithDataProviderMethodWorker.call(TestMethodWithDataProviderMethodWorker.java:80)
at org.testng.internal.invokers.TestMethodWithDataProviderMethodWorker.call(TestMethodWithDataProviderMethodWorker.java:17)
at java.base/java.util.concurrent.FutureTask.run(FutureTask.java:264)
at java.base/java.util.concurrent.Executors$RunnableAdapter.call(Executors.java:539)
at java.base/java.util.concurrent.FutureTask.run(FutureTask.java:264)
at java.base/java.util.concurrent.ThreadPoolExecutor.runWorker(ThreadPoolExecutor.java:1136)
at java.base/java.util.concurrent.ThreadPoolExecutor$Worker.run(ThreadPoolExecutor.java:635)
at java.base/java.lang.Thread.run(Thread.java:842)
]]>
    </failure>
  </testcase> <!-- comparePortfolioPlanner -->
  <testcase classname="com.vr.portfolioplanner.test.ApiComparisonTest" name="comparePortfolioPlanner" time="2.084">
    <failure type="java.lang.AssertionError" message="
TC_05319 — FAILED with 1 mismatch(es):
  [BUSINESS_VALUE_MISMATCH  ] funds_data.data[plan_id=15866].investment_amount
      api1: 60999
      api2: 60801
      planId: 15866
      fund1:  ICICI Pru Short Term Direct-G
      fund2:  ICICI Pru Short Term Direct-G
      diff:   198
      note:   Values differ by 198 (tolerance: 100.0) expected [true] but found [false]">
      <![CDATA[java.lang.AssertionError: 
TC_05319 — FAILED with 1 mismatch(es):
  [BUSINESS_VALUE_MISMATCH  ] funds_data.data[plan_id=15866].investment_amount
      api1: 60999
      api2: 60801
      planId: 15866
      fund1:  ICICI Pru Short Term Direct-G
      fund2:  ICICI Pru Short Term Direct-G
      diff:   198
      note:   Values differ by 198 (tolerance: 100.0) expected [true] but found [false]
at org.testng.Assert.fail(Assert.java:111)
at org.testng.Assert.failNotEquals(Assert.java:1578)
at org.testng.Assert.assertTrue(Assert.java:57)
at com.vr.portfolioplanner.test.ApiComparisonTest.comparePortfolioPlanner(ApiComparisonTest.java:240)
at jdk.internal.reflect.GeneratedMethodAccessor135.invoke(Unknown Source)
at java.base/jdk.internal.reflect.DelegatingMethodAccessorImpl.invoke(DelegatingMethodAccessorImpl.java:43)
at java.base/java.lang.reflect.Method.invoke(Method.java:568)
at org.testng.internal.invokers.MethodInvocationHelper.invokeMethod(MethodInvocationHelper.java:139)
at org.testng.internal.invokers.TestInvoker.invokeMethod(TestInvoker.java:664)
at org.testng.internal.invokers.TestInvoker.invokeTestMethod(TestInvoker.java:227)
at org.testng.internal.invokers.TestMethodWithDataProviderMethodWorker.call(TestMethodWithDataProviderMethodWorker.java:80)
at org.testng.internal.invokers.TestMethodWithDataProviderMethodWorker.call(TestMethodWithDataProviderMethodWorker.java:17)
at java.base/java.util.concurrent.FutureTask.run(FutureTask.java:264)
at java.base/java.util.concurrent.Executors$RunnableAdapter.call(Executors.java:539)
at java.base/java.util.concurrent.FutureTask.run(FutureTask.java:264)
at java.base/java.util.concurrent.ThreadPoolExecutor.runWorker(ThreadPoolExecutor.java:1136)
at java.base/java.util.concurrent.ThreadPoolExecutor$Worker.run(ThreadPoolExecutor.java:635)
at java.base/java.lang.Thread.run(Thread.java:842)
]]>
    </failure>
  </testcase> <!-- comparePortfolioPlanner -->
  <testcase classname="com.vr.portfolioplanner.test.ApiComparisonTest" name="comparePortfolioPlanner" time="2.605"/>
  <testcase classname="com.vr.portfolioplanner.test.ApiComparisonTest" name="comparePortfolioPlanner" time="2.266">
    <failure type="java.lang.AssertionError" message="
TC_05324 — FAILED with 1 mismatch(es):
  [BUSINESS_VALUE_MISMATCH  ] funds_data.data[plan_id=15866].investment_amount
      api1: 304999
      api2: 304801
      planId: 15866
      fund1:  ICICI Pru Short Term Direct-G
      fund2:  ICICI Pru Short Term Direct-G
      diff:   198
      note:   Values differ by 198 (tolerance: 100.0) expected [true] but found [false]">
      <![CDATA[java.lang.AssertionError: 
TC_05324 — FAILED with 1 mismatch(es):
  [BUSINESS_VALUE_MISMATCH  ] funds_data.data[plan_id=15866].investment_amount
      api1: 304999
      api2: 304801
      planId: 15866
      fund1:  ICICI Pru Short Term Direct-G
      fund2:  ICICI Pru Short Term Direct-G
      diff:   198
      note:   Values differ by 198 (tolerance: 100.0) expected [true] but found [false]
at org.testng.Assert.fail(Assert.java:111)
at org.testng.Assert.failNotEquals(Assert.java:1578)
at org.testng.Assert.assertTrue(Assert.java:57)
at com.vr.portfolioplanner.test.ApiComparisonTest.comparePortfolioPlanner(ApiComparisonTest.java:240)
at jdk.internal.reflect.GeneratedMethodAccessor135.invoke(Unknown Source)
at java.base/jdk.internal.reflect.DelegatingMethodAccessorImpl.invoke(DelegatingMethodAccessorImpl.java:43)
at java.base/java.lang.reflect.Method.invoke(Method.java:568)
at org.testng.internal.invokers.MethodInvocationHelper.invokeMethod(MethodInvocationHelper.java:139)
[...]
at org.testng.Assert.failNotEquals(Assert.java:1578)
at org.testng.Assert.assertTrue(Assert.java:57)
at com.vr.portfolioplanner.test.ApiComparisonTest.comparePortfolioPlanner(ApiComparisonTest.java:240)
at jdk.internal.reflect.GeneratedMethodAccessor135.invoke(Unknown Source)
at java.base/jdk.internal.reflect.DelegatingMethodAccessorImpl.invoke(DelegatingMethodAccessorImpl.java:43)
at java.base/java.lang.reflect.Method.invoke(Method.java:568)
at org.testng.internal.invokers.MethodInvocationHelper.invokeMethod(MethodInvocationHelper.java:139)
at org.testng.internal.invokers.TestInvoker.invokeMethod(TestInvoker.java:664)
at org.testng.internal.invokers.TestInvoker.invokeTestMethod(TestInvoker.java:227)
at org.testng.internal.invokers.TestMethodWithDataProviderMethodWorker.call(TestMethodWithDataProviderMethodWorker.java:80)
at org.testng.internal.invokers.TestMethodWithDataProviderMethodWorker.call(TestMethodWithDataProviderMethodWorker.java:17)
at java.base/java.util.concurrent.FutureTask.run(FutureTask.java:264)
at java.base/java.util.concurrent.Executors$RunnableAdapter.call(Executors.java:539)
at java.base/java.util.concurrent.FutureTask.run(FutureTask.java:264)
at java.base/java.util.concurrent.ThreadPoolExecutor.runWorker(ThreadPoolExecutor.java:1136)
at java.base/java.util.concurrent.ThreadPoolExecutor$Worker.run(ThreadPoolExecutor.java:635)
at java.base/java.lang.Thread.run(Thread.java:842)
]]>
    </failure>
  </testcase> <!-- comparePortfolioPlanner -->
  <testcase classname="com.vr.portfolioplanner.test.ApiComparisonTest" name="comparePortfolioPlanner" time="1.75">
    <failure type="java.lang.AssertionError" message="
TC_05970 — FAILED with 1 mismatch(es):
  [BUSINESS_VALUE_MISMATCH  ] funds_data.data[plan_id=19701].investment_amount
      api1: 58400
      api2: 58266.66666666667
      planId: 19701
      fund1:  Parag Parikh Flexi Cap Direct-G
      fund2:  Parag Parikh Flexi Cap Direct-G
      diff:   133.33333333333
      note:   Values differ by 133.33333333333 (tolerance: 100.0) expected [true] but found [false]">
      <![CDATA[java.lang.AssertionError: 
TC_05970 — FAILED with 1 mismatch(es):
  [BUSINESS_VALUE_MISMATCH  ] funds_data.data[plan_id=19701].investment_amount
      api1: 58400
      api2: 58266.66666666667
      planId: 19701
      fund1:  Parag Parikh Flexi Cap Direct-G
      fund2:  Parag Parikh Flexi Cap Direct-G
      diff:   133.33333333333
      note:   Values differ by 133.33333333333 (tolerance: 100.0) expected [true] but found [false]
at org.testng.Assert.fail(Assert.java:111)
at org.testng.Assert.failNotEquals(Assert.java:1578)
at org.testng.Assert.assertTrue(Assert.java:57)
at com.vr.portfolioplanner.test.ApiComparisonTest.comparePortfolioPlanner(ApiComparisonTest.java:240)
at jdk.internal.reflect.GeneratedMethodAccessor135.invoke(Unknown Source)
at java.base/jdk.internal.reflect.DelegatingMethodAccessorImpl.invoke(DelegatingMethodAccessorImpl.java:43)
at java.base/java.lang.reflect.Method.invoke(Method.java:568)
at org.testng.internal.invokers.MethodInvocationHelper.invokeMethod(MethodInvocationHelper.java:139)
at org.testng.internal.invokers.TestInvoker.invokeMethod(TestInvoker.java:664)
at org.testng.internal.invokers.TestInvoker.invokeTestMethod(TestInvoker.java:227)
at org.testng.internal.invokers.TestMethodWithDataProviderMethodWorker.call(TestMethodWithDataProviderMethodWorker.java:80)
at org.testng.internal.invokers.TestMethodWithDataProviderMethodWorker.call(TestMethodWithDataProviderMethodWorker.java:17)
at java.base/java.util.concurrent.FutureTask.run(FutureTask.java:264)
at java.base/java.util.concurrent.Executors$RunnableAdapter.call(Executors.java:539)
at java.base/java.util.concurrent.FutureTask.run(FutureTask.java:264)
at java.base/java.util.concurrent.ThreadPoolExecutor.runWorker(ThreadPoolExecutor.java:1136)
at java.base/java.util.concurrent.ThreadPoolExecutor$Worker.run(ThreadPoolExecutor.java:635)
at java.base/java.lang.Thread.run(Thread.java:842)
]]>
    </failure>
  </testcase> <!-- comparePortfolioPlanner -->
  <testcase classname="com.vr.portfolioplanner.test.ApiComparisonTest" name="comparePortfolioPlanner" time="1.596">
    <failure type="java.lang.AssertionError" message="
TC_05979 — FAILED with 1 mismatch(es):
  [BUSINESS_VALUE_MISMATCH  ] funds_data.data[plan_id=15866].investment_amount
      api1: 60999
      api2: 60801
      planId: 15866
      fund1:  ICICI Pru Short Term Direct-G
      fund2:  ICICI Pru Short Term Direct-G
      diff:   198
      note:   Values differ by 198 (tolerance: 100.0) expected [true] but found [false]">
      <![CDATA[java.lang.AssertionError: 
TC_05979 — FAILED with 1 mismatch(es):
  [BUSINESS_VALUE_MISMATCH  ] funds_data.data[plan_id=15866].investment_amount
      api1: 60999
      api2: 60801
      planId: 15866
      fund1:  ICICI Pru Short Term Direct-G
      fund2:  ICICI Pru Short Term Direct-G
      diff:   198
      note:   Values differ by 198 (tolerance: 100.0) expected [true] but found [false]
at org.testng.Assert.fail(Assert.java:111)
at org.testng.Assert.failNotEquals(Assert.java:1578)
at org.testng.Assert.assertTrue(Assert.java:57)
at com.vr.portfolioplanner.test.ApiComparisonTest.comparePortfolioPlanner(ApiComparisonTest.java:240)
at jdk.internal.reflect.GeneratedMethodAccessor135.invoke(Unknown Source)
at java.base/jdk.internal.reflect.DelegatingMethodAccessorImpl.invoke(DelegatingMethodAccessorImpl.java:43)
at java.base/java.lang.reflect.Method.invoke(Method.java:568)
at org.testng.internal.invokers.MethodInvocationHelper.invokeMethod(MethodInvocationHelper.java:139)
at org.testng.internal.invokers.TestInvoker.invokeMethod(TestInvoker.java:664)
at org.testng.internal.invokers.TestInvoker.invokeTestMethod(TestInvoker.java:227)
at org.testng.internal.invokers.TestMethodWithDataProviderMethodWorker.call(TestMethodWithDataProviderMethodWorker.java:80)
at org.testng.internal.invokers.TestMethodWithDataProviderMethodWorker.call(TestMethodWithDataProviderMethodWorker.java:17)
at java.base/java.util.concurrent.FutureTask.run(FutureTask.java:264)
at java.base/java.util.concurrent.Executors$RunnableAdapter.call(Executors.java:539)
at java.base/java.util.concurrent.FutureTask.run(FutureTask.java:264)
at java.base/java.util.concurrent.ThreadPoolExecutor.runWorker(ThreadPoolExecutor.java:1136)
at java.base/java.util.concurrent.ThreadPoolExecutor$Worker.run(ThreadPoolExecutor.java:635)
at java.base/java.lang.Thread.run(Thread.java:842)
]]>
    </failure>
  </testcase> <!-- comparePortfolioPlanner -->
  <testcase classname="com.vr.portfolioplanner.test.ApiComparisonTest" name="comparePortfolioPlanner" time="2.238"/>
  <testcase classname="com.vr.portfolioplanner.test.ApiComparisonTest" name="comparePortfolioPlanner" time="1.42">
    <failure type="java.lang.AssertionError" message="
TC_05984 — FAILED with 1 mismatch(es):
  [BUSINESS_VALUE_MISMATCH  ] funds_data.data[plan_id=15866].investment_amount
      api1: 304999
      api2: 304801
      planId: 15866
      fund1:  ICICI Pru Short Term Direct-G
      fund2:  ICICI Pru Short Term Direct-G
      diff:   198
      note:   Values differ by 198 (tolerance: 100.0) expected [true] but found [false]">
      <![CDATA[java.lang.AssertionError: 
TC_05984 — FAILED with 1 mismatch(es):
  [BUSINESS_VALUE_MISMATCH  ] funds_data.data[plan_id=15866].investment_amount
      api1: 304999
      api2: 304801
      planId: 15866
      fund1:  ICICI Pru Short Term Direct-G
      fund2:  ICICI Pru Short Term Direct-G
      diff:   198
      note:   Values differ by 198 (tolerance: 100.0) expected [true] but found [false]
at org.testng.Assert.fail(Assert.java:111)
at org.testng.Assert.failNotEquals(Assert.java:1578)
at org.testng.Assert.assertTrue(Assert.java:57)
at com.vr.portfolioplanner.test.ApiComparisonTest.comparePortfolioPlanner(ApiComparisonTest.java:240)
at jdk.internal.reflect.GeneratedMethodAccessor135.invoke(Unknown Source)
at java.base/jdk.internal.reflect.DelegatingMethodAccessorImpl.invoke(DelegatingMethodAccessorImpl.java:43)
at java.base/java.lang.reflect.Method.invoke(Method.java:568)
at org.testng.internal.invokers.MethodInvocationHelper.invokeMethod(MethodInvocationHelper.java:139)
at org.testng.internal.invokers.TestInvoker.invokeMethod(TestInvoker.java:664)
at org.testng.internal.invokers.TestInvoker.invokeTestMethod(TestInvoker.java:227)
at org.testng.internal.invokers.TestMethodWithDataProviderMethodWorker.call(TestMethodWithDataProviderMethodWorker.java:80)
at org.testng.internal.invokers.TestMethodWithDataProviderMethodWorker.call(TestMethodWithDataProviderMethodWorker.java:17)
at java.base/java.util.concurrent.FutureTask.run(FutureTask.java:264)
at java.base/java.util.concurrent.Executors$RunnableAdapter.call(Executors.java:539)
at java.base/java.util.concurrent.FutureTask.run(FutureTask.java:264)
at java.base/java.util.concurrent.ThreadPoolExecutor.runWorker(ThreadPoolExecutor.java:1136)
at java.base/java.util.concurrent.ThreadPoolExecutor$Worker.run(ThreadPoolExecutor.java:635)
at java.base/java.lang.Thread.run(Thread.java:842)
]]>
    </failure>
  </testcase> <!-- comparePortfolioPlanner -->
  <testcase classname="com.vr.portfolioplanner.test.ApiComparisonTest" name="comparePortfolioPlanner" time="1.533">
    <failure type="java.lang.AssertionError" message="
TC_05985 — FAILED with 1 mismatch(es):
  [BUSINESS_VALUE_MISMATCH  ] funds_data.data[plan_id=19701].investment_amount
      api1: 11000
      api2: 10875
      planId: 19701
      fund1:  Parag Parikh Flexi Cap Direct-G
      fund2:  Parag Parikh Flexi Cap Direct-G
      diff:   125
      note:   Values differ by 125 (tolerance: 100.0) expected [true] but found [false]">
      <![CDATA[java.lang.AssertionError: 
TC_05985 — FAILED with 1 mismatch(es):
  [BUSINESS_VALUE_MISMATCH  ] funds_data.data[plan_id=19701].investment_amount
      api1: 11000
      api2: 10875
      planId: 19701
      fund1:  Parag Parikh Flexi Cap Direct-G
      fund2:  Parag Parikh Flexi Cap Direct-G
      diff:   125
      note:   Values differ by 125 (tolerance: 100.0) expected [true] but found [false]
at org.testng.Assert.fail(Assert.java:111)
at org.testng.Assert.failNotEquals(Assert.java:1578)
at org.testng.Assert.assertTrue(Assert.java:57)
at com.vr.portfolioplanner.test.ApiComparisonTest.comparePortfolioPlanner(ApiComparisonTest.java:240)
at jdk.internal.reflect.GeneratedMethodAccessor135.invoke(Unknown Source)
at java.base/jdk.internal.reflect.DelegatingMethodAccessorImpl.invoke(DelegatingMethodAccessorImpl.java:43)
at java.base/java.lang.reflect.Method.invoke(Method.java:568)
at org.testng.internal.invokers.MethodInvocationHelper.invokeMethod(MethodInvocationHelper.java:139)
at org.testng.internal.invokers.TestInvoker.invokeMethod(TestInvoker.java:664)
at org.testng.internal.invokers.TestInvoker.invokeTestMethod(TestInvoker.java:227)
at org.testng.internal.invokers.TestMethodWithDataProviderMethodWorker.call(TestMethodWithDataProviderMethodWorker.java:80)
at org.testng.internal.invokers.TestMethodWithDataProviderMethodWorker.call(TestMethodWithDataProviderMethodWorker.java:17)
at java.base/java.util.concurrent.FutureTask.run(FutureTask.java:264)
at java.base/java.util.concurrent.Executors$RunnableAdapter.call(Executors.java:539)
at java.base/java.util.concurrent.FutureTask.run(FutureTask.java:264)
at java.base/java.util.concurrent.ThreadPoolExecutor.runWorker(ThreadPoolExecutor.java:1136)
at java.base/java.util.concurrent.ThreadPoolExecutor$Worker.run(ThreadPoolExecutor.java:635)
at java.base/java.lang.Thread.run(Thread.java:842)
]]>
    </failure>
  </testcase> <!-- comparePortfolioPlanner -->
  <testcase classname="com.vr.portfolioplanner.test.ApiComparisonTest" name="comparePortfolioPlanner" time="1.537">
    <failure type="java.lang.AssertionError" message="
TC_05994 — FAILED with 1 mismatch(es):
  [BUSINESS_VALUE_MISMATCH  ] funds_data.data[plan_id=15866].investment_amount
      api1: 3659999
      api2: 3659801
      planId: 15866
      fund1:  ICICI Pru Short Term Direct-G
      fund2:  ICICI Pru Short Term Direct-G
      diff:   198
      note:   Values differ by 198 (tolerance: 100.0) expected [true] but found [false]">
      <![CDATA[java.lang.AssertionError: 
TC_05994 — FAILED with 1 mismatch(es):
  [BUSINESS_VALUE_MISMATCH  ] funds_data.data[plan_id=15866].investment_amount
      api1: 3659999
      api2: 3659801
      planId: 15866
      fund1:  ICICI Pru Short Term Direct-G
      fund2:  ICICI Pru Short Term Direct-G
      diff:   198
      note:   Values differ by 198 (tolerance: 100.0) expected [true] but found [false]
at org.testng.Assert.fail(Assert.java:111)
at org.testng.Assert.failNotEquals(Assert.java:1578)
at org.testng.Assert.assertTrue(Assert.java:57)
at com.vr.portfolioplanner.test.ApiComparisonTest.comparePortfolioPlanner(ApiComparisonTest.java:240)
at jdk.internal.reflect.GeneratedMethodAccessor135.invoke(Unknown Source)
at java.base/jdk.internal.reflect.DelegatingMethodAccessorImpl.invoke(DelegatingMethodAccessorImpl.java:43)
at java.base/java.lang.reflect.Method.invoke(Method.java:568)
at org.testng.internal.invokers.MethodInvocationHelper.invokeMethod(MethodInvocationHelper.java:139)
at org.testng.internal.invokers.TestInvoker.invokeMethod(TestInvoker.java:664)
at org.testng.internal.invokers.TestInvoker.invokeTestMethod(TestInvoker.java:227)
at org.testng.internal.invokers.TestMethodWithDataProviderMethodWorker.call(TestMethodWithDataProviderMethodWorker.java:80)
at org.testng.internal.invokers.TestMethodWithDataProviderMethodWorker.call(TestMethodWithDataProviderMethodWorker.java:17)
at java.base/java.util.concurrent.FutureTask.run(FutureTask.java:264)
at java.base/java.util.concurrent.Executors$RunnableAdapter.call(Executors.java:539)
at java.base/java.util.concurrent.FutureTask.run(FutureTask.java:264)
at java.base/java.util.concurrent.ThreadPoolExecutor.runWorker(ThreadPoolExecutor.java:1136)
at java.base/java.util.concurrent.ThreadPoolExecutor$Worker.run(ThreadPoolExecutor.java:635)
at java.base/java.lang.Thread.run(Thread.java:842)
]]>
    </failure>
  </testcase> <!-- comparePortfolioPlanner -->
  <testcase classname="com.vr.portfolioplanner.test.ApiComparisonTest" name="comparePortfolioPlanner" time="1.963">
    <failure type="java.lang.AssertionError" message="
TC_05993 — FAILED with 1 mismatch(es):
  [BUSINESS_VALUE_MISMATCH  ] funds_data.data[plan_id=19701].investment_amount
      api1: 73000
      api2: 72833.33333333334
      planId: 19701
      fund1:  Parag Parikh Flexi Cap Direct-G
      fund2:  Parag Parikh Flexi Cap Direct-G
      diff:   166.66666666666
      note:   Values differ by 166.66666666666 (tolerance: 100.0) expected [true] but found [false]">
      <![CDATA[java.lang.AssertionError: 
TC_05993 — FAILED with 1 mismatch(es):
  [BUSINESS_VALUE_MISMATCH  ] funds_data.data[plan_id=19701].investment_amount
      api1: 73000
      api2: 72833.33333333334
      planId: 19701
      fund1:  Parag Parikh Flexi Cap Direct-G
      fund2:  Parag Parikh Flexi Cap Direct-G
      diff:   166.66666666666
      note:   Values differ by 166.66666666666 (tolerance: 100.0) expected [true] but found [false]
at org.testng.Assert.fail(Assert.java:111)
at org.testng.Assert.failNotEquals(Assert.java:1578)
at org.testng.Assert.assertTrue(Assert.java:57)
at com.vr.portfolioplanner.test.ApiComparisonTest.comparePortfolioPlanner(ApiComparisonTest.java:240)
at jdk.internal.reflect.GeneratedMethodAccessor135.invoke(Unknown Source)
at java.base/jdk.internal.reflect.DelegatingMethodAccessorImpl.invoke(DelegatingMethodAccessorImpl.java:43)
at java.base/java.lang.reflect.Method.invoke(Method.java:568)
at org.testng.internal.invokers.MethodInvocationHelper.invokeMethod(MethodInvocationHelper.java:139)
at org.testng.internal.invokers.TestInvoker.invokeMethod(TestInvoker.java:664)
at org.testng.internal.invokers.TestInvoker.invokeTestMethod(TestInvoker.java:227)
at org.testng.internal.invokers.TestMethodWithDataProviderMethodWorker.call(TestMethodWithDataProviderMethodWorker.java:80)
at org.testng.internal.invokers.TestMethodWithDataProviderMethodWorker.call(TestMethodWithDataProviderMethodWorker.java:17)
at java.base/java.util.concurrent.FutureTask.run(FutureTask.java:264)
at java.base/java.util.concurrent.Executors$RunnableAdapter.call(Executors.java:539)
at java.base/java.util.concurrent.FutureTask.run(FutureTask.java:264)
at java.base/java.util.concurrent.ThreadPoolExecutor.runWorker(ThreadPoolExecutor.java:1136)
at java.base/java.util.concurrent.ThreadPoolExecutor$Worker.run(ThreadPoolExecutor.java:635)
at java.base/java.lang.Thread.run(Thread.java:842)
]]>
    </failure>
  </testcase> <!-- comparePortfolioPlanner -->
  <testcase classname="com.vr.portfolioplanner.test.ApiComparisonTest" name="comparePortfolioPlanner" time="2.533"/>
  <testcase classname="com.vr.portfolioplanner.test.ApiComparisonTest" name="comparePortfolioPlanner" time="2.664"/>
  <testcase classname="com.vr.portfolioplanner.test.ApiComparisonTest" name="comparePortfolioPlanner" time="39.944">
    <failure type="java.lang.AssertionError" message="
TC_05798 — FAILED with 2 mismatch(es):
  [MISSING_FIELD            ] funds_data.data[plan_id=16897]
      api1: 16897
      api2: (not found)
      planId: 16897
      fund1:  Aditya Birla SL Balanced Advantage Direct-G
      fund2:  NOT FOUND
      note:   Fund plan_id=&amp;apos;16897&amp;apos; present in API-1 but missing in API-2
  [EXTRA_FIELD              ] funds_data.data[plan_id=38387]
      api1: (not found)
      api2: 38387
      planId: 38387
      fund1:  NOT FOUND
      fund2:  Mirae Asset Equity Savings Direct-G
      note:   Fund plan_id=&amp;apos;38387&amp;apos; present in API-2 but missing in API-1 expected [true] but found [false]">
      <![CDATA[java.lang.AssertionError: 
TC_05798 — FAILED with 2 mismatch(es):
  [MISSING_FIELD            ] funds_data.data[plan_id=16897]
      api1: 16897
      api2: (not found)
      planId: 16897
      fund1:  Aditya Birla SL Balanced Advantage Direct-G
      fund2:  NOT FOUND
      note:   Fund plan_id='16897' present in API-1 but missing in API-2
  [EXTRA_FIELD              ] funds_data.data[plan_id=38387]
      api1: (not found)
      api2: 38387
      planId: 38387
      fund1:  NOT FOUND
      fund2:  Mirae Asset Equity Savings Direct-G
      note:   Fund plan_id='38387' present in API-2 but missing in API-1 expected [true] but found [false]
at org.testng.Assert.fail(Assert.java:111)
at org.testng.Assert.failNotEquals(Assert.java:1578)
at org.testng.Assert.assertTrue(Assert.java:57)
at com.vr.portfolioplanner.test.ApiComparisonTest.comparePortfolioPlanner(ApiComparisonTest.java:240)
at jdk.internal.reflect.GeneratedMethodAccessor135.invoke(Unknown Source)
at java.base/jdk.internal.reflect.DelegatingMethodAccessorImpl.invoke(DelegatingMethodAccessorImpl.java:43)
at java.base/java.lang.reflect.Method.invoke(Method.java:568)
at org.testng.internal.invokers.MethodInvocationHelper.invokeMethod(MethodInvocationHelper.java:139)
at org.testng.internal.invokers.TestInvoker.invokeMethod(TestInvoker.java:664)
at org.testng.internal.invokers.TestInvoker.invokeTestMethod(TestInvoker.java:227)
at org.testng.internal.invokers.TestMethodWithDataProviderMethodWorker.call(TestMethodWithDataProviderMethodWorker.java:80)
at org.testng.internal.invokers.TestMethodWithDataProviderMethodWorker.call(TestMethodWithDataProviderMethodWorker.java:17)
at java.base/java.util.concurrent.FutureTask.run(FutureTask.java:264)
at java.base/java.util.concurrent.Executors$RunnableAdapter.call(Executors.java:539)
at java.base/java.util.concurrent.FutureTask.run(FutureTask.java:264)
at java.base/java.util.concurrent.ThreadPoolExecutor.runWorker(ThreadPoolExecutor.java:1136)
at java.base/java.util.concurrent.ThreadPoolExecutor$Worker.run(ThreadPoolExecutor.java:635)
at java.base/java.lang.Thread.run(Thread.java:842)
]]>
    </failure>
  </testcase> <!-- comparePortfolioPlanner -->
</testsuite> <!-- API Comparison Tests(failed)(failed)(failed) -->
