<?xml version="1.0" encoding="UTF-8"?>
<!-- Generated by org.testng.reporters.JUnitXMLReporter -->
<testsuite ignored="0" hostname="vrwamiq" failures="0" tests="2" name="Alternate Fund Validation (Live)" time="26.793" errors="0" timestamp="2026-09-23T19:30:26 IST">
  <testcase classname="com.vr.portfolioplanner.altfund.AlternateFundLiveReprocessTest" name="reprocess_38387_to_16897_confirmedPair" time="22.232"/>
  <testcase classname="com.vr.portfolioplanner.altfund.AlternateFundLiveReprocessTest" name="reprocess_remainingPlanIds_dataDumpOnly" time="4.559"/>
</testsuite> <!-- Alternate Fund Validation (Live) -->
