<?xml version="1.0" encoding="UTF-8"?>
<!-- Generated by org.testng.reporters.JUnitXMLReporter -->
<testsuite ignored="0" hostname="vrwamiq" failures="0" tests="25" name="Comparator Tests" time="0.035" errors="0" timestamp="2026-09-23T19:29:59 IST">
  <testcase classname="com.vr.portfolioplanner.compare.ComparatorTest" name="alternateFund_ambiguousPairing_multipleCandidatesShareCategory" time="0.003"/>
  <testcase classname="com.vr.portfolioplanner.compare.ComparatorTest" name="alternateFund_cleanCandidate_reportsRequiredDataNotAvailable" time="0.002"/>
  <testcase classname="com.vr.portfolioplanner.compare.ComparatorTest" name="alternateFund_fundDetailsFetchFailure_dataGap" time="0.001"/>
  <testcase classname="com.vr.portfolioplanner.compare.ComparatorTest" name="alternateFund_multiplePairs_TC05264Shape" time="0.001"/>
  <testcase classname="com.vr.portfolioplanner.compare.ComparatorTest" name="alternateFund_noCategoryMatchOnOtherSide_stillMissingAndExtra" time="0.0"/>
  <testcase classname="com.vr.portfolioplanner.compare.ComparatorTest" name="alternateFund_rejectedByRule1_notInOpinionData_fail" time="0.0"/>
  <testcase classname="com.vr.portfolioplanner.compare.ComparatorTest" name="alternateFund_rejectedByRule4_goodNotPickLowStar_fail" time="0.001"/>
  <testcase classname="com.vr.portfolioplanner.compare.ComparatorTest" name="failedExtractionProducesError" time="0.0"/>
  <testcase classname="com.vr.portfolioplanner.compare.ComparatorTest" name="normDifferenceDoesNotFail" time="0.0"/>
  <testcase classname="com.vr.portfolioplanner.compare.ComparatorTest" name="responseStatusMismatch" time="0.0"/>
  <testcase classname="com.vr.portfolioplanner.compare.ComparatorTest" name="scenario01_exactMatch_pass" time="0.001"/>
  <testcase classname="com.vr.portfolioplanner.compare.ComparatorTest" name="scenario02_fundMissingInApi2_fail" time="0.001"/>
  <testcase classname="com.vr.portfolioplanner.compare.ComparatorTest" name="scenario03_extraFundInApi2_fail" time="0.0"/>
  <testcase classname="com.vr.portfolioplanner.compare.ComparatorTest" name="scenario04_amountMismatch_fail" time="0.0"/>
  <testcase classname="com.vr.portfolioplanner.compare.ComparatorTest" name="scenario05_categoryMismatch_fail" time="0.002"/>
  <testcase classname="com.vr.portfolioplanner.compare.ComparatorTest" name="scenario06_breakdownMismatch_fail" time="0.001"/>
  <testcase classname="com.vr.portfolioplanner.compare.ComparatorTest" name="scenario07_multipleMismatches_allCollected" time="0.001"/>
  <testcase classname="com.vr.portfolioplanner.compare.ComparatorTest" name="scenario08_differentFundOrder_pass" time="0.0"/>
  <testcase classname="com.vr.portfolioplanner.compare.ComparatorTest" name="scenario09_dirGNormalization_passWithNote" time="0.0"/>
  <testcase classname="com.vr.portfolioplanner.compare.ComparatorTest" name="scenario10a_amountWithinTolerance_pass" time="0.0"/>
  <testcase classname="com.vr.portfolioplanner.compare.ComparatorTest" name="scenario10b_amountOutsideTolerance_fail" time="0.001"/>
  <testcase classname="com.vr.portfolioplanner.compare.ComparatorTest" name="scenario10c_percentageWithinTolerance_pass" time="0.0"/>
  <testcase classname="com.vr.portfolioplanner.compare.ComparatorTest" name="scenario10d_percentageOutsideTolerance_fail" time="0.001"/>
  <testcase classname="com.vr.portfolioplanner.compare.ComparatorTest" name="transactionAmountMismatch" time="0.001"/>
  <testcase classname="com.vr.portfolioplanner.compare.ComparatorTest" name="transactionTypeMismatch_missingOneTime" time="0.001"/>
</testsuite> <!-- Comparator Tests -->
