<?xml version="1.0" encoding="UTF-8"?>
<!-- Generated by org.testng.reporters.JUnitXMLReporter -->
<testsuite ignored="0" hostname="vrwamiq" failures="0" tests="20" name="Configuration Tests" time="0.035" errors="0" timestamp="2026-09-23T19:29:59 IST">
  <testcase classname="com.vr.portfolioplanner.config.ConfigReaderTest" name="api1BaseUrlIsLoaded" time="0.001"/>
  <testcase classname="com.vr.portfolioplanner.config.ConfigReaderTest" name="api1ContentTypeIsJson" time="0.001"/>
  <testcase classname="com.vr.portfolioplanner.config.ConfigReaderTest" name="api1CookieMappedWhenConfigured" time="0.001"/>
  <testcase classname="com.vr.portfolioplanner.config.ConfigReaderTest" name="api1EndpointIsLoaded" time="0.001"/>
  <testcase classname="com.vr.portfolioplanner.config.ConfigReaderTest" name="api1HeadersAreCorrect" time="0.001"/>
  <testcase classname="com.vr.portfolioplanner.config.ConfigReaderTest" name="api1TimeoutsArePositive" time="0.001"/>
  <testcase classname="com.vr.portfolioplanner.config.ConfigReaderTest" name="api2BaseUrlIsLoaded" time="0.0"/>
  <testcase classname="com.vr.portfolioplanner.config.ConfigReaderTest" name="api2ContentTypeIsMultipart" time="0.001"/>
  <testcase classname="com.vr.portfolioplanner.config.ConfigReaderTest" name="api2CredentialHeadersMappedToCorrectNames" time="0.0"/>
  <testcase classname="com.vr.portfolioplanner.config.ConfigReaderTest" name="api2EndpointIsLoaded" time="0.001"/>
  <testcase classname="com.vr.portfolioplanner.config.ConfigReaderTest" name="api2HeadersAreCorrect" time="0.0"/>
  <testcase classname="com.vr.portfolioplanner.config.ConfigReaderTest" name="api2TimeoutsArePositive" time="0.001"/>
  <testcase classname="com.vr.portfolioplanner.config.ConfigReaderTest" name="authPropertiesAreReadableViaGet" time="0.001"/>
  <testcase classname="com.vr.portfolioplanner.config.ConfigReaderTest" name="comparisonPercentageToleranceIsValid" time="0.001"/>
  <testcase classname="com.vr.portfolioplanner.config.ConfigReaderTest" name="comparisonToleranceIsValid" time="0.001"/>
  <testcase classname="com.vr.portfolioplanner.config.ConfigReaderTest" name="envNameConversionIsCorrect" time="0.001"/>
  <testcase classname="com.vr.portfolioplanner.config.ConfigReaderTest" name="envVarOverrideDerivationIsCorrect" time="0.001"/>
  <testcase classname="com.vr.portfolioplanner.config.ConfigReaderTest" name="environmentNameIsSet" time="0.0"/>
  <testcase classname="com.vr.portfolioplanner.config.ConfigReaderTest" name="headersAreImmutable" time="0.001"/>
  <testcase classname="com.vr.portfolioplanner.config.ConfigReaderTest" name="retrySettingsAreValid" time="0.0"/>
</testsuite> <!-- Configuration Tests -->
