<?xml version="1.0" encoding="UTF-8"?>
<!-- Generated by org.testng.reporters.JUnitXMLReporter -->
<testsuite ignored="0" hostname="vrwamiq" failures="0" tests="42" name="Normalization Tests" time="0.047" errors="0" timestamp="2026-09-23T19:29:59 IST">
  <testcase classname="com.vr.portfolioplanner.normalize.NormalizerTest" name="breakdownEntry_resolveBothAbsentReturnsNull" time="0.001"/>
  <testcase classname="com.vr.portfolioplanner.normalize.NormalizerTest" name="breakdownEntry_resolveFallsBackToPercFmt" time="0.001"/>
  <testcase classname="com.vr.portfolioplanner.normalize.NormalizerTest" name="breakdownEntry_resolvePrefersNumericPercentage" time="0.001"/>
  <testcase classname="com.vr.portfolioplanner.normalize.NormalizerTest" name="currency_bigDecimalPassThrough" time="0.001"/>
  <testcase classname="com.vr.portfolioplanner.normalize.NormalizerTest" name="currency_commasOnlyStripped" time="0.0"/>
  <testcase classname="com.vr.portfolioplanner.normalize.NormalizerTest" name="currency_indianLakhFormat" time="0.0"/>
  <testcase classname="com.vr.portfolioplanner.normalize.NormalizerTest" name="currency_longOverload" time="0.0"/>
  <testcase classname="com.vr.portfolioplanner.normalize.NormalizerTest" name="currency_nullAndBlankReturnNull" time="0.0"/>
  <testcase classname="com.vr.portfolioplanner.normalize.NormalizerTest" name="currency_parsePercentageHelper" time="0.0"/>
  <testcase classname="com.vr.portfolioplanner.normalize.NormalizerTest" name="currency_percentageStringStripped" time="0.0"/>
  <testcase classname="com.vr.portfolioplanner.normalize.NormalizerTest" name="currency_plainIntegerString" time="0.0"/>
  <testcase classname="com.vr.portfolioplanner.normalize.NormalizerTest" name="currency_rupeeSymbolAndCommasStripped" time="0.0"/>
  <testcase classname="com.vr.portfolioplanner.normalize.NormalizerTest" name="currency_unparseableReturnNull" time="0.0"/>
  <testcase classname="com.vr.portfolioplanner.normalize.NormalizerTest" name="fieldMapping_allIsNonEmpty" time="0.001"/>
  <testcase classname="com.vr.portfolioplanner.normalize.NormalizerTest" name="fieldMapping_amountMappingNotesDifferentPaths" time="0.0"/>
  <testcase classname="com.vr.portfolioplanner.normalize.NormalizerTest" name="fieldMapping_comparableMappingsPresent" time="0.002"/>
  <testcase classname="com.vr.portfolioplanner.normalize.NormalizerTest" name="fieldMapping_excludedFieldsPresent" time="0.001"/>
  <testcase classname="com.vr.portfolioplanner.normalize.NormalizerTest" name="fieldMapping_notComparableFieldsPresent" time="0.001"/>
  <testcase classname="com.vr.portfolioplanner.normalize.NormalizerTest" name="fundName_dirGAtEnd" time="0.001"/>
  <testcase classname="com.vr.portfolioplanner.normalize.NormalizerTest" name="fundName_dirGReplaced" time="0.0"/>
  <testcase classname="com.vr.portfolioplanner.normalize.NormalizerTest" name="fundName_directGUnchanged" time="0.0"/>
  <testcase classname="com.vr.portfolioplanner.normalize.NormalizerTest" name="fundName_matchesApi1VsApi2" time="0.001"/>
  <testcase classname="com.vr.portfolioplanner.normalize.NormalizerTest" name="fundName_nullReturnsNull" time="0.0"/>
  <testcase classname="com.vr.portfolioplanner.normalize.NormalizerTest" name="fundName_unknownPatternUnchanged" time="0.0"/>
  <testcase classname="com.vr.portfolioplanner.normalize.NormalizerTest" name="responseNormalizer_api1AndApi2FundNamesMatch" time="0.002"/>
  <testcase classname="com.vr.portfolioplanner.normalize.NormalizerTest" name="responseNormalizer_api1HasLegsApi2DoesNot" time="0.001"/>
  <testcase classname="com.vr.portfolioplanner.normalize.NormalizerTest" name="responseNormalizer_api1LegTypesNormalized" time="0.001"/>
  <testcase classname="com.vr.portfolioplanner.normalize.NormalizerTest" name="responseNormalizer_api2FundLevelLegsAreEmpty" time="0.0"/>
  <testcase classname="com.vr.portfolioplanner.normalize.NormalizerTest" name="responseNormalizer_breakdownPercentagesResolved" time="0.0"/>
  <testcase classname="com.vr.portfolioplanner.normalize.NormalizerTest" name="responseNormalizer_fundNamesNormalized" time="0.001"/>
  <testcase classname="com.vr.portfolioplanner.normalize.NormalizerTest" name="responseNormalizer_handlesFailedExtractionGracefully" time="0.0"/>
  <testcase classname="com.vr.portfolioplanner.normalize.NormalizerTest" name="responseNormalizer_returnsNonNull" time="0.001"/>
  <testcase classname="com.vr.portfolioplanner.normalize.NormalizerTest" name="txnType_api1AndApi2OneTimeAreEquivalent" time="0.001"/>
  <testcase classname="com.vr.portfolioplanner.normalize.NormalizerTest" name="txnType_api1AndApi2SipAreEquivalent" time="0.0"/>
  <testcase classname="com.vr.portfolioplanner.normalize.NormalizerTest" name="txnType_isKnown" time="0.0"/>
  <testcase classname="com.vr.portfolioplanner.normalize.NormalizerTest" name="txnType_nullAndBlankReturnNull" time="0.0"/>
  <testcase classname="com.vr.portfolioplanner.normalize.NormalizerTest" name="txnType_oneTimeCapitalisedVariant" time="0.0"/>
  <testcase classname="com.vr.portfolioplanner.normalize.NormalizerTest" name="txnType_oneTimeDisplayForm" time="0.001"/>
  <testcase classname="com.vr.portfolioplanner.normalize.NormalizerTest" name="txnType_oneTimeSnakeCase" time="0.0"/>
  <testcase classname="com.vr.portfolioplanner.normalize.NormalizerTest" name="txnType_sipLowercase" time="0.0"/>
  <testcase classname="com.vr.portfolioplanner.normalize.NormalizerTest" name="txnType_sipUppercase" time="0.0"/>
  <testcase classname="com.vr.portfolioplanner.normalize.NormalizerTest" name="txnType_unknownTypeUpperCased" time="0.0"/>
</testsuite> <!-- Normalization Tests -->
