<?xml version="1.0" encoding="UTF-8"?>
<!-- Generated by org.testng.reporters.JUnitXMLReporter -->
<testsuite ignored="0" hostname="vrwamiq" failures="0" tests="5" name="Smoke Tests" time="0.179" errors="0" timestamp="2026-09-23T19:29:59 IST">
  <testcase classname="com.vr.portfolioplanner.smoke.SmokeTest" name="apachePoiClasspathCheck" time="0.003"/>
  <testcase classname="com.vr.portfolioplanner.smoke.SmokeTest" name="jacksonClasspathCheck" time="0.001"/>
  <testcase classname="com.vr.portfolioplanner.smoke.SmokeTest" name="loggingCheck" time="0.001"/>
  <testcase classname="com.vr.portfolioplanner.smoke.SmokeTest" name="restAssuredClasspathCheck" time="0.153"/>
  <testcase classname="com.vr.portfolioplanner.smoke.SmokeTest" name="testNgSanityCheck" time="0.0"/>
</testsuite> <!-- Smoke Tests -->
