<?xml version="1.0" encoding="UTF-8"?>
<!-- Generated by org.testng.reporters.JUnitReportReporter -->
<testsuite hostname="vrwamiq" failures="0" tests="15" name="com.vr.portfolioplanner.excel.ExcelReaderTest" time="0.246" errors="0" timestamp="2026-09-23T20:12:24 IST" skipped="0">
  <testcase classname="com.vr.portfolioplanner.excel.ExcelReaderTest" name="testCaseIdIsCorrect" time="0.000"/>
  <testcase classname="com.vr.portfolioplanner.excel.ExcelReaderTest" name="api1SpecificFields" time="0.001"/>
  <testcase classname="com.vr.portfolioplanner.excel.ExcelReaderTest" name="formatDoubleWholeNumbers" time="0.001"/>
  <testcase classname="com.vr.portfolioplanner.excel.ExcelReaderTest" name="totalRowCountIsOne" time="0.001"/>
  <testcase classname="com.vr.portfolioplanner.excel.ExcelReaderTest" name="api2SpecificFields" time="0.000"/>
  <testcase classname="com.vr.portfolioplanner.excel.ExcelReaderTest" name="commonStringFields" time="0.001"/>
  <testcase classname="com.vr.portfolioplanner.excel.ExcelReaderTest" name="commonNumericFields" time="0.001"/>
  <testcase classname="com.vr.portfolioplanner.excel.ExcelReaderTest" name="executeFlagIsY" time="0.001"/>
  <testcase classname="com.vr.portfolioplanner.excel.ExcelReaderTest" name="executeFilterConsistency" time="0.001"/>
  <testcase classname="com.vr.portfolioplanner.excel.ExcelReaderTest" name="executableRowCountIsOne" time="0.001"/>
  <testcase classname="com.vr.portfolioplanner.excel.ExcelReaderTest" name="fixtureFileExists" time="0.001"/>
  <testcase classname="com.vr.portfolioplanner.excel.ExcelReaderTest" name="formatDoubleDecimalsPreserved" time="0.000"/>
  <testcase classname="com.vr.portfolioplanner.excel.ExcelReaderTest" name="printNonSensitiveTestData" time="0.232"/>
  <testcase classname="com.vr.portfolioplanner.excel.ExcelReaderTest" name="dataProviderFormat" time="0.004"/>
  <testcase classname="com.vr.portfolioplanner.excel.ExcelReaderTest" name="nonYExecuteIsSkipped" time="0.001"/>
</testsuite> <!-- com.vr.portfolioplanner.excel.ExcelReaderTest -->
