<?xml version="1.0" encoding="UTF-8"?>
<!-- Generated by org.testng.reporters.JUnitReportReporter -->
<testsuite hostname="vrwamiq" failures="0" tests="1" name="com.vr.portfolioplanner.integration.PortfolioPlannerIntegrationTest" time="7.898" errors="0" timestamp="2026-09-23T20:12:24 IST" skipped="0">
  <testcase classname="com.vr.portfolioplanner.integration.PortfolioPlannerIntegrationTest" name="callBothApisAndPrintStatus" time="7.898"/>
</testsuite> <!-- com.vr.portfolioplanner.integration.PortfolioPlannerIntegrationTest -->
