<?xml version="1.0" encoding="UTF-8"?>
<!-- Generated by org.testng.reporters.JUnitReportReporter -->
<testsuite hostname="vrwamiq" failures="0" tests="14" name="com.vr.portfolioplanner.report.ReportingTest" time="0.013" errors="0" timestamp="2026-09-23T20:12:24 IST" skipped="0">
  <testcase classname="com.vr.portfolioplanner.report.ReportingTest" name="apiExecutionError_reportedSeparately" time="0.002"/>
  <testcase classname="com.vr.portfolioplanner.report.ReportingTest" name="mismatch_containsApi2FundName" time="0.001"/>
  <testcase classname="com.vr.portfolioplanner.report.ReportingTest" name="normalizationDifference_isInformational" time="0.000"/>
  <testcase classname="com.vr.portfolioplanner.report.ReportingTest" name="mismatch_containsPlanId" time="0.000"/>
  <testcase classname="com.vr.portfolioplanner.report.ReportingTest" name="friendlyField_extractsLastSegment" time="0.001"/>
  <testcase classname="com.vr.portfolioplanner.report.ReportingTest" name="mismatch_containsApi1FundName" time="0.001"/>
  <testcase classname="com.vr.portfolioplanner.report.ReportingTest" name="excelMismatchDetails_containsFundContext" time="0.003"/>
  <testcase classname="com.vr.portfolioplanner.report.ReportingTest" name="mismatch_fieldAttachedToCorrectPlan" time="0.000"/>
  <testcase classname="com.vr.portfolioplanner.report.ReportingTest" name="difference_calculatedCorrectly" time="0.001"/>
  <testcase classname="com.vr.portfolioplanner.report.ReportingTest" name="extraFund_showsApi2FundName" time="0.001"/>
  <testcase classname="com.vr.portfolioplanner.report.ReportingTest" name="missingFund_showsApi1FundName" time="0.001"/>
  <testcase classname="com.vr.portfolioplanner.report.ReportingTest" name="multipleMismatchesForOneFund_allCollected" time="0.001"/>
  <testcase classname="com.vr.portfolioplanner.report.ReportingTest" name="tolerance_presentInMismatch" time="0.001"/>
  <testcase classname="com.vr.portfolioplanner.report.ReportingTest" name="extentReportManager_initialisesSuccessfully" time="0.000"/>
</testsuite> <!-- com.vr.portfolioplanner.report.ReportingTest -->
