<?xml version="1.0" encoding="UTF-8"?>
<!-- Generated by org.testng.reporters.JUnitReportReporter -->
<testsuite hostname="vrwamiq" failures="0" tests="34" name="com.vr.portfolioplanner.response.ResponseExtractorTest" time="0.032" errors="0" timestamp="2026-09-23T20:12:24 IST" skipped="0">
  <testcase classname="com.vr.portfolioplanner.response.ResponseExtractorTest" name="getFundByPlanIdReturnsCorrectFund" time="0.001"/>
  <testcase classname="com.vr.portfolioplanner.response.ResponseExtractorTest" name="api2StatusExtracted" time="0.000"/>
  <testcase classname="com.vr.portfolioplanner.response.ResponseExtractorTest" name="api2FundCountIsCorrect" time="0.001"/>
  <testcase classname="com.vr.portfolioplanner.response.ResponseExtractorTest" name="api2NotComparableFieldsDocumented" time="0.001"/>
  <testcase classname="com.vr.portfolioplanner.response.ResponseExtractorTest" name="api1LegsHaveNormalizedType" time="0.001"/>
  <testcase classname="com.vr.portfolioplanner.response.ResponseExtractorTest" name="api2MessageIsNull" time="0.000"/>
  <testcase classname="com.vr.portfolioplanner.response.ResponseExtractorTest" name="api1ErrorResponseHandledGracefully" time="0.000"/>
  <testcase classname="com.vr.portfolioplanner.response.ResponseExtractorTest" name="messageIsNotComparableAcrossApis" time="0.001"/>
  <testcase classname="com.vr.portfolioplanner.response.ResponseExtractorTest" name="api1FundCountIsCorrect" time="0.000"/>
  <testcase classname="com.vr.portfolioplanner.response.ResponseExtractorTest" name="api1NotComparableFieldsDocumented" time="0.001"/>
  <testcase classname="com.vr.portfolioplanner.response.ResponseExtractorTest" name="api2FundFieldsExtracted" time="0.001"/>
  <testcase classname="com.vr.portfolioplanner.response.ResponseExtractorTest" name="api2BreakdownFieldsExtracted" time="0.001"/>
  <testcase classname="com.vr.portfolioplanner.response.ResponseExtractorTest" name="nullBodyProducesFailedResponse" time="0.000"/>
  <testcase classname="com.vr.portfolioplanner.response.ResponseExtractorTest" name="api1ExtractionSucceeds" time="0.001"/>
  <testcase classname="com.vr.portfolioplanner.response.ResponseExtractorTest" name="api2AmountFromTxnData" time="0.001"/>
  <testcase classname="com.vr.portfolioplanner.response.ResponseExtractorTest" name="api1FundFieldsExtracted" time="0.001"/>
  <testcase classname="com.vr.portfolioplanner.response.ResponseExtractorTest" name="api1BreakdownCountIsCorrect" time="0.001"/>
  <testcase classname="com.vr.portfolioplanner.response.ResponseExtractorTest" name="breakdownsMatchAcrossApis" time="0.001"/>
  <testcase classname="com.vr.portfolioplanner.response.ResponseExtractorTest" name="comparableFieldsMatchAcrossApis" time="0.001"/>
  <testcase classname="com.vr.portfolioplanner.response.ResponseExtractorTest" name="api1StatusExtracted" time="0.001"/>
  <testcase classname="com.vr.portfolioplanner.response.ResponseExtractorTest" name="api1FundEntryContainsMappedLegs" time="0.001"/>
  <testcase classname="com.vr.portfolioplanner.response.ResponseExtractorTest" name="api1InvestorIdExtracted" time="0.002"/>
  <testcase classname="com.vr.portfolioplanner.response.ResponseExtractorTest" name="api1AmountFromFirstMonthAmount" time="0.005"/>
  <testcase classname="com.vr.portfolioplanner.response.ResponseExtractorTest" name="api2BreakdownCountIsCorrect" time="0.001"/>
  <testcase classname="com.vr.portfolioplanner.response.ResponseExtractorTest" name="api2InvestorIdExtracted" time="0.001"/>
  <testcase classname="com.vr.portfolioplanner.response.ResponseExtractorTest" name="getBreakdownByCategoryIdReturnsEmptyForUnknown" time="0.000"/>
  <testcase classname="com.vr.portfolioplanner.response.ResponseExtractorTest" name="api1BreakdownFieldsExtracted" time="0.002"/>
  <testcase classname="com.vr.portfolioplanner.response.ResponseExtractorTest" name="api2ErrorResponseHandledGracefully" time="0.000"/>
  <testcase classname="com.vr.portfolioplanner.response.ResponseExtractorTest" name="technicalIdsExcludedFromFundEntry" time="0.000"/>
  <testcase classname="com.vr.portfolioplanner.response.ResponseExtractorTest" name="malformedJsonProducesFailedResponse" time="0.001"/>
  <testcase classname="com.vr.portfolioplanner.response.ResponseExtractorTest" name="emptyBodyProducesFailedResponse" time="0.000"/>
  <testcase classname="com.vr.portfolioplanner.response.ResponseExtractorTest" name="api1MessageExtracted" time="0.002"/>
  <testcase classname="com.vr.portfolioplanner.response.ResponseExtractorTest" name="getFundByPlanIdReturnsEmptyForUnknown" time="0.001"/>
  <testcase classname="com.vr.portfolioplanner.response.ResponseExtractorTest" name="api2ExtractionSucceeds" time="0.001"/>
</testsuite> <!-- com.vr.portfolioplanner.response.ResponseExtractorTest -->
