<?xml version="1.0" encoding="UTF-8"?>
<!-- Generated by org.testng.reporters.JUnitReportReporter -->
<testsuite hostname="vrwamiq" failures="0" tests="5" name="com.vr.portfolioplanner.smoke.SmokeTest" time="0.158" errors="0" timestamp="2026-09-23T20:12:24 IST" skipped="0">
  <testcase classname="com.vr.portfolioplanner.smoke.SmokeTest" name="jacksonClasspathCheck" time="0.001"/>
  <testcase classname="com.vr.portfolioplanner.smoke.SmokeTest" name="loggingCheck" time="0.001"/>
  <testcase classname="com.vr.portfolioplanner.smoke.SmokeTest" name="restAssuredClasspathCheck" time="0.153"/>
  <testcase classname="com.vr.portfolioplanner.smoke.SmokeTest" name="apachePoiClasspathCheck" time="0.003"/>
  <testcase classname="com.vr.portfolioplanner.smoke.SmokeTest" name="testNgSanityCheck" time="0.000"/>
</testsuite> <!-- com.vr.portfolioplanner.smoke.SmokeTest -->
