<?xml version="1.0" encoding="UTF-8"?>
<!-- Generated by org.testng.reporters.JUnitReportReporter -->
<testsuite hostname="vrwamiq" failures="0" tests="2" name="com.vr.portfolioplanner.altfund.AlternateFundLiveReprocessTest" time="26.791" errors="0" timestamp="2026-09-23T20:12:24 IST" skipped="0">
  <testcase classname="com.vr.portfolioplanner.altfund.AlternateFundLiveReprocessTest" name="reprocess_remainingPlanIds_dataDumpOnly" time="4.559"/>
  <testcase classname="com.vr.portfolioplanner.altfund.AlternateFundLiveReprocessTest" name="reprocess_38387_to_16897_confirmedPair" time="22.232"/>
</testsuite> <!-- com.vr.portfolioplanner.altfund.AlternateFundLiveReprocessTest -->
