<?xml version="1.0" encoding="UTF-8"?>
<!-- Generated by org.testng.reporters.JUnitReportReporter -->
<testsuite hostname="vrwamiq" failures="209" tests="376" name="com.vr.portfolioplanner.test.ApiComparisonTest" time="930.704" errors="0" timestamp="2026-09-25T14:59:13 IST" skipped="0">
  <testcase classname="com.vr.portfolioplanner.test.ApiComparisonTest" name="comparePortfolioPlanner" time="2.526">
    <failure message="
TC_05558 — FAILED with 2 mismatch(es):
  [MISSING_FIELD            ] funds_data.data[plan_id=16897]
      api1: 16897
      api2: (not found)
      planId: 16897
      fund1:  Aditya Birla SL Balanced Advantage Direct-G
      fund2:  NOT FOUND
      note:   Fund plan_id=&#039;16897&#039; present in API-1 but missing in API-2
  [EXTRA_FIELD              ] funds_data.data[plan_id=38387]
      api1: (not found)
      api2: 38387
      planId: 38387
      fund1:  NOT FOUND
      fund2:  Mirae Asset Equity Savings Direct-G
      note:   Fund plan_id=&#039;38387&#039; present in API-2 but missing in API-1 expected [true] but found [false]" type="java.lang.AssertionError">
      <![CDATA[java.lang.AssertionError: 
TC_05558 — FAILED with 2 mismatch(es):
  [MISSING_FIELD            ] funds_data.data[plan_id=16897]
      api1: 16897
      api2: (not found)
      planId: 16897
      fund1:  Aditya Birla SL Balanced Advantage Direct-G
      fund2:  NOT FOUND
      note:   Fund plan_id='16897' present in API-1 but missing in API-2
  [EXTRA_FIELD              ] funds_data.data[plan_id=38387]
      api1: (not found)
      api2: 38387
      planId: 38387
      fund1:  NOT FOUND
      fund2:  Mirae Asset Equity Savings Direct-G
      note:   Fund plan_id='38387' present in API-2 but missing in API-1 expected [true] but found [false]
at org.testng.Assert.fail(Assert.java:111)
at org.testng.Assert.failNotEquals(Assert.java:1578)
at org.testng.Assert.assertTrue(Assert.java:57)
at com.vr.portfolioplanner.test.ApiComparisonTest.comparePortfolioPlanner(ApiComparisonTest.java:240)
at jdk.internal.reflect.GeneratedMethodAccessor135.invoke(Unknown Source)
at java.base/jdk.internal.reflect.DelegatingMethodAccessorImpl.invoke(DelegatingMethodAccessorImpl.java:43)
at java.base/java.lang.reflect.Method.invoke(Method.java:568)
at org.testng.internal.invokers.MethodInvocationHelper.invokeMethod(MethodInvocationHelper.java:139)
at org.testng.internal.invokers.TestInvoker.invokeMethod(TestInvoker.java:664)
at org.testng.internal.invokers.TestInvoker.invokeTestMethod(TestInvoker.java:227)
at org.testng.internal.invokers.TestMethodWithDataProviderMethodWorker.call(TestMethodWithDataProviderMethodWorker.java:80)
at org.testng.internal.invokers.TestMethodWithDataProviderMethodWorker.call(TestMethodWithDataProviderMethodWorker.java:17)
at java.base/java.util.concurrent.FutureTask.run(FutureTask.java:264)
at java.base/java.util.concurrent.Executors$RunnableAdapter.call(Executors.java:539)
at java.base/java.util.concurrent.FutureTask.run(FutureTask.java:264)
at java.base/java.util.concurrent.ThreadPoolExecutor.runWorker(ThreadPoolExecutor.java:1136)
at java.base/java.util.concurrent.ThreadPoolExecutor$Worker.run(ThreadPoolExecutor.java:635)
at java.base/java.lang.Thread.run(Thread.java:842)
]]>
    </failure>
  </testcase> <!-- comparePortfolioPlanner -->
  <testcase classname="com.vr.portfolioplanner.test.ApiComparisonTest" name="comparePortfolioPlanner" time="1.491"/>
  <testcase classname="com.vr.portfolioplanner.test.ApiComparisonTest" name="comparePortfolioPlanner" time="2.536">
    <failure message="
TC_05418 — FAILED with 2 mismatch(es):
  [MISSING_FIELD            ] funds_data.data[plan_id=16897]
      api1: 16897
      api2: (not found)
      planId: 16897
      fund1:  Aditya Birla SL Balanced Advantage Direct-G
      fund2:  NOT FOUND
      note:   Fund plan_id=&#039;16897&#039; present in API-1 but missing in API-2
  [EXTRA_FIELD              ] funds_data.data[plan_id=38387]
      api1: (not found)
      api2: 38387
      planId: 38387
      fund1:  NOT FOUND
      fund2:  Mirae Asset Equity Savings Direct-G
      note:   Fund plan_id=&#039;38387&#039; present in API-2 but missing in API-1 expected [true] but found [false]" type="java.lang.AssertionError">
      <![CDATA[java.lang.AssertionError: 
TC_05418 — FAILED with 2 mismatch(es):
  [MISSING_FIELD            ] funds_data.data[plan_id=16897]
      api1: 16897
      api2: (not found)
      planId: 16897
      fund1:  Aditya Birla SL Balanced Advantage Direct-G
      fund2:  NOT FOUND
      note:   Fund plan_id='16897' present in API-1 but missing in API-2
  [EXTRA_FIELD              ] funds_data.data[plan_id=38387]
      api1: (not found)
      api2: 38387
      planId: 38387
      fund1:  NOT FOUND
      fund2:  Mirae Asset Equity Savings Direct-G
      note:   Fund plan_id='38387' present in API-2 but missing in API-1 expected [true] but found [false]
at org.testng.Assert.fail(Assert.java:111)
at org.testng.Assert.failNotEquals(Assert.java:1578)
at org.testng.Assert.assertTrue(Assert.java:57)
at com.vr.portfolioplanner.test.ApiComparisonTest.comparePortfolioPlanner(ApiComparisonTest.java:240)
at jdk.internal.reflect.GeneratedMethodAccessor135.invoke(Unknown Source)
at java.base/jdk.internal.reflect.DelegatingMethodAccessorImpl.invoke(DelegatingMethodAccessorImpl.java:43)
at java.base/java.lang.reflect.Method.invoke(Method.java:568)
at org.testng.internal.invokers.MethodInvocationHelper.invokeMethod(MethodInvocationHelper.java:139)
at org.testng.internal.invokers.TestInvoker.invokeMethod(TestInvoker.java:664)
at org.testng.internal.invokers.TestInvoker.invokeTestMethod(TestInvoker.java:227)
at org.testng.internal.invokers.TestMethodWithDataProviderMethodWorker.call(TestMethodWithDataProviderMethodWorker.java:80)
at org.testng.internal.invokers.TestMethodWithDataProviderMethodWorker.call(TestMethodWithDataProviderMethodWorker.java:17)
at java.base/java.util.concurrent.FutureTask.run(FutureTask.java:264)
at java.base/java.util.concurrent.Executors$RunnableAdapter.call(Executors.java:539)
at java.base/java.util.concurrent.FutureTask.run(FutureTask.java:264)
at java.base/java.util.concurrent.ThreadPoolExecutor.runWorker(ThreadPoolExecutor.java:1136)
at java.base/java.util.concurrent.ThreadPoolExecutor$Worker.run(ThreadPoolExecutor.java:635)
at java.base/java.lang.Thread.run(Thread.java:842)
]]>
    </failure>
  </testcase> <!-- comparePortfolioPlanner -->
  <testcase classname="com.vr.portfolioplanner.test.ApiComparisonTest" name="comparePortfolioPlanner" time="2.151"/>
  <testcase classname="com.vr.portfolioplanner.test.ApiComparisonTest" name="comparePortfolioPlanner" time="1.707">
    <failure message="
TC_05465 — FAILED with 1 mismatch(es):
  [BUSINESS_VALUE_MISMATCH  ] funds_data.data[plan_id=19701].investment_amount
      api1: 73000
      api2: 72833.33333333334
      planId: 19701
      fund1:  Parag Parikh Flexi Cap Direct-G
      fund2:  Parag Parikh Flexi Cap Direct-G
      diff:   166.66666666666
      note:   Values differ by 166.66666666666 (tolerance: 100.0) expected [true] but found [false]" type="java.lang.AssertionError">
      <![CDATA[java.lang.AssertionError: 
TC_05465 — FAILED with 1 mismatch(es):
  [BUSINESS_VALUE_MISMATCH  ] funds_data.data[plan_id=19701].investment_amount
      api1: 73000
      api2: 72833.33333333334
      planId: 19701
      fund1:  Parag Parikh Flexi Cap Direct-G
      fund2:  Parag Parikh Flexi Cap Direct-G
      diff:   166.66666666666
      note:   Values differ by 166.66666666666 (tolerance: 100.0) expected [true] but found [false]
at org.testng.Assert.fail(Assert.java:111)
at org.testng.Assert.failNotEquals(Assert.java:1578)
at org.testng.Assert.assertTrue(Assert.java:57)
at com.vr.portfolioplanner.test.ApiComparisonTest.comparePortfolioPlanner(ApiComparisonTest.java:240)
at jdk.internal.reflect.GeneratedMethodAccessor135.invoke(Unknown Source)
at java.base/jdk.internal.reflect.DelegatingMethodAccessorImpl.invoke(DelegatingMethodAccessorImpl.java:43)
at java.base/java.lang.reflect.Method.invoke(Method.java:568)
at org.testng.internal.invokers.MethodInvocationHelper.invokeMethod(MethodInvocationHelper.java:139)
at org.testng.internal.invokers.TestInvoker.invokeMethod(TestInvoker.java:664)
at org.testng.internal.invokers.TestInvoker.invokeTestMethod(TestInvoker.java:227)
at org.testng.internal.invokers.TestMethodWithDataProviderMethodWorker.call(TestMethodWithDataProviderMethodWorker.java:80)
at org.testng.internal.invokers.TestMethodWithDataProviderMethodWorker.call(TestMethodWithDataProviderMethodWorker.java:17)
at java.base/java.util.concurrent.FutureTask.run(FutureTask.java:264)
at java.base/java.util.concurrent.Executors$RunnableAdapter.call(Executors.java:539)
at java.base/java.util.concurrent.FutureTask.run(FutureTask.java:264)
at java.base/java.util.concurrent.ThreadPoolExecutor.runWorker(ThreadPoolExecutor.java:1136)
at java.base/java.util.concurrent.ThreadPoolExecutor$Worker.run(ThreadPoolExecutor.java:635)
at java.base/java.lang.Thread.run(Thread.java:842)
]]>
    </failure>
  </testcase> <!-- comparePortfolioPlanner -->
  <testcase classname="com.vr.portfolioplanner.test.ApiComparisonTest" name="comparePortfolioPlanner" time="2.456">
    <failure message="
TC_05565 — FAILED with 2 mismatch(es):
  [MISSING_FIELD            ] funds_data.data[plan_id=16897]
      api1: 16897
      api2: (not found)
      planId: 16897
      fund1:  Aditya Birla SL Balanced Advantage Direct-G
      fund2:  NOT FOUND
      note:   Fund plan_id=&#039;16897&#039; present in API-1 but missing in API-2
  [EXTRA_FIELD              ] funds_data.data[plan_id=38387]
      api1: (not found)
      api2: 38387
      planId: 38387
      fund1:  NOT FOUND
      fund2:  Mirae Asset Equity Savings Direct-G
      note:   Fund plan_id=&#039;38387&#039; present in API-2 but missing in API-1 expected [true] but found [false]" type="java.lang.AssertionError">
      <![CDATA[java.lang.AssertionError: 
TC_05565 — FAILED with 2 mismatch(es):
  [MISSING_FIELD            ] funds_data.data[plan_id=16897]
      api1: 16897
      api2: (not found)
      planId: 16897
      fund1:  Aditya Birla SL Balanced Advantage Direct-G
      fund2:  NOT FOUND
      note:   Fund plan_id='16897' present in API-1 but missing in API-2
  [EXTRA_FIELD              ] funds_data.data[plan_id=38387]
      api1: (not found)
      api2: 38387
      planId: 38387
      fund1:  NOT FOUND
      fund2:  Mirae Asset Equity Savings Direct-G
      note:   Fund plan_id='38387' present in API-2 but missing in API-1 expected [true] but found [false]
at org.testng.Assert.fail(Assert.java:111)
at org.testng.Assert.failNotEquals(Assert.java:1578)
at org.testng.Assert.assertTrue(Assert.java:57)
at com.vr.portfolioplanner.test.ApiComparisonTest.comparePortfolioPlanner(ApiComparisonTest.java:240)
at jdk.internal.reflect.GeneratedMethodAccessor135.invoke(Unknown Source)
at java.base/jdk.internal.reflect.DelegatingMethodAccessorImpl.invoke(DelegatingMethodAccessorImpl.java:43)
at java.base/java.lang.reflect.Method.invoke(Method.java:568)
at org.testng.internal.invokers.MethodInvocationHelper.invokeMethod(MethodInvocationHelper.java:139)
at org.testng.internal.invokers.TestInvoker.invokeMethod(TestInvoker.java:664)
at org.testng.internal.invokers.TestInvoker.invokeTestMethod(TestInvoker.java:227)
at org.testng.internal.invokers.TestMethodWithDataProviderMethodWorker.call(TestMethodWithDataProviderMethodWorker.java:80)
at org.testng.internal.invokers.TestMethodWithDataProviderMethodWorker.call(TestMethodWithDataProviderMethodWorker.java:17)
at java.base/java.util.concurrent.FutureTask.run(FutureTask.java:264)
at java.base/java.util.concurrent.Executors$RunnableAdapter.call(Executors.java:539)
at java.base/java.util.concurrent.FutureTask.run(FutureTask.java:264)
at java.base/java.util.concurrent.ThreadPoolExecutor.runWorker(ThreadPoolExecutor.java:1136)
at java.base/java.util.concurrent.ThreadPoolExecutor$Worker.run(ThreadPoolExecutor.java:635)
at java.base/java.lang.Thread.run(Thread.java:842)
]]>
    </failure>
  </testcase> <!-- comparePortfolioPlanner -->
  <testcase classname="com.vr.portfolioplanner.test.ApiComparisonTest" name="comparePortfolioPlanner" time="2.013"/>
  <testcase classname="com.vr.portfolioplanner.test.ApiComparisonTest" name="comparePortfolioPlanner" time="2.653">
    <failure message="
TC_05414 — FAILED with 3 mismatch(es):
  [MISSING_FIELD            ] funds_data.data[plan_id=16897]
      api1: 16897
      api2: (not found)
      planId: 16897
      fund1:  Aditya Birla SL Balanced Advantage Direct-G
      fund2:  NOT FOUND
      note:   Fund plan_id=&#039;16897&#039; present in API-1 but missing in API-2
  [EXTRA_FIELD              ] funds_data.data[plan_id=38387]
      api1: (not found)
      api2: 38387
      planId: 38387
      fund1:  NOT FOUND
      fund2:  Mirae Asset Equity Savings Direct-G
      note:   Fund plan_id=&#039;38387&#039; present in API-2 but missing in API-1
  [BUSINESS_VALUE_MISMATCH  ] funds_data.data[plan_id=15866].investment_amount
      api1: 609999
      api2: 609801
      planId: 15866
      fund1:  ICICI Pru Short Term Direct-G
      fund2:  ICICI Pru Short Term Direct-G
      diff:   198
      note:   Values differ by 198 (tolerance: 100.0) expected [true] but found [false]" type="java.lang.AssertionError">
      <![CDATA[java.lang.AssertionError: 
TC_05414 — FAILED with 3 mismatch(es):
  [MISSING_FIELD            ] funds_data.data[plan_id=16897]
      api1: 16897
      api2: (not found)
      planId: 16897
      fund1:  Aditya Birla SL Balanced Advantage Direct-G
      fund2:  NOT FOUND
      note:   Fund plan_id='16897' present in API-1 but missing in API-2
  [EXTRA_FIELD              ] funds_data.data[plan_id=38387]
      api1: (not found)
      api2: 38387
      planId: 38387
      fund1:  NOT FOUND
      fund2:  Mirae Asset Equity Savings Direct-G
      note:   Fund plan_id='38387' present in API-2 but missing in API-1
  [BUSINESS_VALUE_MISMATCH  ] funds_data.data[plan_id=15866].investment_amount
      api1: 609999
      api2: 609801
      planId: 15866
      fund1:  ICICI Pru Short Term Direct-G
      fund2:  ICICI Pru Short Term Direct-G
      diff:   198
      note:   Values differ by 198 (tolerance: 100.0) expected [true] but found [false]
at org.testng.Assert.fail(Assert.java:111)
at org.testng.Assert.failNotEquals(Assert.java:1578)
at org.testng.Assert.assertTrue(Assert.java:57)
at com.vr.portfolioplanner.test.ApiComparisonTest.comparePortfolioPlanner(ApiComparisonTest.java:240)
at jdk.internal.reflect.GeneratedMethodAccessor135.invoke(Unknown Source)
at java.base/jdk.internal.reflect.DelegatingMethodAccessorImpl.invoke(DelegatingMethodAccessorImpl.java:43)
at java.base/java.lang.reflect.Method.invoke(Method.java:568)
at org.testng.internal.invokers.MethodInvocationHelper.invokeMethod(MethodInvocationHelper.java:139)
at org.testng.internal.invokers.TestInvoker.invokeMethod(TestInvoker.java:664)
at org.testng.internal.invokers.TestInvoker.invokeTestMethod(TestInvoker.java:227)
at org.testng.internal.invokers.TestMethodWithDataProviderMethodWorker.call(TestMethodWithDataProviderMethodWorker.java:80)
at org.testng.internal.invokers.TestMethodWithDataProviderMethodWorker.call(TestMethodWithDataProviderMethodWorker.java:17)
at java.base/java.util.concurrent.FutureTask.run(FutureTask.java:264)
at java.base/java.util.concurrent.Executors$RunnableAdapter.call(Executors.java:539)
at java.base/java.util.concurrent.FutureTask.run(FutureTask.java:264)
at java.base/java.util.concurrent.ThreadPoolExecutor.runWorker(ThreadPoolExecutor.java:1136)
at java.base/java.util.concurrent.ThreadPoolExecutor$Worker.run(ThreadPoolExecutor.java:635)
at java.base/java.lang.Thread.run(Thread.java:842)
]]>
    </failure>
  </testcase> <!-- comparePortfolioPlanner -->
  <testcase classname="com.vr.portfolioplanner.test.ApiComparisonTest" name="comparePortfolioPlanner" time="1.742">
    <failure message="
TC_05850 — FAILED with 1 mismatch(es):
  [BUSINESS_VALUE_MISMATCH  ] funds_data.data[plan_id=19701].investment_amount
      api1: 3700
      api2: 3591.666666666667
      planId: 19701
      fund1:  Parag Parikh Flexi Cap Direct-G
      fund2:  Parag Parikh Flexi Cap Direct-G
      diff:   108.333333333333
      note:   Values differ by 108.333333333333 (tolerance: 100.0) expected [true] but found [false]" type="java.lang.AssertionError">
      <![CDATA[java.lang.AssertionError: 
TC_05850 — FAILED with 1 mismatch(es):
  [BUSINESS_VALUE_MISMATCH  ] funds_data.data[plan_id=19701].investment_amount
      api1: 3700
      api2: 3591.666666666667
      planId: 19701
      fund1:  Parag Parikh Flexi Cap Direct-G
      fund2:  Parag Parikh Flexi Cap Direct-G
      diff:   108.333333333333
      note:   Values differ by 108.333333333333 (tolerance: 100.0) expected [true] but found [false]
at org.testng.Assert.fail(Assert.java:111)
at org.testng.Assert.failNotEquals(Assert.java:1578)
at org.testng.Assert.assertTrue(Assert.java:57)
at com.vr.portfolioplanner.test.ApiComparisonTest.comparePortfolioPlanner(ApiComparisonTest.java:240)
at jdk.internal.reflect.GeneratedMethodAccessor135.invoke(Unknown Source)
at java.base/jdk.internal.reflect.DelegatingMethodAccessorImpl.invoke(DelegatingMethodAccessorImpl.java:43)
at java.base/java.lang.reflect.Method.invoke(Method.java:568)
at org.testng.internal.invokers.MethodInvocationHelper.invokeMethod(MethodInvocationHelper.java:139)
at org.testng.internal.invokers.TestInvoker.invokeMethod(TestInvoker.java:664)
at org.testng.internal.invokers.TestInvoker.invokeTestMethod(TestInvoker.java:227)
at org.testng.internal.invokers.TestMethodWithDataProviderMethodWorker.call(TestMethodWithDataProviderMethodWorker.java:80)
at org.testng.internal.invokers.TestMethodWithDataProviderMethodWorker.call(TestMethodWithDataProviderMethodWorker.java:17)
at java.base/java.util.concurrent.FutureTask.run(FutureTask.java:264)
at java.base/java.util.concurrent.Executors$RunnableAdapter.call(Executors.java:539)
at java.base/java.util.concurrent.FutureTask.run(FutureTask.java:264)
at java.base/java.util.concurrent.ThreadPoolExecutor.runWorker(ThreadPoolExecutor.java:1136)
at java.base/java.util.concurrent.ThreadPoolExecutor$Worker.run(ThreadPoolExecutor.java:635)
at java.base/java.lang.Thread.run(Thread.java:842)
]]>
    </failure>
  </testcase> <!-- comparePortfolioPlanner -->
  <testcase classname="com.vr.portfolioplanner.test.ApiComparisonTest" name="comparePortfolioPlanner" time="1.692"/>
  <testcase classname="com.vr.portfolioplanner.test.ApiComparisonTest" name="comparePortfolioPlanner" time="1.901"/>
  <testcase classname="com.vr.portfolioplanner.test.ApiComparisonTest" name="comparePortfolioPlanner" time="1.815"/>
  <testcase classname="com.vr.portfolioplanner.test.ApiComparisonTest" name="comparePortfolioPlanner" time="3.064">
    <failure message="
TC_05718 — FAILED with 2 mismatch(es):
  [MISSING_FIELD            ] funds_data.data[plan_id=16897]
      api1: 16897
      api2: (not found)
      planId: 16897
      fund1:  Aditya Birla SL Balanced Advantage Direct-G
      fund2:  NOT FOUND
      note:   Fund plan_id=&#039;16897&#039; present in API-1 but missing in API-2
  [EXTRA_FIELD              ] funds_data.data[plan_id=38387]
      api1: (not found)
      api2: 38387
      planId: 38387
      fund1:  NOT FOUND
      fund2:  Mirae Asset Equity Savings Direct-G
      note:   Fund plan_id=&#039;38387&#039; present in API-2 but missing in API-1 expected [true] but found [false]" type="java.lang.AssertionError">
      <![CDATA[java.lang.AssertionError: 
TC_05718 — FAILED with 2 mismatch(es):
  [MISSING_FIELD            ] funds_data.data[plan_id=16897]
      api1: 16897
      api2: (not found)
      planId: 16897
      fund1:  Aditya Birla SL Balanced Advantage Direct-G
      fund2:  NOT FOUND
      note:   Fund plan_id='16897' present in API-1 but missing in API-2
  [EXTRA_FIELD              ] funds_data.data[plan_id=38387]
      api1: (not found)
      api2: 38387
      planId: 38387
      fund1:  NOT FOUND
      fund2:  Mirae Asset Equity Savings Direct-G
      note:   Fund plan_id='38387' present in API-2 but missing in API-1 expected [true] but found [false]
at org.testng.Assert.fail(Assert.java:111)
at org.testng.Assert.failNotEquals(Assert.java:1578)
at org.testng.Assert.assertTrue(Assert.java:57)
at com.vr.portfolioplanner.test.ApiComparisonTest.comparePortfolioPlanner(ApiComparisonTest.java:240)
at jdk.internal.reflect.GeneratedMethodAccessor135.invoke(Unknown Source)
at java.base/jdk.internal.reflect.DelegatingMethodAccessorImpl.invoke(DelegatingMethodAccessorImpl.java:43)
at java.base/java.lang.reflect.Method.invoke(Method.java:568)
at org.testng.internal.invokers.MethodInvocationHelper.invokeMethod(MethodInvocationHelper.java:139)
at org.testng.internal.invokers.TestInvoker.invokeMethod(TestInvoker.java:664)
at org.testng.internal.invokers.TestInvoker.invokeTestMethod(TestInvoker.java:227)
at org.testng.internal.invokers.TestMethodWithDataProviderMethodWorker.call(TestMethodWithDataProviderMethodWorker.java:80)
at org.testng.internal.invokers.TestMethodWithDataProviderMethodWorker.call(TestMethodWithDataProviderMethodWorker.java:17)
at java.base/java.util.concurrent.FutureTask.run(FutureTask.java:264)
at java.base/java.util.concurrent.Executors$RunnableAdapter.call(Executors.java:539)
at java.base/java.util.concurrent.FutureTask.run(FutureTask.java:264)
at java.base/java.util.concurrent.ThreadPoolExecutor.runWorker(ThreadPoolExecutor.java:1136)
at java.base/java.util.concurrent.ThreadPoolExecutor$Worker.run(ThreadPoolExecutor.java:635)
at java.base/java.lang.Thread.run(Thread.java:842)
]]>
    </failure>
  </testcase> <!-- comparePortfolioPlanner -->
  <testcase classname="com.vr.portfolioplanner.test.ApiComparisonTest" name="comparePortfolioPlanner" time="1.542"/>
  <testcase classname="com.vr.portfolioplanner.test.ApiComparisonTest" name="comparePortfolioPlanner" time="1.725">
    <failure message="
TC_05529 — FAILED with 1 mismatch(es):
  [BUSINESS_VALUE_MISMATCH  ] funds_data.data[plan_id=15866].investment_amount
      api1: 1829999
      api2: 1829801
      planId: 15866
      fund1:  ICICI Pru Short Term Direct-G
      fund2:  ICICI Pru Short Term Direct-G
      diff:   198
      note:   Values differ by 198 (tolerance: 100.0) expected [true] but found [false]" type="java.lang.AssertionError">
      <![CDATA[java.lang.AssertionError: 
TC_05529 — FAILED with 1 mismatch(es):
  [BUSINESS_VALUE_MISMATCH  ] funds_data.data[plan_id=15866].investment_amount
      api1: 1829999
      api2: 1829801
      planId: 15866
      fund1:  ICICI Pru Short Term Direct-G
      fund2:  ICICI Pru Short Term Direct-G
      diff:   198
      note:   Values differ by 198 (tolerance: 100.0) expected [true] but found [false]
at org.testng.Assert.fail(Assert.java:111)
at org.testng.Assert.failNotEquals(Assert.java:1578)
at org.testng.Assert.assertTrue(Assert.java:57)
at com.vr.portfolioplanner.test.ApiComparisonTest.comparePortfolioPlanner(ApiComparisonTest.java:240)
at jdk.internal.reflect.GeneratedMethodAccessor135.invoke(Unknown Source)
at java.base/jdk.internal.reflect.DelegatingMethodAccessorImpl.invoke(DelegatingMethodAccessorImpl.java:43)
at java.base/java.lang.reflect.Method.invoke(Method.java:568)
at org.testng.internal.invokers.MethodInvocationHelper.invokeMethod(MethodInvocationHelper.java:139)
at org.testng.internal.invokers.TestInvoker.invokeMethod(TestInvoker.java:664)
at org.testng.internal.invokers.TestInvoker.invokeTestMethod(TestInvoker.java:227)
at org.testng.internal.invokers.TestMethodWithDataProviderMethodWorker.call(TestMethodWithDataProviderMethodWorker.java:80)
at org.testng.internal.invokers.TestMethodWithDataProviderMethodWorker.call(TestMethodWithDataProviderMethodWorker.java:17)
at java.base/java.util.concurrent.FutureTask.run(FutureTask.java:264)
at java.base/java.util.concurrent.Executors$RunnableAdapter.call(Executors.java:539)
at java.base/java.util.concurrent.FutureTask.run(FutureTask.java:264)
at java.base/java.util.concurrent.ThreadPoolExecutor.runWorker(ThreadPoolExecutor.java:1136)
at java.base/java.util.concurrent.ThreadPoolExecutor$Worker.run(ThreadPoolExecutor.java:635)
at java.base/java.lang.Thread.run(Thread.java:842)
]]>
    </failure>
  </testcase> <!-- comparePortfolioPlanner -->
  <testcase classname="com.vr.portfolioplanner.test.ApiComparisonTest" name="comparePortfolioPlanner" time="1.665"/>
  <testcase classname="com.vr.portfolioplanner.test.ApiComparisonTest" name="comparePortfolioPlanner" time="2.568"/>
  <testcase classname="com.vr.portfolioplanner.test.ApiComparisonTest" name="comparePortfolioPlanner" time="1.831"/>
  <testcase classname="com.vr.portfolioplanner.test.ApiComparisonTest" name="comparePortfolioPlanner" time="2.063"/>
  <testcase classname="com.vr.portfolioplanner.test.ApiComparisonTest" name="comparePortfolioPlanner" time="2.070">
    <failure message="
TC_05930 — FAILED with 2 mismatch(es):
  [MISSING_FIELD            ] funds_data.data[plan_id=16897]
      api1: 16897
      api2: (not found)
      planId: 16897
      fund1:  Aditya Birla SL Balanced Advantage Direct-G
      fund2:  NOT FOUND
      note:   Fund plan_id=&#039;16897&#039; present in API-1 but missing in API-2
  [EXTRA_FIELD              ] funds_data.data[plan_id=38387]
      api1: (not found)
      api2: 38387
      planId: 38387
      fund1:  NOT FOUND
      fund2:  Mirae Asset Equity Savings Direct-G
      note:   Fund plan_id=&#039;38387&#039; present in API-2 but missing in API-1 expected [true] but found [false]" type="java.lang.AssertionError">
      <![CDATA[java.lang.AssertionError: 
TC_05930 — FAILED with 2 mismatch(es):
  [MISSING_FIELD            ] funds_data.data[plan_id=16897]
      api1: 16897
      api2: (not found)
      planId: 16897
      fund1:  Aditya Birla SL Balanced Advantage Direct-G
      fund2:  NOT FOUND
      note:   Fund plan_id='16897' present in API-1 but missing in API-2
  [EXTRA_FIELD              ] funds_data.data[plan_id=38387]
      api1: (not found)
      api2: 38387
      planId: 38387
      fund1:  NOT FOUND
      fund2:  Mirae Asset Equity Savings Direct-G
      note:   Fund plan_id='38387' present in API-2 but missing in API-1 expected [true] but found [false]
at org.testng.Assert.fail(Assert.java:111)
at org.testng.Assert.failNotEquals(Assert.java:1578)
at org.testng.Assert.assertTrue(Assert.java:57)
at com.vr.portfolioplanner.test.ApiComparisonTest.comparePortfolioPlanner(ApiComparisonTest.java:240)
at jdk.internal.reflect.GeneratedMethodAccessor135.invoke(Unknown Source)
at java.base/jdk.internal.reflect.DelegatingMethodAccessorImpl.invoke(DelegatingMethodAccessorImpl.java:43)
at java.base/java.lang.reflect.Method.invoke(Method.java:568)
at org.testng.internal.invokers.MethodInvocationHelper.invokeMethod(MethodInvocationHelper.java:139)
at org.testng.internal.invokers.TestInvoker.invokeMethod(TestInvoker.java:664)
at org.testng.internal.invokers.TestInvoker.invokeTestMethod(TestInvoker.java:227)
at org.testng.internal.invokers.TestMethodWithDataProviderMethodWorker.call(TestMethodWithDataProviderMethodWorker.java:80)
at org.testng.internal.invokers.TestMethodWithDataProviderMethodWorker.call(TestMethodWithDataProviderMethodWorker.java:17)
at java.base/java.util.concurrent.FutureTask.run(FutureTask.java:264)
at java.base/java.util.concurrent.Executors$RunnableAdapter.call(Executors.java:539)
at java.base/java.util.concurrent.FutureTask.run(FutureTask.java:264)
at java.base/java.util.concurrent.ThreadPoolExecutor.runWorker(ThreadPoolExecutor.java:1136)
at java.base/java.util.concurrent.ThreadPoolExecutor$Worker.run(ThreadPoolExecutor.java:635)
at java.base/java.lang.Thread.run(Thread.java:842)
]]>
    </failure>
  </testcase> <!-- comparePortfolioPlanner -->
  <testcase classname="com.vr.portfolioplanner.test.ApiComparisonTest" name="comparePortfolioPlanner" time="1.654">
    <failure message="
TC_05834 — FAILED with 1 mismatch(es):
  [BUSINESS_VALUE_MISMATCH  ] funds_data.data[plan_id=15866].investment_amount
      api1: 914999
      api2: 914801
      planId: 15866
      fund1:  ICICI Pru Short Term Direct-G
      fund2:  ICICI Pru Short Term Direct-G
      diff:   198
      note:   Values differ by 198 (tolerance: 100.0) expected [true] but found [false]" type="java.lang.AssertionError">
      <![CDATA[java.lang.AssertionError: 
TC_05834 — FAILED with 1 mismatch(es):
  [BUSINESS_VALUE_MISMATCH  ] funds_data.data[plan_id=15866].investment_amount
      api1: 914999
      api2: 914801
      planId: 15866
      fund1:  ICICI Pru Short Term Direct-G
      fund2:  ICICI Pru Short Term Direct-G
      diff:   198
      note:   Values differ by 198 (tolerance: 100.0) expected [true] but found [false]
at org.testng.Assert.fail(Assert.java:111)
at org.testng.Assert.failNotEquals(Assert.java:1578)
at org.testng.Assert.assertTrue(Assert.java:57)
at com.vr.portfolioplanner.test.ApiComparisonTest.comparePortfolioPlanner(ApiComparisonTest.java:240)
at jdk.internal.reflect.GeneratedMethodAccessor135.invoke(Unknown Source)
at java.base/jdk.internal.reflect.DelegatingMethodAccessorImpl.invoke(DelegatingMethodAccessorImpl.java:43)
at java.base/java.lang.reflect.Method.invoke(Method.java:568)
at org.testng.internal.invokers.MethodInvocationHelper.invokeMethod(MethodInvocationHelper.java:139)
at org.testng.internal.invokers.TestInvoker.invokeMethod(TestInvoker.java:664)
at org.testng.internal.invokers.TestInvoker.invokeTestMethod(TestInvoker.java:227)
at org.testng.internal.invokers.TestMethodWithDataProviderMethodWorker.call(TestMethodWithDataProviderMethodWorker.java:80)
at org.testng.internal.invokers.TestMethodWithDataProviderMethodWorker.call(TestMethodWithDataProviderMethodWorker.java:17)
at java.base/java.util.concurrent.FutureTask.run(FutureTask.java:264)
at java.base/java.util.concurrent.Executors$RunnableAdapter.call(Executors.java:539)
at java.base/java.util.concurrent.FutureTask.run(FutureTask.java:264)
at java.base/java.util.concurrent.ThreadPoolExecutor.runWorker(ThreadPoolExecutor.java:1136)
at java.base/java.util.concurrent.ThreadPoolExecutor$Worker.run(ThreadPoolExecutor.java:635)
at java.base/java.lang.Thread.run(Thread.java:842)
]]>
    </failure>
  </testcase> <!-- comparePortfolioPlanner -->
  <testcase classname="com.vr.portfolioplanner.test.ApiComparisonTest" name="comparePortfolioPlanner" time="1.607"/>
  <testcase classname="com.vr.portfolioplanner.test.ApiComparisonTest" name="comparePortfolioPlanner" time="1.613">
    <failure message="
TC_05459 — FAILED with 2 mismatch(es):
  [BUSINESS_VALUE_MISMATCH  ] funds_data.data[plan_id=15866].investment_amount
      api1: 762499
      api2: 762301
      planId: 15866
      fund1:  ICICI Pru Short Term Direct-G
      fund2:  ICICI Pru Short Term Direct-G
      diff:   198
      note:   Values differ by 198 (tolerance: 100.0)
  [BUSINESS_VALUE_MISMATCH  ] funds_data.data[plan_id=19701].investment_amount
      api1: 18300
      api2: 18158.333333333336
      planId: 19701
      fund1:  Parag Parikh Flexi Cap Direct-G
      fund2:  Parag Parikh Flexi Cap Direct-G
      diff:   141.666666666664
      note:   Values differ by 141.666666666664 (tolerance: 100.0) expected [true] but found [false]" type="java.lang.AssertionError">
      <![CDATA[java.lang.AssertionError: 
TC_05459 — FAILED with 2 mismatch(es):
  [BUSINESS_VALUE_MISMATCH  ] funds_data.data[plan_id=15866].investment_amount
      api1: 762499
      api2: 762301
      planId: 15866
      fund1:  ICICI Pru Short Term Direct-G
      fund2:  ICICI Pru Short Term Direct-G
      diff:   198
      note:   Values differ by 198 (tolerance: 100.0)
  [BUSINESS_VALUE_MISMATCH  ] funds_data.data[plan_id=19701].investment_amount
      api1: 18300
      api2: 18158.333333333336
      planId: 19701
      fund1:  Parag Parikh Flexi Cap Direct-G
      fund2:  Parag Parikh Flexi Cap Direct-G
      diff:   141.666666666664
      note:   Values differ by 141.666666666664 (tolerance: 100.0) expected [true] but found [false]
at org.testng.Assert.fail(Assert.java:111)
at org.testng.Assert.failNotEquals(Assert.java:1578)
at org.testng.Assert.assertTrue(Assert.java:57)
at com.vr.portfolioplanner.test.ApiComparisonTest.comparePortfolioPlanner(ApiComparisonTest.java:240)
at jdk.internal.reflect.GeneratedMethodAccessor135.invoke(Unknown Source)
at java.base/jdk.internal.reflect.DelegatingMethodAccessorImpl.invoke(DelegatingMethodAccessorImpl.java:43)
at java.base/java.lang.reflect.Method.invoke(Method.java:568)
at org.testng.internal.invokers.MethodInvocationHelper.invokeMethod(MethodInvocationHelper.java:139)
at org.testng.internal.invokers.TestInvoker.invokeMethod(TestInvoker.java:664)
at org.testng.internal.invokers.TestInvoker.invokeTestMethod(TestInvoker.java:227)
at org.testng.internal.invokers.TestMethodWithDataProviderMethodWorker.call(TestMethodWithDataProviderMethodWorker.java:80)
at org.testng.internal.invokers.TestMethodWithDataProviderMethodWorker.call(TestMethodWithDataProviderMethodWorker.java:17)
at java.base/java.util.concurrent.FutureTask.run(FutureTask.java:264)
at java.base/java.util.concurrent.Executors$RunnableAdapter.call(Executors.java:539)
at java.base/java.util.concurrent.FutureTask.run(FutureTask.java:264)
at java.base/java.util.concurrent.ThreadPoolExecutor.runWorker(ThreadPoolExecutor.java:1136)
at java.base/java.util.concurrent.ThreadPoolExecutor$Worker.run(ThreadPoolExecutor.java:635)
at java.base/java.lang.Thread.run(Thread.java:842)
]]>
    </failure>
  </testcase> <!-- comparePortfolioPlanner -->
  <testcase classname="com.vr.portfolioplanner.test.ApiComparisonTest" name="comparePortfolioPlanner" time="1.657">
    <failure message="
TC_05294 — FAILED with 2 mismatch(es):
  [BUSINESS_VALUE_MISMATCH  ] funds_data.data[plan_id=15866].investment_amount
      api1: 6099999
      api2: 6099801
      planId: 15866
      fund1:  ICICI Pru Short Term Direct-G
      fund2:  ICICI Pru Short Term Direct-G
      diff:   198
      note:   Values differ by 198 (tolerance: 100.0)
  [BUSINESS_VALUE_MISMATCH  ] funds_data.data[plan_id=19701].investment_amount
      api1: 145900
      api2: 145766.6666666667
      planId: 19701
      fund1:  Parag Parikh Flexi Cap Direct-G
      fund2:  Parag Parikh Flexi Cap Direct-G
      diff:   133.3333333333
      note:   Values differ by 133.3333333333 (tolerance: 100.0) expected [true] but found [false]" type="java.lang.AssertionError">
      <![CDATA[java.lang.AssertionError: 
TC_05294 — FAILED with 2 mismatch(es):
  [BUSINESS_VALUE_MISMATCH  ] funds_data.data[plan_id=15866].investment_amount
      api1: 6099999
      api2: 6099801
      planId: 15866
      fund1:  ICICI Pru Short Term Direct-G
      fund2:  ICICI Pru Short Term Direct-G
      diff:   198
      note:   Values differ by 198 (tolerance: 100.0)
  [BUSINESS_VALUE_MISMATCH  ] funds_data.data[plan_id=19701].investment_amount
      api1: 145900
      api2: 145766.6666666667
      planId: 19701
      fund1:  Parag Parikh Flexi Cap Direct-G
      fund2:  Parag Parikh Flexi Cap Direct-G
      diff:   133.3333333333
      note:   Values differ by 133.3333333333 (tolerance: 100.0) expected [true] but found [false]
at org.testng.Assert.fail(Assert.java:111)
at org.testng.Assert.failNotEquals(Assert.java:1578)
at org.testng.Assert.assertTrue(Assert.java:57)
at com.vr.portfolioplanner.test.ApiComparisonTest.comparePortfolioPlanner(ApiComparisonTest.java:240)
at jdk.internal.reflect.GeneratedMethodAccessor135.invoke(Unknown Source)
at java.base/jdk.internal.reflect.DelegatingMethodAccessorImpl.invoke(DelegatingMethodAccessorImpl.java:43)
at java.base/java.lang.reflect.Method.invoke(Method.java:568)
at org.testng.internal.invokers.MethodInvocationHelper.invokeMethod(MethodInvocationHelper.java:139)
at org.testng.internal.invokers.TestInvoker.invokeMethod(TestInvoker.java:664)
at org.testng.internal.invokers.TestInvoker.invokeTestMethod(TestInvoker.java:227)
at org.testng.internal.invokers.TestMethodWithDataProviderMethodWorker.call(TestMethodWithDataProviderMethodWorker.java:80)
at org.testng.internal.invokers.TestMethodWithDataProviderMethodWorker.call(TestMethodWithDataProviderMethodWorker.java:17)
at java.base/java.util.concurrent.FutureTask.run(FutureTask.java:264)
at java.base/java.util.concurrent.Executors$RunnableAdapter.call(Executors.java:539)
at java.base/java.util.concurrent.FutureTask.run(FutureTask.java:264)
at java.base/java.util.concurrent.ThreadPoolExecutor.runWorker(ThreadPoolExecutor.java:1136)
at java.base/java.util.concurrent.ThreadPoolExecutor$Worker.run(ThreadPoolExecutor.java:635)
at java.base/java.lang.Thread.run(Thread.java:842)
]]>
    </failure>
  </testcase> <!-- comparePortfolioPlanner -->
  <testcase classname="com.vr.portfolioplanner.test.ApiComparisonTest" name="comparePortfolioPlanner" time="1.778">
    <failure message="
TC_05444 — FAILED with 1 mismatch(es):
  [BUSINESS_VALUE_MISMATCH  ] funds_data.data[plan_id=15866].investment_amount
      api1: 3659999
      api2: 3659801
      planId: 15866
      fund1:  ICICI Pru Short Term Direct-G
      fund2:  ICICI Pru Short Term Direct-G
      diff:   198
      note:   Values differ by 198 (tolerance: 100.0) expected [true] but found [false]" type="java.lang.AssertionError">
      <![CDATA[java.lang.AssertionError: 
TC_05444 — FAILED with 1 mismatch(es):
  [BUSINESS_VALUE_MISMATCH  ] funds_data.data[plan_id=15866].investment_amount
      api1: 3659999
      api2: 3659801
      planId: 15866
      fund1:  ICICI Pru Short Term Direct-G
      fund2:  ICICI Pru Short Term Direct-G
      diff:   198
      note:   Values differ by 198 (tolerance: 100.0) expected [true] but found [false]
at org.testng.Assert.fail(Assert.java:111)
at org.testng.Assert.failNotEquals(Assert.java:1578)
at org.testng.Assert.assertTrue(Assert.java:57)
at com.vr.portfolioplanner.test.ApiComparisonTest.comparePortfolioPlanner(ApiComparisonTest.java:240)
at jdk.internal.reflect.GeneratedMethodAccessor135.invoke(Unknown Source)
at java.base/jdk.internal.reflect.DelegatingMethodAccessorImpl.invoke(DelegatingMethodAccessorImpl.java:43)
at java.base/java.lang.reflect.Method.invoke(Method.java:568)
at org.testng.internal.invokers.MethodInvocationHelper.invokeMethod(MethodInvocationHelper.java:139)
at org.testng.internal.invokers.TestInvoker.invokeMethod(TestInvoker.java:664)
at org.testng.internal.invokers.TestInvoker.invokeTestMethod(TestInvoker.java:227)
at org.testng.internal.invokers.TestMethodWithDataProviderMethodWorker.call(TestMethodWithDataProviderMethodWorker.java:80)
at org.testng.internal.invokers.TestMethodWithDataProviderMethodWorker.call(TestMethodWithDataProviderMethodWorker.java:17)
at java.base/java.util.concurrent.FutureTask.run(FutureTask.java:264)
at java.base/java.util.concurrent.Executors$RunnableAdapter.call(Executors.java:539)
at java.base/java.util.concurrent.FutureTask.run(FutureTask.java:264)
at java.base/java.util.concurrent.ThreadPoolExecutor.runWorker(ThreadPoolExecutor.java:1136)
at java.base/java.util.concurrent.ThreadPoolExecutor$Worker.run(ThreadPoolExecutor.java:635)
at java.base/java.lang.Thread.run(Thread.java:842)
]]>
    </failure>
  </testcase> <!-- comparePortfolioPlanner -->
  <testcase classname="com.vr.portfolioplanner.test.ApiComparisonTest" name="comparePortfolioPlanner" time="5.593">
    <failure message="
TC_05495 — FAILED with 2 mismatch(es):
  [MISSING_FIELD            ] funds_data.data[plan_id=16897]
      api1: 16897
      api2: (not found)
      planId: 16897
      fund1:  Aditya Birla SL Balanced Advantage Direct-G
      fund2:  NOT FOUND
      note:   Fund plan_id=&#039;16897&#039; present in API-1 but missing in API-2
  [EXTRA_FIELD              ] funds_data.data[plan_id=38387]
      api1: (not found)
      api2: 38387
      planId: 38387
      fund1:  NOT FOUND
      fund2:  Mirae Asset Equity Savings Direct-G
      note:   Fund plan_id=&#039;38387&#039; present in API-2 but missing in API-1 expected [true] but found [false]" type="java.lang.AssertionError">
      <![CDATA[java.lang.AssertionError: 
TC_05495 — FAILED with 2 mismatch(es):
  [MISSING_FIELD            ] funds_data.data[plan_id=16897]
      api1: 16897
      api2: (not found)
      planId: 16897
      fund1:  Aditya Birla SL Balanced Advantage Direct-G
      fund2:  NOT FOUND
      note:   Fund plan_id='16897' present in API-1 but missing in API-2
  [EXTRA_FIELD              ] funds_data.data[plan_id=38387]
      api1: (not found)
      api2: 38387
      planId: 38387
      fund1:  NOT FOUND
      fund2:  Mirae Asset Equity Savings Direct-G
      note:   Fund plan_id='38387' present in API-2 but missing in API-1 expected [true] but found [false]
at org.testng.Assert.fail(Assert.java:111)
at org.testng.Assert.failNotEquals(Assert.java:1578)
at org.testng.Assert.assertTrue(Assert.java:57)
at com.vr.portfolioplanner.test.ApiComparisonTest.comparePortfolioPlanner(ApiComparisonTest.java:240)
at jdk.internal.reflect.GeneratedMethodAccessor135.invoke(Unknown Source)
at java.base/jdk.internal.reflect.DelegatingMethodAccessorImpl.invoke(DelegatingMethodAccessorImpl.java:43)
at java.base/java.lang.reflect.Method.invoke(Method.java:568)
at org.testng.internal.invokers.MethodInvocationHelper.invokeMethod(MethodInvocationHelper.java:139)
at org.testng.internal.invokers.TestInvoker.invokeMethod(TestInvoker.java:664)
at org.testng.internal.invokers.TestInvoker.invokeTestMethod(TestInvoker.java:227)
at org.testng.internal.invokers.TestMethodWithDataProviderMethodWorker.call(TestMethodWithDataProviderMethodWorker.java:80)
at org.testng.internal.invokers.TestMethodWithDataProviderMethodWorker.call(TestMethodWithDataProviderMethodWorker.java:17)
at java.base/java.util.concurrent.FutureTask.run(FutureTask.java:264)
at java.base/java.util.concurrent.Executors$RunnableAdapter.call(Executors.java:539)
at java.base/java.util.concurrent.FutureTask.run(FutureTask.java:264)
at java.base/java.util.concurrent.ThreadPoolExecutor.runWorker(ThreadPoolExecutor.java:1136)
at java.base/java.util.concurrent.ThreadPoolExecutor$Worker.run(ThreadPoolExecutor.java:635)
at java.base/java.lang.Thread.run(Thread.java:842)
]]>
    </failure>
  </testcase> <!-- comparePortfolioPlanner -->
  <testcase classname="com.vr.portfolioplanner.test.ApiComparisonTest" name="comparePortfolioPlanner" time="5.419"/>
  <testcase classname="com.vr.portfolioplanner.test.ApiComparisonTest" name="comparePortfolioPlanner" time="1.836">
    <failure message="
TC_05924 — FAILED with 1 mismatch(es):
  [BUSINESS_VALUE_MISMATCH  ] funds_data.data[plan_id=15866].investment_amount
      api1: 1524999
      api2: 1524801
      planId: 15866
      fund1:  ICICI Pru Short Term Direct-G
      fund2:  ICICI Pru Short Term Direct-G
      diff:   198
      note:   Values differ by 198 (tolerance: 100.0) expected [true] but found [false]" type="java.lang.AssertionError">
      <![CDATA[java.lang.AssertionError: 
TC_05924 — FAILED with 1 mismatch(es):
  [BUSINESS_VALUE_MISMATCH  ] funds_data.data[plan_id=15866].investment_amount
      api1: 1524999
      api2: 1524801
      planId: 15866
      fund1:  ICICI Pru Short Term Direct-G
      fund2:  ICICI Pru Short Term Direct-G
      diff:   198
      note:   Values differ by 198 (tolerance: 100.0) expected [true] but found [false]
at org.testng.Assert.fail(Assert.java:111)
at org.testng.Assert.failNotEquals(Assert.java:1578)
at org.testng.Assert.assertTrue(Assert.java:57)
at com.vr.portfolioplanner.test.ApiComparisonTest.comparePortfolioPlanner(ApiComparisonTest.java:240)
at jdk.internal.reflect.GeneratedMethodAccessor135.invoke(Unknown Source)
at java.base/jdk.internal.reflect.DelegatingMethodAccessorImpl.invoke(DelegatingMethodAccessorImpl.java:43)
at java.base/java.lang.reflect.Method.invoke(Method.java:568)
at org.testng.internal.invokers.MethodInvocationHelper.invokeMethod(MethodInvocationHelper.java:139)
at org.testng.internal.invokers.TestInvoker.invokeMethod(TestInvoker.java:664)
at org.testng.internal.invokers.TestInvoker.invokeTestMethod(TestInvoker.java:227)
at org.testng.internal.invokers.TestMethodWithDataProviderMethodWorker.call(TestMethodWithDataProviderMethodWorker.java:80)
at org.testng.internal.invokers.TestMethodWithDataProviderMethodWorker.call(TestMethodWithDataProviderMethodWorker.java:17)
at java.base/java.util.concurrent.FutureTask.run(FutureTask.java:264)
at java.base/java.util.concurrent.Executors$RunnableAdapter.call(Executors.java:539)
at java.base/java.util.concurrent.FutureTask.run(FutureTask.java:264)
at java.base/java.util.concurrent.ThreadPoolExecutor.runWorker(ThreadPoolExecutor.java:1136)
at java.base/java.util.concurrent.ThreadPoolExecutor$Worker.run(ThreadPoolExecutor.java:635)
at java.base/java.lang.Thread.run(Thread.java:842)
]]>
    </failure>
  </testcase> <!-- comparePortfolioPlanner -->
  <testcase classname="com.vr.portfolioplanner.test.ApiComparisonTest" name="comparePortfolioPlanner" time="1.559"/>
  <testcase classname="com.vr.portfolioplanner.test.ApiComparisonTest" name="comparePortfolioPlanner" time="2.069">
    <failure message="
TC_05790 — FAILED with 2 mismatch(es):
  [MISSING_FIELD            ] funds_data.data[plan_id=16897]
      api1: 16897
      api2: (not found)
      planId: 16897
      fund1:  Aditya Birla SL Balanced Advantage Direct-G
      fund2:  NOT FOUND
      note:   Fund plan_id=&#039;16897&#039; present in API-1 but missing in API-2
  [EXTRA_FIELD              ] funds_data.data[plan_id=38387]
      api1: (not found)
      api2: 38387
      planId: 38387
      fund1:  NOT FOUND
      fund2:  Mirae Asset Equity Savings Direct-G
      note:   Fund plan_id=&#039;38387&#039; present in API-2 but missing in API-1 expected [true] but found [false]" type="java.lang.AssertionError">
      <![CDATA[java.lang.AssertionError: 
TC_05790 — FAILED with 2 mismatch(es):
  [MISSING_FIELD            ] funds_data.data[plan_id=16897]
      api1: 16897
      api2: (not found)
      planId: 16897
      fund1:  Aditya Birla SL Balanced Advantage Direct-G
      fund2:  NOT FOUND
      note:   Fund plan_id='16897' present in API-1 but missing in API-2
  [EXTRA_FIELD              ] funds_data.data[plan_id=38387]
      api1: (not found)
      api2: 38387
      planId: 38387
      fund1:  NOT FOUND
      fund2:  Mirae Asset Equity Savings Direct-G
      note:   Fund plan_id='38387' present in API-2 but missing in API-1 expected [true] but found [false]
at org.testng.Assert.fail(Assert.java:111)
at org.testng.Assert.failNotEquals(Assert.java:1578)
at org.testng.Assert.assertTrue(Assert.java:57)
at com.vr.portfolioplanner.test.ApiComparisonTest.comparePortfolioPlanner(ApiComparisonTest.java:240)
at jdk.internal.reflect.GeneratedMethodAccessor135.invoke(Unknown Source)
at java.base/jdk.internal.reflect.DelegatingMethodAccessorImpl.invoke(DelegatingMethodAccessorImpl.java:43)
at java.base/java.lang.reflect.Method.invoke(Method.java:568)
at org.testng.internal.invokers.MethodInvocationHelper.invokeMethod(MethodInvocationHelper.java:139)
at org.testng.internal.invokers.TestInvoker.invokeMethod(TestInvoker.java:664)
at org.testng.internal.invokers.TestInvoker.invokeTestMethod(TestInvoker.java:227)
at org.testng.internal.invokers.TestMethodWithDataProviderMethodWorker.call(TestMethodWithDataProviderMethodWorker.java:80)
at org.testng.internal.invokers.TestMethodWithDataProviderMethodWorker.call(TestMethodWithDataProviderMethodWorker.java:17)
at java.base/java.util.concurrent.FutureTask.run(FutureTask.java:264)
at java.base/java.util.concurrent.Executors$RunnableAdapter.call(Executors.java:539)
at java.base/java.util.concurrent.FutureTask.run(FutureTask.java:264)
at java.base/java.util.concurrent.ThreadPoolExecutor.runWorker(ThreadPoolExecutor.java:1136)
at java.base/java.util.concurrent.ThreadPoolExecutor$Worker.run(ThreadPoolExecutor.java:635)
at java.base/java.lang.Thread.run(Thread.java:842)
]]>
    </failure>
  </testcase> <!-- comparePortfolioPlanner -->
  <testcase classname="com.vr.portfolioplanner.test.ApiComparisonTest" name="comparePortfolioPlanner" time="2.060"/>
  <testcase classname="com.vr.portfolioplanner.test.ApiComparisonTest" name="comparePortfolioPlanner" time="2.191">
    <failure message="
TC_05849 — FAILED with 2 mismatch(es):
  [BUSINESS_VALUE_MISMATCH  ] funds_data.data[plan_id=15866].investment_amount
      api1: 121999
      api2: 121801
      planId: 15866
      fund1:  ICICI Pru Short Term Direct-G
      fund2:  ICICI Pru Short Term Direct-G
      diff:   198
      note:   Values differ by 198 (tolerance: 100.0)
  [BUSINESS_VALUE_MISMATCH  ] funds_data.data[plan_id=19701].investment_amount
      api1: 3000
      api2: 2833.333333333333
      planId: 19701
      fund1:  Parag Parikh Flexi Cap Direct-G
      fund2:  Parag Parikh Flexi Cap Direct-G
      diff:   166.666666666667
      note:   Values differ by 166.666666666667 (tolerance: 100.0) expected [true] but found [false]" type="java.lang.AssertionError">
      <![CDATA[java.lang.AssertionError: 
TC_05849 — FAILED with 2 mismatch(es):
  [BUSINESS_VALUE_MISMATCH  ] funds_data.data[plan_id=15866].investment_amount
      api1: 121999
      api2: 121801
      planId: 15866
      fund1:  ICICI Pru Short Term Direct-G
      fund2:  ICICI Pru Short Term Direct-G
      diff:   198
      note:   Values differ by 198 (tolerance: 100.0)
  [BUSINESS_VALUE_MISMATCH  ] funds_data.data[plan_id=19701].investment_amount
      api1: 3000
      api2: 2833.333333333333
      planId: 19701
      fund1:  Parag Parikh Flexi Cap Direct-G
      fund2:  Parag Parikh Flexi Cap Direct-G
      diff:   166.666666666667
      note:   Values differ by 166.666666666667 (tolerance: 100.0) expected [true] but found [false]
at org.testng.Assert.fail(Assert.java:111)
at org.testng.Assert.failNotEquals(Assert.java:1578)
at org.testng.Assert.assertTrue(Assert.java:57)
at com.vr.portfolioplanner.test.ApiComparisonTest.comparePortfolioPlanner(ApiComparisonTest.java:240)
at jdk.internal.reflect.GeneratedMethodAccessor135.invoke(Unknown Source)
at java.base/jdk.internal.reflect.DelegatingMethodAccessorImpl.invoke(DelegatingMethodAccessorImpl.java:43)
at java.base/java.lang.reflect.Method.invoke(Method.java:568)
at org.testng.internal.invokers.MethodInvocationHelper.invokeMethod(MethodInvocationHelper.java:139)
at org.testng.internal.invokers.TestInvoker.invokeMethod(TestInvoker.java:664)
at org.testng.internal.invokers.TestInvoker.invokeTestMethod(TestInvoker.java:227)
at org.testng.internal.invokers.TestMethodWithDataProviderMethodWorker.call(TestMethodWithDataProviderMethodWorker.java:80)
at org.testng.internal.invokers.TestMethodWithDataProviderMethodWorker.call(TestMethodWithDataProviderMethodWorker.java:17)
at java.base/java.util.concurrent.FutureTask.run(FutureTask.java:264)
at java.base/java.util.concurrent.Executors$RunnableAdapter.call(Executors.java:539)
at java.base/java.util.concurrent.FutureTask.run(FutureTask.java:264)
at java.base/java.util.concurrent.ThreadPoolExecutor.runWorker(ThreadPoolExecutor.java:1136)
at java.base/java.util.concurrent.ThreadPoolExecutor$Worker.run(ThreadPoolExecutor.java:635)
at java.base/java.lang.Thread.run(Thread.java:842)
]]>
    </failure>
  </testcase> <!-- comparePortfolioPlanner -->
  <testcase classname="com.vr.portfolioplanner.test.ApiComparisonTest" name="comparePortfolioPlanner" time="2.528">
    <failure message="
TC_05873 — FAILED with 2 mismatch(es):
  [MISSING_FIELD            ] funds_data.data[plan_id=16897]
      api1: 16897
      api2: (not found)
      planId: 16897
      fund1:  Aditya Birla SL Balanced Advantage Direct-G
      fund2:  NOT FOUND
      note:   Fund plan_id=&#039;16897&#039; present in API-1 but missing in API-2
  [EXTRA_FIELD              ] funds_data.data[plan_id=38387]
      api1: (not found)
      api2: 38387
      planId: 38387
      fund1:  NOT FOUND
      fund2:  Mirae Asset Equity Savings Direct-G
      note:   Fund plan_id=&#039;38387&#039; present in API-2 but missing in API-1 expected [true] but found [false]" type="java.lang.AssertionError">
      <![CDATA[java.lang.AssertionError: 
TC_05873 — FAILED with 2 mismatch(es):
  [MISSING_FIELD            ] funds_data.data[plan_id=16897]
      api1: 16897
      api2: (not found)
      planId: 16897
      fund1:  Aditya Birla SL Balanced Advantage Direct-G
      fund2:  NOT FOUND
      note:   Fund plan_id='16897' present in API-1 but missing in API-2
  [EXTRA_FIELD              ] funds_data.data[plan_id=38387]
      api1: (not found)
      api2: 38387
      planId: 38387
      fund1:  NOT FOUND
      fund2:  Mirae Asset Equity Savings Direct-G
      note:   Fund plan_id='38387' present in API-2 but missing in API-1 expected [true] but found [false]
at org.testng.Assert.fail(Assert.java:111)
at org.testng.Assert.failNotEquals(Assert.java:1578)
at org.testng.Assert.assertTrue(Assert.java:57)
at com.vr.portfolioplanner.test.ApiComparisonTest.comparePortfolioPlanner(ApiComparisonTest.java:240)
at jdk.internal.reflect.GeneratedMethodAccessor135.invoke(Unknown Source)
at java.base/jdk.internal.reflect.DelegatingMethodAccessorImpl.invoke(DelegatingMethodAccessorImpl.java:43)
at java.base/java.lang.reflect.Method.invoke(Method.java:568)
at org.testng.internal.invokers.MethodInvocationHelper.invokeMethod(MethodInvocationHelper.java:139)
at org.testng.internal.invokers.TestInvoker.invokeMethod(TestInvoker.java:664)
at org.testng.internal.invokers.TestInvoker.invokeTestMethod(TestInvoker.java:227)
at org.testng.internal.invokers.TestMethodWithDataProviderMethodWorker.call(TestMethodWithDataProviderMethodWorker.java:80)
at org.testng.internal.invokers.TestMethodWithDataProviderMethodWorker.call(TestMethodWithDataProviderMethodWorker.java:17)
at java.base/java.util.concurrent.FutureTask.run(FutureTask.java:264)
at java.base/java.util.concurrent.Executors$RunnableAdapter.call(Executors.java:539)
at java.base/java.util.concurrent.FutureTask.run(FutureTask.java:264)
at java.base/java.util.concurrent.ThreadPoolExecutor.runWorker(ThreadPoolExecutor.java:1136)
at java.base/java.util.concurrent.ThreadPoolExecutor$Worker.run(ThreadPoolExecutor.java:635)
at java.base/java.lang.Thread.run(Thread.java:842)
]]>
    </failure>
  </testcase> <!-- comparePortfolioPlanner -->
  <testcase classname="com.vr.portfolioplanner.test.ApiComparisonTest" name="comparePortfolioPlanner" time="2.014"/>
  <testcase classname="com.vr.portfolioplanner.test.ApiComparisonTest" name="comparePortfolioPlanner" time="2.178">
    <failure message="
TC_05649 — FAILED with 3 mismatch(es):
  [MISSING_FIELD            ] funds_data.data[plan_id=16897]
      api1: 16897
      api2: (not found)
      planId: 16897
      fund1:  Aditya Birla SL Balanced Advantage Direct-G
      fund2:  NOT FOUND
      note:   Fund plan_id=&#039;16897&#039; present in API-1 but missing in API-2
  [EXTRA_FIELD              ] funds_data.data[plan_id=38387]
      api1: (not found)
      api2: 38387
      planId: 38387
      fund1:  NOT FOUND
      fund2:  Mirae Asset Equity Savings Direct-G
      note:   Fund plan_id=&#039;38387&#039; present in API-2 but missing in API-1
  [BUSINESS_VALUE_MISMATCH  ] funds_data.data[plan_id=15866].investment_amount
      api1: 60999
      api2: 60801
      planId: 15866
      fund1:  ICICI Pru Short Term Direct-G
      fund2:  ICICI Pru Short Term Direct-G
      diff:   198
      note:   Values differ by 198 (tolerance: 100.0) expected [true] but found [false]" type="java.lang.AssertionError">
      <![CDATA[java.lang.AssertionError: 
TC_05649 — FAILED with 3 mismatch(es):
  [MISSING_FIELD            ] funds_data.data[plan_id=16897]
      api1: 16897
      api2: (not found)
      planId: 16897
      fund1:  Aditya Birla SL Balanced Advantage Direct-G
      fund2:  NOT FOUND
      note:   Fund plan_id='16897' present in API-1 but missing in API-2
  [EXTRA_FIELD              ] funds_data.data[plan_id=38387]
      api1: (not found)
      api2: 38387
      planId: 38387
      fund1:  NOT FOUND
      fund2:  Mirae Asset Equity Savings Direct-G
      note:   Fund plan_id='38387' present in API-2 but missing in API-1
  [BUSINESS_VALUE_MISMATCH  ] funds_data.data[plan_id=15866].investment_amount
      api1: 60999
      api2: 60801
      planId: 15866
      fund1:  ICICI Pru Short Term Direct-G
      fund2:  ICICI Pru Short Term Direct-G
      diff:   198
      note:   Values differ by 198 (tolerance: 100.0) expected [true] but found [false]
at org.testng.Assert.fail(Assert.java:111)
at org.testng.Assert.failNotEquals(Assert.java:1578)
at org.testng.Assert.assertTrue(Assert.java:57)
at com.vr.portfolioplanner.test.ApiComparisonTest.comparePortfolioPlanner(ApiComparisonTest.java:240)
at jdk.internal.reflect.GeneratedMethodAccessor135.invoke(Unknown Source)
at java.base/jdk.internal.reflect.DelegatingMethodAccessorImpl.invoke(DelegatingMethodAccessorImpl.java:43)
at java.base/java.lang.reflect.Method.invoke(Method.java:568)
at org.testng.internal.invokers.MethodInvocationHelper.invokeMethod(MethodInvocationHelper.java:139)
at org.testng.internal.invokers.TestInvoker.invokeMethod(TestInvoker.java:664)
at org.testng.internal.invokers.TestInvoker.invokeTestMethod(TestInvoker.java:227)
at org.testng.internal.invokers.TestMethodWithDataProviderMethodWorker.call(TestMethodWithDataProviderMethodWorker.java:80)
at org.testng.internal.invokers.TestMethodWithDataProviderMethodWorker.call(TestMethodWithDataProviderMethodWorker.java:17)
at java.base/java.util.concurrent.FutureTask.run(FutureTask.java:264)
at java.base/java.util.concurrent.Executors$RunnableAdapter.call(Executors.java:539)
at java.base/java.util.concurrent.FutureTask.run(FutureTask.java:264)
at java.base/java.util.concurrent.ThreadPoolExecutor.runWorker(ThreadPoolExecutor.java:1136)
at java.base/java.util.concurrent.ThreadPoolExecutor$Worker.run(ThreadPoolExecutor.java:635)
at java.base/java.lang.Thread.run(Thread.java:842)
]]>
    </failure>
  </testcase> <!-- comparePortfolioPlanner -->
  <testcase classname="com.vr.portfolioplanner.test.ApiComparisonTest" name="comparePortfolioPlanner" time="1.690">
    <failure message="
TC_05744 — FAILED with 1 mismatch(es):
  [BUSINESS_VALUE_MISMATCH  ] funds_data.data[plan_id=15866].investment_amount
      api1: 609999
      api2: 609801
      planId: 15866
      fund1:  ICICI Pru Short Term Direct-G
      fund2:  ICICI Pru Short Term Direct-G
      diff:   198
      note:   Values differ by 198 (tolerance: 100.0) expected [true] but found [false]" type="java.lang.AssertionError">
      <![CDATA[java.lang.AssertionError: 
TC_05744 — FAILED with 1 mismatch(es):
  [BUSINESS_VALUE_MISMATCH  ] funds_data.data[plan_id=15866].investment_amount
      api1: 609999
      api2: 609801
      planId: 15866
      fund1:  ICICI Pru Short Term Direct-G
      fund2:  ICICI Pru Short Term Direct-G
      diff:   198
      note:   Values differ by 198 (tolerance: 100.0) expected [true] but found [false]
at org.testng.Assert.fail(Assert.java:111)
at org.testng.Assert.failNotEquals(Assert.java:1578)
at org.testng.Assert.assertTrue(Assert.java:57)
at com.vr.portfolioplanner.test.ApiComparisonTest.comparePortfolioPlanner(ApiComparisonTest.java:240)
at jdk.internal.reflect.GeneratedMethodAccessor135.invoke(Unknown Source)
at java.base/jdk.internal.reflect.DelegatingMethodAccessorImpl.invoke(DelegatingMethodAccessorImpl.java:43)
at java.base/java.lang.reflect.Method.invoke(Method.java:568)
at org.testng.internal.invokers.MethodInvocationHelper.invokeMethod(MethodInvocationHelper.java:139)
at org.testng.internal.invokers.TestInvoker.invokeMethod(TestInvoker.java:664)
at org.testng.internal.invokers.TestInvoker.invokeTestMethod(TestInvoker.java:227)
at org.testng.internal.invokers.TestMethodWithDataProviderMethodWorker.call(TestMethodWithDataProviderMethodWorker.java:80)
at org.testng.internal.invokers.TestMethodWithDataProviderMethodWorker.call(TestMethodWithDataProviderMethodWorker.java:17)
at java.base/java.util.concurrent.FutureTask.run(FutureTask.java:264)
at java.base/java.util.concurrent.Executors$RunnableAdapter.call(Executors.java:539)
at java.base/java.util.concurrent.FutureTask.run(FutureTask.java:264)
at java.base/java.util.concurrent.ThreadPoolExecutor.runWorker(ThreadPoolExecutor.java:1136)
at java.base/java.util.concurrent.ThreadPoolExecutor$Worker.run(ThreadPoolExecutor.java:635)
at java.base/java.lang.Thread.run(Thread.java:842)
]]>
    </failure>
  </testcase> <!-- comparePortfolioPlanner -->
  <testcase classname="com.vr.portfolioplanner.test.ApiComparisonTest" name="comparePortfolioPlanner" time="1.842">
    <failure message="
TC_05469 — FAILED with 1 mismatch(es):
  [BUSINESS_VALUE_MISMATCH  ] funds_data.data[plan_id=15866].investment_amount
      api1: 5489999
      api2: 5489801
      planId: 15866
      fund1:  ICICI Pru Short Term Direct-G
      fund2:  ICICI Pru Short Term Direct-G
      diff:   198
      note:   Values differ by 198 (tolerance: 100.0) expected [true] but found [false]" type="java.lang.AssertionError">
      <![CDATA[java.lang.AssertionError: 
TC_05469 — FAILED with 1 mismatch(es):
  [BUSINESS_VALUE_MISMATCH  ] funds_data.data[plan_id=15866].investment_amount
      api1: 5489999
      api2: 5489801
      planId: 15866
      fund1:  ICICI Pru Short Term Direct-G
      fund2:  ICICI Pru Short Term Direct-G
      diff:   198
      note:   Values differ by 198 (tolerance: 100.0) expected [true] but found [false]
at org.testng.Assert.fail(Assert.java:111)
at org.testng.Assert.failNotEquals(Assert.java:1578)
at org.testng.Assert.assertTrue(Assert.java:57)
at com.vr.portfolioplanner.test.ApiComparisonTest.comparePortfolioPlanner(ApiComparisonTest.java:240)
at jdk.internal.reflect.GeneratedMethodAccessor135.invoke(Unknown Source)
at java.base/jdk.internal.reflect.DelegatingMethodAccessorImpl.invoke(DelegatingMethodAccessorImpl.java:43)
at java.base/java.lang.reflect.Method.invoke(Method.java:568)
at org.testng.internal.invokers.MethodInvocationHelper.invokeMethod(MethodInvocationHelper.java:139)
at org.testng.internal.invokers.TestInvoker.invokeMethod(TestInvoker.java:664)
at org.testng.internal.invokers.TestInvoker.invokeTestMethod(TestInvoker.java:227)
at org.testng.internal.invokers.TestMethodWithDataProviderMethodWorker.call(TestMethodWithDataProviderMethodWorker.java:80)
at org.testng.internal.invokers.TestMethodWithDataProviderMethodWorker.call(TestMethodWithDataProviderMethodWorker.java:17)
at java.base/java.util.concurrent.FutureTask.run(FutureTask.java:264)
at java.base/java.util.concurrent.Executors$RunnableAdapter.call(Executors.java:539)
at java.base/java.util.concurrent.FutureTask.run(FutureTask.java:264)
at java.base/java.util.concurrent.ThreadPoolExecutor.runWorker(ThreadPoolExecutor.java:1136)
at java.base/java.util.concurrent.ThreadPoolExecutor$Worker.run(ThreadPoolExecutor.java:635)
at java.base/java.lang.Thread.run(Thread.java:842)
]]>
    </failure>
  </testcase> <!-- comparePortfolioPlanner -->
  <testcase classname="com.vr.portfolioplanner.test.ApiComparisonTest" name="comparePortfolioPlanner" time="2.137"/>
  <testcase classname="com.vr.portfolioplanner.test.ApiComparisonTest" name="comparePortfolioPlanner" time="2.525"/>
  <testcase classname="com.vr.portfolioplanner.test.ApiComparisonTest" name="comparePortfolioPlanner" time="1.526"/>
  <testcase classname="com.vr.portfolioplanner.test.ApiComparisonTest" name="comparePortfolioPlanner" time="2.136"/>
  <testcase classname="com.vr.portfolioplanner.test.ApiComparisonTest" name="comparePortfolioPlanner" time="2.008"/>
  <testcase classname="com.vr.portfolioplanner.test.ApiComparisonTest" name="comparePortfolioPlanner" time="2.324"/>
  <testcase classname="com.vr.portfolioplanner.test.ApiComparisonTest" name="comparePortfolioPlanner" time="4.364">
    <failure message="
TC_05499 — FAILED with 3 mismatch(es):
  [MISSING_FIELD            ] funds_data.data[plan_id=16897]
      api1: 16897
      api2: (not found)
      planId: 16897
      fund1:  Aditya Birla SL Balanced Advantage Direct-G
      fund2:  NOT FOUND
      note:   Fund plan_id=&#039;16897&#039; present in API-1 but missing in API-2
  [EXTRA_FIELD              ] funds_data.data[plan_id=38387]
      api1: (not found)
      api2: 38387
      planId: 38387
      fund1:  NOT FOUND
      fund2:  Mirae Asset Equity Savings Direct-G
      note:   Fund plan_id=&#039;38387&#039; present in API-2 but missing in API-1
  [BUSINESS_VALUE_MISMATCH  ] funds_data.data[plan_id=15866].investment_amount
      api1: 182999
      api2: 182801
      planId: 15866
      fund1:  ICICI Pru Short Term Direct-G
      fund2:  ICICI Pru Short Term Direct-G
      diff:   198
      note:   Values differ by 198 (tolerance: 100.0) expected [true] but found [false]" type="java.lang.AssertionError">
      <![CDATA[java.lang.AssertionError: 
TC_05499 — FAILED with 3 mismatch(es):
  [MISSING_FIELD            ] funds_data.data[plan_id=16897]
      api1: 16897
      api2: (not found)
      planId: 16897
      fund1:  Aditya Birla SL Balanced Advantage Direct-G
      fund2:  NOT FOUND
      note:   Fund plan_id='16897' present in API-1 but missing in API-2
  [EXTRA_FIELD              ] funds_data.data[plan_id=38387]
      api1: (not found)
      api2: 38387
      planId: 38387
      fund1:  NOT FOUND
      fund2:  Mirae Asset Equity Savings Direct-G
      note:   Fund plan_id='38387' present in API-2 but missing in API-1
  [BUSINESS_VALUE_MISMATCH  ] funds_data.data[plan_id=15866].investment_amount
      api1: 182999
      api2: 182801
      planId: 15866
      fund1:  ICICI Pru Short Term Direct-G
      fund2:  ICICI Pru Short Term Direct-G
      diff:   198
      note:   Values differ by 198 (tolerance: 100.0) expected [true] but found [false]
at org.testng.Assert.fail(Assert.java:111)
at org.testng.Assert.failNotEquals(Assert.java:1578)
at org.testng.Assert.assertTrue(Assert.java:57)
at com.vr.portfolioplanner.test.ApiComparisonTest.comparePortfolioPlanner(ApiComparisonTest.java:240)
at jdk.internal.reflect.GeneratedMethodAccessor135.invoke(Unknown Source)
at java.base/jdk.internal.reflect.DelegatingMethodAccessorImpl.invoke(DelegatingMethodAccessorImpl.java:43)
at java.base/java.lang.reflect.Method.invoke(Method.java:568)
at org.testng.internal.invokers.MethodInvocationHelper.invokeMethod(MethodInvocationHelper.java:139)
at org.testng.internal.invokers.TestInvoker.invokeMethod(TestInvoker.java:664)
at org.testng.internal.invokers.TestInvoker.invokeTestMethod(TestInvoker.java:227)
at org.testng.internal.invokers.TestMethodWithDataProviderMethodWorker.call(TestMethodWithDataProviderMethodWorker.java:80)
at org.testng.internal.invokers.TestMethodWithDataProviderMethodWorker.call(TestMethodWithDataProviderMethodWorker.java:17)
at java.base/java.util.concurrent.FutureTask.run(FutureTask.java:264)
at java.base/java.util.concurrent.Executors$RunnableAdapter.call(Executors.java:539)
at java.base/java.util.concurrent.FutureTask.run(FutureTask.java:264)
at java.base/java.util.concurrent.ThreadPoolExecutor.runWorker(ThreadPoolExecutor.java:1136)
at java.base/java.util.concurrent.ThreadPoolExecutor$Worker.run(ThreadPoolExecutor.java:635)
at java.base/java.lang.Thread.run(Thread.java:842)
]]>
    </failure>
  </testcase> <!-- comparePortfolioPlanner -->
  <testcase classname="com.vr.portfolioplanner.test.ApiComparisonTest" name="comparePortfolioPlanner" time="1.919"/>
  <testcase classname="com.vr.portfolioplanner.test.ApiComparisonTest" name="comparePortfolioPlanner" time="2.040"/>
  <testcase classname="com.vr.portfolioplanner.test.ApiComparisonTest" name="comparePortfolioPlanner" time="1.959">
    <failure message="
TC_05673 — FAILED with 1 mismatch(es):
  [BUSINESS_VALUE_MISMATCH  ] funds_data.data[plan_id=19701].investment_amount
      api1: 3000
      api2: 2833.333333333333
      planId: 19701
      fund1:  Parag Parikh Flexi Cap Direct-G
      fund2:  Parag Parikh Flexi Cap Direct-G
      diff:   166.666666666667
      note:   Values differ by 166.666666666667 (tolerance: 100.0) expected [true] but found [false]" type="java.lang.AssertionError">
      <![CDATA[java.lang.AssertionError: 
TC_05673 — FAILED with 1 mismatch(es):
  [BUSINESS_VALUE_MISMATCH  ] funds_data.data[plan_id=19701].investment_amount
      api1: 3000
      api2: 2833.333333333333
      planId: 19701
      fund1:  Parag Parikh Flexi Cap Direct-G
      fund2:  Parag Parikh Flexi Cap Direct-G
      diff:   166.666666666667
      note:   Values differ by 166.666666666667 (tolerance: 100.0) expected [true] but found [false]
at org.testng.Assert.fail(Assert.java:111)
at org.testng.Assert.failNotEquals(Assert.java:1578)
at org.testng.Assert.assertTrue(Assert.java:57)
at com.vr.portfolioplanner.test.ApiComparisonTest.comparePortfolioPlanner(ApiComparisonTest.java:240)
at jdk.internal.reflect.GeneratedMethodAccessor135.invoke(Unknown Source)
at java.base/jdk.internal.reflect.DelegatingMethodAccessorImpl.invoke(DelegatingMethodAccessorImpl.java:43)
at java.base/java.lang.reflect.Method.invoke(Method.java:568)
at org.testng.internal.invokers.MethodInvocationHelper.invokeMethod(MethodInvocationHelper.java:139)
at org.testng.internal.invokers.TestInvoker.invokeMethod(TestInvoker.java:664)
at org.testng.internal.invokers.TestInvoker.invokeTestMethod(TestInvoker.java:227)
at org.testng.internal.invokers.TestMethodWithDataProviderMethodWorker.call(TestMethodWithDataProviderMethodWorker.java:80)
at org.testng.internal.invokers.TestMethodWithDataProviderMethodWorker.call(TestMethodWithDataProviderMethodWorker.java:17)
at java.base/java.util.concurrent.FutureTask.run(FutureTask.java:264)
at java.base/java.util.concurrent.Executors$RunnableAdapter.call(Executors.java:539)
at java.base/java.util.concurrent.FutureTask.run(FutureTask.java:264)
at java.base/java.util.concurrent.ThreadPoolExecutor.runWorker(ThreadPoolExecutor.java:1136)
at java.base/java.util.concurrent.ThreadPoolExecutor$Worker.run(ThreadPoolExecutor.java:635)
at java.base/java.lang.Thread.run(Thread.java:842)
]]>
    </failure>
  </testcase> <!-- comparePortfolioPlanner -->
  <testcase classname="com.vr.portfolioplanner.test.ApiComparisonTest" name="comparePortfolioPlanner" time="2.698">
    <failure message="
TC_05870 — FAILED with 2 mismatch(es):
  [MISSING_FIELD            ] funds_data.data[plan_id=16897]
      api1: 16897
      api2: (not found)
      planId: 16897
      fund1:  Aditya Birla SL Balanced Advantage Direct-G
      fund2:  NOT FOUND
      note:   Fund plan_id=&#039;16897&#039; present in API-1 but missing in API-2
  [EXTRA_FIELD              ] funds_data.data[plan_id=38387]
      api1: (not found)
      api2: 38387
      planId: 38387
      fund1:  NOT FOUND
      fund2:  Mirae Asset Equity Savings Direct-G
      note:   Fund plan_id=&#039;38387&#039; present in API-2 but missing in API-1 expected [true] but found [false]" type="java.lang.AssertionError">
      <![CDATA[java.lang.AssertionError: 
TC_05870 — FAILED with 2 mismatch(es):
  [MISSING_FIELD            ] funds_data.data[plan_id=16897]
      api1: 16897
      api2: (not found)
      planId: 16897
      fund1:  Aditya Birla SL Balanced Advantage Direct-G
      fund2:  NOT FOUND
      note:   Fund plan_id='16897' present in API-1 but missing in API-2
  [EXTRA_FIELD              ] funds_data.data[plan_id=38387]
      api1: (not found)
      api2: 38387
      planId: 38387
      fund1:  NOT FOUND
      fund2:  Mirae Asset Equity Savings Direct-G
      note:   Fund plan_id='38387' present in API-2 but missing in API-1 expected [true] but found [false]
at org.testng.Assert.fail(Assert.java:111)
at org.testng.Assert.failNotEquals(Assert.java:1578)
at org.testng.Assert.assertTrue(Assert.java:57)
at com.vr.portfolioplanner.test.ApiComparisonTest.comparePortfolioPlanner(ApiComparisonTest.java:240)
at jdk.internal.reflect.GeneratedMethodAccessor135.invoke(Unknown Source)
at java.base/jdk.internal.reflect.DelegatingMethodAccessorImpl.invoke(DelegatingMethodAccessorImpl.java:43)
at java.base/java.lang.reflect.Method.invoke(Method.java:568)
at org.testng.internal.invokers.MethodInvocationHelper.invokeMethod(MethodInvocationHelper.java:139)
at org.testng.internal.invokers.TestInvoker.invokeMethod(TestInvoker.java:664)
at org.testng.internal.invokers.TestInvoker.invokeTestMethod(TestInvoker.java:227)
at org.testng.internal.invokers.TestMethodWithDataProviderMethodWorker.call(TestMethodWithDataProviderMethodWorker.java:80)
at org.testng.internal.invokers.TestMethodWithDataProviderMethodWorker.call(TestMethodWithDataProviderMethodWorker.java:17)
at java.base/java.util.concurrent.FutureTask.run(FutureTask.java:264)
at java.base/java.util.concurrent.Executors$RunnableAdapter.call(Executors.java:539)
at java.base/java.util.concurrent.FutureTask.run(FutureTask.java:264)
at java.base/java.util.concurrent.ThreadPoolExecutor.runWorker(ThreadPoolExecutor.java:1136)
at java.base/java.util.concurrent.ThreadPoolExecutor$Worker.run(ThreadPoolExecutor.java:635)
at java.base/java.lang.Thread.run(Thread.java:842)
]]>
    </failure>
  </testcase> <!-- comparePortfolioPlanner -->
  <testcase classname="com.vr.portfolioplanner.test.ApiComparisonTest" name="comparePortfolioPlanner" time="2.189">
    <failure message="
TC_05420 — FAILED with 2 mismatch(es):
  [MISSING_FIELD            ] funds_data.data[plan_id=16897]
      api1: 16897
      api2: (not found)
      planId: 16897
      fund1:  Aditya Birla SL Balanced Advantage Direct-G
      fund2:  NOT FOUND
      note:   Fund plan_id=&#039;16897&#039; present in API-1 but missing in API-2
  [EXTRA_FIELD              ] funds_data.data[plan_id=38387]
      api1: (not found)
      api2: 38387
      planId: 38387
      fund1:  NOT FOUND
      fund2:  Mirae Asset Equity Savings Direct-G
      note:   Fund plan_id=&#039;38387&#039; present in API-2 but missing in API-1 expected [true] but found [false]" type="java.lang.AssertionError">
      <![CDATA[java.lang.AssertionError: 
TC_05420 — FAILED with 2 mismatch(es):
  [MISSING_FIELD            ] funds_data.data[plan_id=16897]
      api1: 16897
      api2: (not found)
      planId: 16897
      fund1:  Aditya Birla SL Balanced Advantage Direct-G
      fund2:  NOT FOUND
      note:   Fund plan_id='16897' present in API-1 but missing in API-2
  [EXTRA_FIELD              ] funds_data.data[plan_id=38387]
      api1: (not found)
      api2: 38387
      planId: 38387
      fund1:  NOT FOUND
      fund2:  Mirae Asset Equity Savings Direct-G
      note:   Fund plan_id='38387' present in API-2 but missing in API-1 expected [true] but found [false]
at org.testng.Assert.fail(Assert.java:111)
at org.testng.Assert.failNotEquals(Assert.java:1578)
at org.testng.Assert.assertTrue(Assert.java:57)
at com.vr.portfolioplanner.test.ApiComparisonTest.comparePortfolioPlanner(ApiComparisonTest.java:240)
at jdk.internal.reflect.GeneratedMethodAccessor135.invoke(Unknown Source)
at java.base/jdk.internal.reflect.DelegatingMethodAccessorImpl.invoke(DelegatingMethodAccessorImpl.java:43)
at java.base/java.lang.reflect.Method.invoke(Method.java:568)
at org.testng.internal.invokers.MethodInvocationHelper.invokeMethod(MethodInvocationHelper.java:139)
at org.testng.internal.invokers.TestInvoker.invokeMethod(TestInvoker.java:664)
at org.testng.internal.invokers.TestInvoker.invokeTestMethod(TestInvoker.java:227)
at org.testng.internal.invokers.TestMethodWithDataProviderMethodWorker.call(TestMethodWithDataProviderMethodWorker.java:80)
at org.testng.internal.invokers.TestMethodWithDataProviderMethodWorker.call(TestMethodWithDataProviderMethodWorker.java:17)
at java.base/java.util.concurrent.FutureTask.run(FutureTask.java:264)
at java.base/java.util.concurrent.Executors$RunnableAdapter.call(Executors.java:539)
at java.base/java.util.concurrent.FutureTask.run(FutureTask.java:264)
at java.base/java.util.concurrent.ThreadPoolExecutor.runWorker(ThreadPoolExecutor.java:1136)
at java.base/java.util.concurrent.ThreadPoolExecutor$Worker.run(ThreadPoolExecutor.java:635)
at java.base/java.lang.Thread.run(Thread.java:842)
]]>
    </failure>
  </testcase> <!-- comparePortfolioPlanner -->
  <testcase classname="com.vr.portfolioplanner.test.ApiComparisonTest" name="comparePortfolioPlanner" time="6.111">
    <failure message="
TC_05493 — FAILED with 2 mismatch(es):
  [MISSING_FIELD            ] funds_data.data[plan_id=16897]
      api1: 16897
      api2: (not found)
      planId: 16897
      fund1:  Aditya Birla SL Balanced Advantage Direct-G
      fund2:  NOT FOUND
      note:   Fund plan_id=&#039;16897&#039; present in API-1 but missing in API-2
  [EXTRA_FIELD              ] funds_data.data[plan_id=38387]
      api1: (not found)
      api2: 38387
      planId: 38387
      fund1:  NOT FOUND
      fund2:  Mirae Asset Equity Savings Direct-G
      note:   Fund plan_id=&#039;38387&#039; present in API-2 but missing in API-1 expected [true] but found [false]" type="java.lang.AssertionError">
      <![CDATA[java.lang.AssertionError: 
TC_05493 — FAILED with 2 mismatch(es):
  [MISSING_FIELD            ] funds_data.data[plan_id=16897]
      api1: 16897
      api2: (not found)
      planId: 16897
      fund1:  Aditya Birla SL Balanced Advantage Direct-G
      fund2:  NOT FOUND
      note:   Fund plan_id='16897' present in API-1 but missing in API-2
  [EXTRA_FIELD              ] funds_data.data[plan_id=38387]
      api1: (not found)
      api2: 38387
      planId: 38387
      fund1:  NOT FOUND
      fund2:  Mirae Asset Equity Savings Direct-G
      note:   Fund plan_id='38387' present in API-2 but missing in API-1 expected [true] but found [false]
at org.testng.Assert.fail(Assert.java:111)
at org.testng.Assert.failNotEquals(Assert.java:1578)
at org.testng.Assert.assertTrue(Assert.java:57)
at com.vr.portfolioplanner.test.ApiComparisonTest.comparePortfolioPlanner(ApiComparisonTest.java:240)
at jdk.internal.reflect.GeneratedMethodAccessor135.invoke(Unknown Source)
at java.base/jdk.internal.reflect.DelegatingMethodAccessorImpl.invoke(DelegatingMethodAccessorImpl.java:43)
at java.base/java.lang.reflect.Method.invoke(Method.java:568)
at org.testng.internal.invokers.MethodInvocationHelper.invokeMethod(MethodInvocationHelper.java:139)
at org.testng.internal.invokers.TestInvoker.invokeMethod(TestInvoker.java:664)
at org.testng.internal.invokers.TestInvoker.invokeTestMethod(TestInvoker.java:227)
at org.testng.internal.invokers.TestMethodWithDataProviderMethodWorker.call(TestMethodWithDataProviderMethodWorker.java:80)
at org.testng.internal.invokers.TestMethodWithDataProviderMethodWorker.call(TestMethodWithDataProviderMethodWorker.java:17)
at java.base/java.util.concurrent.FutureTask.run(FutureTask.java:264)
at java.base/java.util.concurrent.Executors$RunnableAdapter.call(Executors.java:539)
at java.base/java.util.concurrent.FutureTask.run(FutureTask.java:264)
at java.base/java.util.concurrent.ThreadPoolExecutor.runWorker(ThreadPoolExecutor.java:1136)
at java.base/java.util.concurrent.ThreadPoolExecutor$Worker.run(ThreadPoolExecutor.java:635)
at java.base/java.lang.Thread.run(Thread.java:842)
]]>
    </failure>
  </testcase> <!-- comparePortfolioPlanner -->
  <testcase classname="com.vr.portfolioplanner.test.ApiComparisonTest" name="comparePortfolioPlanner" time="1.592">
    <failure message="
TC_05523 — FAILED with 1 mismatch(es):
  [BUSINESS_VALUE_MISMATCH  ] funds_data.data[plan_id=19701].investment_amount
      api1: 11000
      api2: 10875
      planId: 19701
      fund1:  Parag Parikh Flexi Cap Direct-G
      fund2:  Parag Parikh Flexi Cap Direct-G
      diff:   125
      note:   Values differ by 125 (tolerance: 100.0) expected [true] but found [false]" type="java.lang.AssertionError">
      <![CDATA[java.lang.AssertionError: 
TC_05523 — FAILED with 1 mismatch(es):
  [BUSINESS_VALUE_MISMATCH  ] funds_data.data[plan_id=19701].investment_amount
      api1: 11000
      api2: 10875
      planId: 19701
      fund1:  Parag Parikh Flexi Cap Direct-G
      fund2:  Parag Parikh Flexi Cap Direct-G
      diff:   125
      note:   Values differ by 125 (tolerance: 100.0) expected [true] but found [false]
[...]
      api1: 152499
      api2: 152301
      planId: 15866
      fund1:  ICICI Pru Short Term Direct-G
      fund2:  ICICI Pru Short Term Direct-G
      diff:   198
      note:   Values differ by 198 (tolerance: 100.0) expected [true] but found [false]
at org.testng.Assert.fail(Assert.java:111)
at org.testng.Assert.failNotEquals(Assert.java:1578)
at org.testng.Assert.assertTrue(Assert.java:57)
at com.vr.portfolioplanner.test.ApiComparisonTest.comparePortfolioPlanner(ApiComparisonTest.java:240)
at jdk.internal.reflect.GeneratedMethodAccessor135.invoke(Unknown Source)
at java.base/jdk.internal.reflect.DelegatingMethodAccessorImpl.invoke(DelegatingMethodAccessorImpl.java:43)
at java.base/java.lang.reflect.Method.invoke(Method.java:568)
at org.testng.internal.invokers.MethodInvocationHelper.invokeMethod(MethodInvocationHelper.java:139)
at org.testng.internal.invokers.TestInvoker.invokeMethod(TestInvoker.java:664)
at org.testng.internal.invokers.TestInvoker.invokeTestMethod(TestInvoker.java:227)
at org.testng.internal.invokers.TestMethodWithDataProviderMethodWorker.call(TestMethodWithDataProviderMethodWorker.java:80)
at org.testng.internal.invokers.TestMethodWithDataProviderMethodWorker.call(TestMethodWithDataProviderMethodWorker.java:17)
at java.base/java.util.concurrent.FutureTask.run(FutureTask.java:264)
at java.base/java.util.concurrent.Executors$RunnableAdapter.call(Executors.java:539)
at java.base/java.util.concurrent.FutureTask.run(FutureTask.java:264)
at java.base/java.util.concurrent.ThreadPoolExecutor.runWorker(ThreadPoolExecutor.java:1136)
at java.base/java.util.concurrent.ThreadPoolExecutor$Worker.run(ThreadPoolExecutor.java:635)
at java.base/java.lang.Thread.run(Thread.java:842)
]]>
    </failure>
  </testcase> <!-- comparePortfolioPlanner -->
  <testcase classname="com.vr.portfolioplanner.test.ApiComparisonTest" name="comparePortfolioPlanner" time="1.804"/>
  <testcase classname="com.vr.portfolioplanner.test.ApiComparisonTest" name="comparePortfolioPlanner" time="2.349">
    <failure message="
TC_05265 — FAILED with 2 mismatch(es):
  [MISSING_FIELD            ] funds_data.data[plan_id=16897]
      api1: 16897
      api2: (not found)
      planId: 16897
      fund1:  Aditya Birla SL Balanced Advantage Direct-G
      fund2:  NOT FOUND
      note:   Fund plan_id=&#039;16897&#039; present in API-1 but missing in API-2
  [EXTRA_FIELD              ] funds_data.data[plan_id=38387]
      api1: (not found)
      api2: 38387
      planId: 38387
      fund1:  NOT FOUND
      fund2:  Mirae Asset Equity Savings Direct-G
      note:   Fund plan_id=&#039;38387&#039; present in API-2 but missing in API-1 expected [true] but found [false]" type="java.lang.AssertionError">
      <![CDATA[java.lang.AssertionError: 
TC_05265 — FAILED with 2 mismatch(es):
  [MISSING_FIELD            ] funds_data.data[plan_id=16897]
      api1: 16897
      api2: (not found)
      planId: 16897
      fund1:  Aditya Birla SL Balanced Advantage Direct-G
      fund2:  NOT FOUND
      note:   Fund plan_id='16897' present in API-1 but missing in API-2
  [EXTRA_FIELD              ] funds_data.data[plan_id=38387]
      api1: (not found)
      api2: 38387
      planId: 38387
      fund1:  NOT FOUND
      fund2:  Mirae Asset Equity Savings Direct-G
      note:   Fund plan_id='38387' present in API-2 but missing in API-1 expected [true] but found [false]
at org.testng.Assert.fail(Assert.java:111)
at org.testng.Assert.failNotEquals(Assert.java:1578)
at org.testng.Assert.assertTrue(Assert.java:57)
at com.vr.portfolioplanner.test.ApiComparisonTest.comparePortfolioPlanner(ApiComparisonTest.java:240)
at jdk.internal.reflect.GeneratedMethodAccessor135.invoke(Unknown Source)
at java.base/jdk.internal.reflect.DelegatingMethodAccessorImpl.invoke(DelegatingMethodAccessorImpl.java:43)
at java.base/java.lang.reflect.Method.invoke(Method.java:568)
at org.testng.internal.invokers.MethodInvocationHelper.invokeMethod(MethodInvocationHelper.java:139)
at org.testng.internal.invokers.TestInvoker.invokeMethod(TestInvoker.java:664)
at org.testng.internal.invokers.TestInvoker.invokeTestMethod(TestInvoker.java:227)
at org.testng.internal.invokers.TestMethodWithDataProviderMethodWorker.call(TestMethodWithDataProviderMethodWorker.java:80)
at org.testng.internal.invokers.TestMethodWithDataProviderMethodWorker.call(TestMethodWithDataProviderMethodWorker.java:17)
at java.base/java.util.concurrent.FutureTask.run(FutureTask.java:264)
at java.base/java.util.concurrent.Executors$RunnableAdapter.call(Executors.java:539)
at java.base/java.util.concurrent.FutureTask.run(FutureTask.java:264)
at java.base/java.util.concurrent.ThreadPoolExecutor.runWorker(ThreadPoolExecutor.java:1136)
at java.base/java.util.concurrent.ThreadPoolExecutor$Worker.run(ThreadPoolExecutor.java:635)
at java.base/java.lang.Thread.run(Thread.java:842)
]]>
    </failure>
  </testcase> <!-- comparePortfolioPlanner -->
  <testcase classname="com.vr.portfolioplanner.test.ApiComparisonTest" name="comparePortfolioPlanner" time="1.547"/>
  <testcase classname="com.vr.portfolioplanner.test.ApiComparisonTest" name="comparePortfolioPlanner" time="1.531">
    <failure message="
TC_05580 — FAILED with 1 mismatch(es):
  [BUSINESS_VALUE_MISMATCH  ] funds_data.data[plan_id=19701].investment_amount
      api1: 145900
      api2: 145766.6666666667
      planId: 19701
      fund1:  Parag Parikh Flexi Cap Direct-G
      fund2:  Parag Parikh Flexi Cap Direct-G
      diff:   133.3333333333
      note:   Values differ by 133.3333333333 (tolerance: 100.0) expected [true] but found [false]" type="java.lang.AssertionError">
      <![CDATA[java.lang.AssertionError: 
TC_05580 — FAILED with 1 mismatch(es):
  [BUSINESS_VALUE_MISMATCH  ] funds_data.data[plan_id=19701].investment_amount
      api1: 145900
      api2: 145766.6666666667
      planId: 19701
      fund1:  Parag Parikh Flexi Cap Direct-G
      fund2:  Parag Parikh Flexi Cap Direct-G
      diff:   133.3333333333
      note:   Values differ by 133.3333333333 (tolerance: 100.0) expected [true] but found [false]
at org.testng.Assert.fail(Assert.java:111)
at org.testng.Assert.failNotEquals(Assert.java:1578)
at org.testng.Assert.assertTrue(Assert.java:57)
at com.vr.portfolioplanner.test.ApiComparisonTest.comparePortfolioPlanner(ApiComparisonTest.java:240)
at jdk.internal.reflect.GeneratedMethodAccessor135.invoke(Unknown Source)
at java.base/jdk.internal.reflect.DelegatingMethodAccessorImpl.invoke(DelegatingMethodAccessorImpl.java:43)
at java.base/java.lang.reflect.Method.invoke(Method.java:568)
at org.testng.internal.invokers.MethodInvocationHelper.invokeMethod(MethodInvocationHelper.java:139)
at org.testng.internal.invokers.TestInvoker.invokeMethod(TestInvoker.java:664)
at org.testng.internal.invokers.TestInvoker.invokeTestMethod(TestInvoker.java:227)
at org.testng.internal.invokers.TestMethodWithDataProviderMethodWorker.call(TestMethodWithDataProviderMethodWorker.java:80)
at org.testng.internal.invokers.TestMethodWithDataProviderMethodWorker.call(TestMethodWithDataProviderMethodWorker.java:17)
at java.base/java.util.concurrent.FutureTask.run(FutureTask.java:264)
at java.base/java.util.concurrent.Executors$RunnableAdapter.call(Executors.java:539)
at java.base/java.util.concurrent.FutureTask.run(FutureTask.java:264)
at java.base/java.util.concurrent.ThreadPoolExecutor.runWorker(ThreadPoolExecutor.java:1136)
at java.base/java.util.concurrent.ThreadPoolExecutor$Worker.run(ThreadPoolExecutor.java:635)
at java.base/java.lang.Thread.run(Thread.java:842)
]]>
    </failure>
  </testcase> <!-- comparePortfolioPlanner -->
  <testcase classname="com.vr.portfolioplanner.test.ApiComparisonTest" name="comparePortfolioPlanner" time="1.420">
    <failure message="
TC_05984 — FAILED with 1 mismatch(es):
  [BUSINESS_VALUE_MISMATCH  ] funds_data.data[plan_id=15866].investment_amount
      api1: 304999
      api2: 304801
      planId: 15866
      fund1:  ICICI Pru Short Term Direct-G
      fund2:  ICICI Pru Short Term Direct-G
      diff:   198
      note:   Values differ by 198 (tolerance: 100.0) expected [true] but found [false]" type="java.lang.AssertionError">
      <![CDATA[java.lang.AssertionError: 
TC_05984 — FAILED with 1 mismatch(es):
  [BUSINESS_VALUE_MISMATCH  ] funds_data.data[plan_id=15866].investment_amount
      api1: 304999
      api2: 304801
      planId: 15866
      fund1:  ICICI Pru Short Term Direct-G
      fund2:  ICICI Pru Short Term Direct-G
      diff:   198
      note:   Values differ by 198 (tolerance: 100.0) expected [true] but found [false]
at org.testng.Assert.fail(Assert.java:111)
at org.testng.Assert.failNotEquals(Assert.java:1578)
at org.testng.Assert.assertTrue(Assert.java:57)
at com.vr.portfolioplanner.test.ApiComparisonTest.comparePortfolioPlanner(ApiComparisonTest.java:240)
at jdk.internal.reflect.GeneratedMethodAccessor135.invoke(Unknown Source)
at java.base/jdk.internal.reflect.DelegatingMethodAccessorImpl.invoke(DelegatingMethodAccessorImpl.java:43)
at java.base/java.lang.reflect.Method.invoke(Method.java:568)
at org.testng.internal.invokers.MethodInvocationHelper.invokeMethod(MethodInvocationHelper.java:139)
at org.testng.internal.invokers.TestInvoker.invokeMethod(TestInvoker.java:664)
at org.testng.internal.invokers.TestInvoker.invokeTestMethod(TestInvoker.java:227)
at org.testng.internal.invokers.TestMethodWithDataProviderMethodWorker.call(TestMethodWithDataProviderMethodWorker.java:80)
at org.testng.internal.invokers.TestMethodWithDataProviderMethodWorker.call(TestMethodWithDataProviderMethodWorker.java:17)
at java.base/java.util.concurrent.FutureTask.run(FutureTask.java:264)
at java.base/java.util.concurrent.Executors$RunnableAdapter.call(Executors.java:539)
at java.base/java.util.concurrent.FutureTask.run(FutureTask.java:264)
at java.base/java.util.concurrent.ThreadPoolExecutor.runWorker(ThreadPoolExecutor.java:1136)
at java.base/java.util.concurrent.ThreadPoolExecutor$Worker.run(ThreadPoolExecutor.java:635)
at java.base/java.lang.Thread.run(Thread.java:842)
]]>
    </failure>
  </testcase> <!-- comparePortfolioPlanner -->
  <testcase classname="com.vr.portfolioplanner.test.ApiComparisonTest" name="comparePortfolioPlanner" time="3.165"/>
  <testcase classname="com.vr.portfolioplanner.test.ApiComparisonTest" name="comparePortfolioPlanner" time="2.304"/>
  <testcase classname="com.vr.portfolioplanner.test.ApiComparisonTest" name="comparePortfolioPlanner" time="1.682"/>
  <testcase classname="com.vr.portfolioplanner.test.ApiComparisonTest" name="comparePortfolioPlanner" time="2.745"/>
  <testcase classname="com.vr.portfolioplanner.test.ApiComparisonTest" name="comparePortfolioPlanner" time="2.021">
    <failure message="
TC_05570 — FAILED with 2 mismatch(es):
  [MISSING_FIELD            ] funds_data.data[plan_id=16897]
      api1: 16897
      api2: (not found)
      planId: 16897
      fund1:  Aditya Birla SL Balanced Advantage Direct-G
      fund2:  NOT FOUND
      note:   Fund plan_id=&#039;16897&#039; present in API-1 but missing in API-2
  [EXTRA_FIELD              ] funds_data.data[plan_id=38387]
      api1: (not found)
      api2: 38387
      planId: 38387
      fund1:  NOT FOUND
      fund2:  Mirae Asset Equity Savings Direct-G
      note:   Fund plan_id=&#039;38387&#039; present in API-2 but missing in API-1 expected [true] but found [false]" type="java.lang.AssertionError">
      <![CDATA[java.lang.AssertionError: 
TC_05570 — FAILED with 2 mismatch(es):
  [MISSING_FIELD            ] funds_data.data[plan_id=16897]
      api1: 16897
      api2: (not found)
      planId: 16897
      fund1:  Aditya Birla SL Balanced Advantage Direct-G
      fund2:  NOT FOUND
      note:   Fund plan_id='16897' present in API-1 but missing in API-2
  [EXTRA_FIELD              ] funds_data.data[plan_id=38387]
      api1: (not found)
      api2: 38387
      planId: 38387
      fund1:  NOT FOUND
      fund2:  Mirae Asset Equity Savings Direct-G
      note:   Fund plan_id='38387' present in API-2 but missing in API-1 expected [true] but found [false]
at org.testng.Assert.fail(Assert.java:111)
at org.testng.Assert.failNotEquals(Assert.java:1578)
at org.testng.Assert.assertTrue(Assert.java:57)
at com.vr.portfolioplanner.test.ApiComparisonTest.comparePortfolioPlanner(ApiComparisonTest.java:240)
at jdk.internal.reflect.GeneratedMethodAccessor135.invoke(Unknown Source)
at java.base/jdk.internal.reflect.DelegatingMethodAccessorImpl.invoke(DelegatingMethodAccessorImpl.java:43)
at java.base/java.lang.reflect.Method.invoke(Method.java:568)
at org.testng.internal.invokers.MethodInvocationHelper.invokeMethod(MethodInvocationHelper.java:139)
at org.testng.internal.invokers.TestInvoker.invokeMethod(TestInvoker.java:664)
at org.testng.internal.invokers.TestInvoker.invokeTestMethod(TestInvoker.java:227)
at org.testng.internal.invokers.TestMethodWithDataProviderMethodWorker.call(TestMethodWithDataProviderMethodWorker.java:80)
at org.testng.internal.invokers.TestMethodWithDataProviderMethodWorker.call(TestMethodWithDataProviderMethodWorker.java:17)
at java.base/java.util.concurrent.FutureTask.run(FutureTask.java:264)
at java.base/java.util.concurrent.Executors$RunnableAdapter.call(Executors.java:539)
at java.base/java.util.concurrent.FutureTask.run(FutureTask.java:264)
at java.base/java.util.concurrent.ThreadPoolExecutor.runWorker(ThreadPoolExecutor.java:1136)
at java.base/java.util.concurrent.ThreadPoolExecutor$Worker.run(ThreadPoolExecutor.java:635)
at java.base/java.lang.Thread.run(Thread.java:842)
]]>
    </failure>
  </testcase> <!-- comparePortfolioPlanner -->
  <testcase classname="com.vr.portfolioplanner.test.ApiComparisonTest" name="comparePortfolioPlanner" time="8.732"/>
  <testcase classname="com.vr.portfolioplanner.test.ApiComparisonTest" name="comparePortfolioPlanner" time="1.892"/>
  <testcase classname="com.vr.portfolioplanner.test.ApiComparisonTest" name="comparePortfolioPlanner" time="2.533"/>
  <testcase classname="com.vr.portfolioplanner.test.ApiComparisonTest" name="comparePortfolioPlanner" time="4.413">
    <failure message="
TC_05498 — FAILED with 2 mismatch(es):
  [MISSING_FIELD            ] funds_data.data[plan_id=16897]
      api1: 16897
      api2: (not found)
      planId: 16897
      fund1:  Aditya Birla SL Balanced Advantage Direct-G
      fund2:  NOT FOUND
      note:   Fund plan_id=&#039;16897&#039; present in API-1 but missing in API-2
  [EXTRA_FIELD              ] funds_data.data[plan_id=38387]
      api1: (not found)
      api2: 38387
      planId: 38387
      fund1:  NOT FOUND
      fund2:  Mirae Asset Equity Savings Direct-G
      note:   Fund plan_id=&#039;38387&#039; present in API-2 but missing in API-1 expected [true] but found [false]" type="java.lang.AssertionError">
      <![CDATA[java.lang.AssertionError: 
TC_05498 — FAILED with 2 mismatch(es):
  [MISSING_FIELD            ] funds_data.data[plan_id=16897]
      api1: 16897
      api2: (not found)
      planId: 16897
      fund1:  Aditya Birla SL Balanced Advantage Direct-G
      fund2:  NOT FOUND
      note:   Fund plan_id='16897' present in API-1 but missing in API-2
  [EXTRA_FIELD              ] funds_data.data[plan_id=38387]
      api1: (not found)
      api2: 38387
      planId: 38387
      fund1:  NOT FOUND
      fund2:  Mirae Asset Equity Savings Direct-G
      note:   Fund plan_id='38387' present in API-2 but missing in API-1 expected [true] but found [false]
at org.testng.Assert.fail(Assert.java:111)
at org.testng.Assert.failNotEquals(Assert.java:1578)
at org.testng.Assert.assertTrue(Assert.java:57)
at com.vr.portfolioplanner.test.ApiComparisonTest.comparePortfolioPlanner(ApiComparisonTest.java:240)
at jdk.internal.reflect.GeneratedMethodAccessor135.invoke(Unknown Source)
at java.base/jdk.internal.reflect.DelegatingMethodAccessorImpl.invoke(DelegatingMethodAccessorImpl.java:43)
at java.base/java.lang.reflect.Method.invoke(Method.java:568)
at org.testng.internal.invokers.MethodInvocationHelper.invokeMethod(MethodInvocationHelper.java:139)
at org.testng.internal.invokers.TestInvoker.invokeMethod(TestInvoker.java:664)
at org.testng.internal.invokers.TestInvoker.invokeTestMethod(TestInvoker.java:227)
at org.testng.internal.invokers.TestMethodWithDataProviderMethodWorker.call(TestMethodWithDataProviderMethodWorker.java:80)
at org.testng.internal.invokers.TestMethodWithDataProviderMethodWorker.call(TestMethodWithDataProviderMethodWorker.java:17)
at java.base/java.util.concurrent.FutureTask.run(FutureTask.java:264)
at java.base/java.util.concurrent.Executors$RunnableAdapter.call(Executors.java:539)
at java.base/java.util.concurrent.FutureTask.run(FutureTask.java:264)
at java.base/java.util.concurrent.ThreadPoolExecutor.runWorker(ThreadPoolExecutor.java:1136)
at java.base/java.util.concurrent.ThreadPoolExecutor$Worker.run(ThreadPoolExecutor.java:635)
at java.base/java.lang.Thread.run(Thread.java:842)
]]>
    </failure>
  </testcase> <!-- comparePortfolioPlanner -->
  <testcase classname="com.vr.portfolioplanner.test.ApiComparisonTest" name="comparePortfolioPlanner" time="3.854">
    <failure message="
TC_05258 — FAILED with 2 mismatch(es):
  [MISSING_FIELD            ] funds_data.data[plan_id=16897]
      api1: 16897
      api2: (not found)
      planId: 16897
      fund1:  Aditya Birla SL Balanced Advantage Direct-G
      fund2:  NOT FOUND
      note:   Fund plan_id=&#039;16897&#039; present in API-1 but missing in API-2
  [EXTRA_FIELD              ] funds_data.data[plan_id=38387]
      api1: (not found)
      api2: 38387
      planId: 38387
      fund1:  NOT FOUND
      fund2:  Mirae Asset Equity Savings Direct-G
      note:   Fund plan_id=&#039;38387&#039; present in API-2 but missing in API-1 expected [true] but found [false]" type="java.lang.AssertionError">
      <![CDATA[java.lang.AssertionError: 
TC_05258 — FAILED with 2 mismatch(es):
  [MISSING_FIELD            ] funds_data.data[plan_id=16897]
      api1: 16897
      api2: (not found)
      planId: 16897
      fund1:  Aditya Birla SL Balanced Advantage Direct-G
      fund2:  NOT FOUND
      note:   Fund plan_id='16897' present in API-1 but missing in API-2
  [EXTRA_FIELD              ] funds_data.data[plan_id=38387]
      api1: (not found)
      api2: 38387
      planId: 38387
      fund1:  NOT FOUND
      fund2:  Mirae Asset Equity Savings Direct-G
      note:   Fund plan_id='38387' present in API-2 but missing in API-1 expected [true] but found [false]
at org.testng.Assert.fail(Assert.java:111)
at org.testng.Assert.failNotEquals(Assert.java:1578)
at org.testng.Assert.assertTrue(Assert.java:57)
at com.vr.portfolioplanner.test.ApiComparisonTest.comparePortfolioPlanner(ApiComparisonTest.java:240)
at jdk.internal.reflect.GeneratedMethodAccessor135.invoke(Unknown Source)
at java.base/jdk.internal.reflect.DelegatingMethodAccessorImpl.invoke(DelegatingMethodAccessorImpl.java:43)
at java.base/java.lang.reflect.Method.invoke(Method.java:568)
at org.testng.internal.invokers.MethodInvocationHelper.invokeMethod(MethodInvocationHelper.java:139)
at org.testng.internal.invokers.TestInvoker.invokeMethod(TestInvoker.java:664)
at org.testng.internal.invokers.TestInvoker.invokeTestMethod(TestInvoker.java:227)
at org.testng.internal.invokers.TestMethodWithDataProviderMethodWorker.call(TestMethodWithDataProviderMethodWorker.java:80)
at org.testng.internal.invokers.TestMethodWithDataProviderMethodWorker.call(TestMethodWithDataProviderMethodWorker.java:17)
at java.base/java.util.concurrent.FutureTask.run(FutureTask.java:264)
at java.base/java.util.concurrent.Executors$RunnableAdapter.call(Executors.java:539)
at java.base/java.util.concurrent.FutureTask.run(FutureTask.java:264)
at java.base/java.util.concurrent.ThreadPoolExecutor.runWorker(ThreadPoolExecutor.java:1136)
at java.base/java.util.concurrent.ThreadPoolExecutor$Worker.run(ThreadPoolExecutor.java:635)
at java.base/java.lang.Thread.run(Thread.java:842)
]]>
    </failure>
  </testcase> <!-- comparePortfolioPlanner -->
</testsuite> <!-- com.vr.portfolioplanner.test.ApiComparisonTest -->
