<?xml version="1.0" encoding="UTF-8"?>
<!-- Generated by org.testng.reporters.JUnitXMLReporter -->
<testsuite ignored="0" hostname="vrwamiq" failures="226" tests="226" name="API Comparison Tests(failed)(failed)(failed)(failed)(failed)(failed)(failed)" time="154.516" errors="0" timestamp="2026-09-23T15:49:11 IST">
  <testcase classname="com.vr.portfolioplanner.test.ApiComparisonTest" name="comparePortfolioPlanner" time="30.894">
    <failure type="java.lang.AssertionError" message="
TC_05258 — FAILED with 2 mismatch(es):
  [MISSING_FIELD            ] funds_data.data[plan_id=16897]
      api1: 16897
      api2: (not found)
      planId: 16897
      fund1:  Aditya Birla SL Balanced Advantage Direct-G
      fund2:  NOT FOUND
      note:   Fund plan_id=&amp;apos;16897&amp;apos; present in API-1 but missing in API-2
  [EXTRA_FIELD              ] funds_data.data[plan_id=38387]
      api1: (not found)
      api2: 38387
      planId: 38387
      fund1:  NOT FOUND
      fund2:  Mirae Asset Equity Savings Direct-G
      note:   Fund plan_id=&amp;apos;38387&amp;apos; present in API-2 but missing in API-1 expected [true] but found [false]">
      <![CDATA[java.lang.AssertionError: 
TC_05258 — FAILED with 2 mismatch(es):
  [MISSING_FIELD            ] funds_data.data[plan_id=16897]
      api1: 16897
      api2: (not found)
      planId: 16897
      fund1:  Aditya Birla SL Balanced Advantage Direct-G
      fund2:  NOT FOUND
      note:   Fund plan_id='16897' present in API-1 but missing in API-2
  [EXTRA_FIELD              ] funds_data.data[plan_id=38387]
      api1: (not found)
      api2: 38387
      planId: 38387
      fund1:  NOT FOUND
      fund2:  Mirae Asset Equity Savings Direct-G
      note:   Fund plan_id='38387' present in API-2 but missing in API-1 expected [true] but found [false]
at org.testng.Assert.fail(Assert.java:111)
at org.testng.Assert.failNotEquals(Assert.java:1578)
at org.testng.Assert.assertTrue(Assert.java:57)
at com.vr.portfolioplanner.test.ApiComparisonTest.comparePortfolioPlanner(ApiComparisonTest.java:239)
at java.base/jdk.internal.reflect.NativeMethodAccessorImpl.invoke0(Native Method)
at java.base/jdk.internal.reflect.NativeMethodAccessorImpl.invoke(NativeMethodAccessorImpl.java:77)
at java.base/jdk.internal.reflect.DelegatingMethodAccessorImpl.invoke(DelegatingMethodAccessorImpl.java:43)
at java.base/java.lang.reflect.Method.invoke(Method.java:568)
at org.testng.internal.invokers.MethodInvocationHelper.invokeMethod(MethodInvocationHelper.java:139)
at org.testng.internal.invokers.TestInvoker.invokeMethod(TestInvoker.java:664)
at org.testng.internal.invokers.TestInvoker.invokeTestMethod(TestInvoker.java:227)
at org.testng.internal.invokers.TestMethodWithDataProviderMethodWorker.call(TestMethodWithDataProviderMethodWorker.java:80)
at org.testng.internal.invokers.TestMethodWithDataProviderMethodWorker.call(TestMethodWithDataProviderMethodWorker.java:17)
at java.base/java.util.concurrent.FutureTask.run(FutureTask.java:264)
at java.base/java.util.concurrent.Executors$RunnableAdapter.call(Executors.java:539)
at java.base/java.util.concurrent.FutureTask.run(FutureTask.java:264)
at java.base/java.util.concurrent.ThreadPoolExecutor.runWorker(ThreadPoolExecutor.java:1136)
at java.base/java.util.concurrent.ThreadPoolExecutor$Worker.run(ThreadPoolExecutor.java:635)
at java.base/java.lang.Thread.run(Thread.java:842)
]]>
    </failure>
  </testcase> <!-- comparePortfolioPlanner -->
  <testcase classname="com.vr.portfolioplanner.test.ApiComparisonTest" name="comparePortfolioPlanner" time="30.895">
    <failure type="java.lang.AssertionError" message="
TC_05259 — FAILED with 3 mismatch(es):
  [MISSING_FIELD            ] funds_data.data[plan_id=16897]
      api1: 16897
      api2: (not found)
      planId: 16897
      fund1:  Aditya Birla SL Balanced Advantage Direct-G
      fund2:  NOT FOUND
      note:   Fund plan_id=&amp;apos;16897&amp;apos; present in API-1 but missing in API-2
  [EXTRA_FIELD              ] funds_data.data[plan_id=38387]
      api1: (not found)
      api2: 38387
      planId: 38387
      fund1:  NOT FOUND
      fund2:  Mirae Asset Equity Savings Direct-G
      note:   Fund plan_id=&amp;apos;38387&amp;apos; present in API-2 but missing in API-1
  [BUSINESS_VALUE_MISMATCH  ] funds_data.data[plan_id=15866].investment_amount
      api1: 457499
      api2: 457301
      planId: 15866
      fund1:  ICICI Pru Short Term Direct-G
      fund2:  ICICI Pru Short Term Direct-G
      diff:   198
      note:   Values differ by 198 (tolerance: 100.0) expected [true] but found [false]">
      <![CDATA[java.lang.AssertionError: 
TC_05259 — FAILED with 3 mismatch(es):
  [MISSING_FIELD            ] funds_data.data[plan_id=16897]
      api1: 16897
      api2: (not found)
      planId: 16897
      fund1:  Aditya Birla SL Balanced Advantage Direct-G
      fund2:  NOT FOUND
      note:   Fund plan_id='16897' present in API-1 but missing in API-2
  [EXTRA_FIELD              ] funds_data.data[plan_id=38387]
      api1: (not found)
      api2: 38387
      planId: 38387
      fund1:  NOT FOUND
      fund2:  Mirae Asset Equity Savings Direct-G
      note:   Fund plan_id='38387' present in API-2 but missing in API-1
  [BUSINESS_VALUE_MISMATCH  ] funds_data.data[plan_id=15866].investment_amount
      api1: 457499
      api2: 457301
      planId: 15866
      fund1:  ICICI Pru Short Term Direct-G
      fund2:  ICICI Pru Short Term Direct-G
      diff:   198
      note:   Values differ by 198 (tolerance: 100.0) expected [true] but found [false]
at org.testng.Assert.fail(Assert.java:111)
at org.testng.Assert.failNotEquals(Assert.java:1578)
at org.testng.Assert.assertTrue(Assert.java:57)
at com.vr.portfolioplanner.test.ApiComparisonTest.comparePortfolioPlanner(ApiComparisonTest.java:239)
at java.base/jdk.internal.reflect.NativeMethodAccessorImpl.invoke0(Native Method)
at java.base/jdk.internal.reflect.NativeMethodAccessorImpl.invoke(NativeMethodAccessorImpl.java:77)
at java.base/jdk.internal.reflect.DelegatingMethodAccessorImpl.invoke(DelegatingMethodAccessorImpl.java:43)
at java.base/java.lang.reflect.Method.invoke(Method.java:568)
at org.testng.internal.invokers.MethodInvocationHelper.invokeMethod(MethodInvocationHelper.java:139)
at org.testng.internal.invokers.TestInvoker.invokeMethod(TestInvoker.java:664)
at org.testng.internal.invokers.TestInvoker.invokeTestMethod(TestInvoker.java:227)
at org.testng.internal.invokers.TestMethodWithDataProviderMethodWorker.call(TestMethodWithDataProviderMethodWorker.java:80)
at org.testng.internal.invokers.TestMethodWithDataProviderMethodWorker.call(TestMethodWithDataProviderMethodWorker.java:17)
at java.base/java.util.concurrent.FutureTask.run(FutureTask.java:264)
at java.base/java.util.concurrent.Executors$RunnableAdapter.call(Executors.java:539)
at java.base/java.util.concurrent.FutureTask.run(FutureTask.java:264)
at java.base/java.util.concurrent.ThreadPoolExecutor.runWorker(ThreadPoolExecutor.java:1136)
at java.base/java.util.concurrent.ThreadPoolExecutor$Worker.run(ThreadPoolExecutor.java:635)
at java.base/java.lang.Thread.run(Thread.java:842)
]]>
    </failure>
  </testcase> <!-- comparePortfolioPlanner -->
  <testcase classname="com.vr.portfolioplanner.test.ApiComparisonTest" name="comparePortfolioPlanner" time="30.894">
    <failure type="java.lang.AssertionError" message="
TC_05255 — FAILED with 2 mismatch(es):
  [MISSING_FIELD            ] funds_data.data[plan_id=16897]
      api1: 16897
      api2: (not found)
      planId: 16897
      fund1:  Aditya Birla SL Balanced Advantage Direct-G
      fund2:  NOT FOUND
      note:   Fund plan_id=&amp;apos;16897&amp;apos; present in API-1 but missing in API-2
  [EXTRA_FIELD              ] funds_data.data[plan_id=38387]
      api1: (not found)
      api2: 38387
      planId: 38387
      fund1:  NOT FOUND
      fund2:  Mirae Asset Equity Savings Direct-G
      note:   Fund plan_id=&amp;apos;38387&amp;apos; present in API-2 but missing in API-1 expected [true] but found [false]">
      <![CDATA[java.lang.AssertionError: 
TC_05255 — FAILED with 2 mismatch(es):
  [MISSING_FIELD            ] funds_data.data[plan_id=16897]
      api1: 16897
      api2: (not found)
      planId: 16897
      fund1:  Aditya Birla SL Balanced Advantage Direct-G
      fund2:  NOT FOUND
      note:   Fund plan_id='16897' present in API-1 but missing in API-2
  [EXTRA_FIELD              ] funds_data.data[plan_id=38387]
      api1: (not found)
      api2: 38387
      planId: 38387
      fund1:  NOT FOUND
      fund2:  Mirae Asset Equity Savings Direct-G
      note:   Fund plan_id='38387' present in API-2 but missing in API-1 expected [true] but found [false]
at org.testng.Assert.fail(Assert.java:111)
at org.testng.Assert.failNotEquals(Assert.java:1578)
at org.testng.Assert.assertTrue(Assert.java:57)
at com.vr.portfolioplanner.test.ApiComparisonTest.comparePortfolioPlanner(ApiComparisonTest.java:239)
at java.base/jdk.internal.reflect.NativeMethodAccessorImpl.invoke0(Native Method)
at java.base/jdk.internal.reflect.NativeMethodAccessorImpl.invoke(NativeMethodAccessorImpl.java:77)
at java.base/jdk.internal.reflect.DelegatingMethodAccessorImpl.invoke(DelegatingMethodAccessorImpl.java:43)
at java.base/java.lang.reflect.Method.invoke(Method.java:568)
at org.testng.internal.invokers.MethodInvocationHelper.invokeMethod(MethodInvocationHelper.java:139)
at org.testng.internal.invokers.TestInvoker.invokeMethod(TestInvoker.java:664)
at org.testng.internal.invokers.TestInvoker.invokeTestMethod(TestInvoker.java:227)
at org.testng.internal.invokers.TestMethodWithDataProviderMethodWorker.call(TestMethodWithDataProviderMethodWorker.java:80)
at org.testng.internal.invokers.TestMethodWithDataProviderMethodWorker.call(TestMethodWithDataProviderMethodWorker.java:17)
at java.base/java.util.concurrent.FutureTask.run(FutureTask.java:264)
at java.base/java.util.concurrent.Executors$RunnableAdapter.call(Executors.java:539)
at java.base/java.util.concurrent.FutureTask.run(FutureTask.java:264)
at java.base/java.util.concurrent.ThreadPoolExecutor.runWorker(ThreadPoolExecutor.java:1136)
at java.base/java.util.concurrent.ThreadPoolExecutor$Worker.run(ThreadPoolExecutor.java:635)
at java.base/java.lang.Thread.run(Thread.java:842)
]]>
    </failure>
  </testcase> <!-- comparePortfolioPlanner -->
  <testcase classname="com.vr.portfolioplanner.test.ApiComparisonTest" name="comparePortfolioPlanner" time="30.894">
    <failure type="java.lang.AssertionError" message="
TC_05253 — FAILED with 2 mismatch(es):
  [MISSING_FIELD            ] funds_data.data[plan_id=16897]
      api1: 16897
      api2: (not found)
      planId: 16897
      fund1:  Aditya Birla SL Balanced Advantage Direct-G
      fund2:  NOT FOUND
      note:   Fund plan_id=&amp;apos;16897&amp;apos; present in API-1 but missing in API-2
  [EXTRA_FIELD              ] funds_data.data[plan_id=38387]
      api1: (not found)
      api2: 38387
      planId: 38387
      fund1:  NOT FOUND
      fund2:  Mirae Asset Equity Savings Direct-G
      note:   Fund plan_id=&amp;apos;38387&amp;apos; present in API-2 but missing in API-1 expected [true] but found [false]">
      <![CDATA[java.lang.AssertionError: 
TC_05253 — FAILED with 2 mismatch(es):
  [MISSING_FIELD            ] funds_data.data[plan_id=16897]
      api1: 16897
      api2: (not found)
      planId: 16897
      fund1:  Aditya Birla SL Balanced Advantage Direct-G
      fund2:  NOT FOUND
      note:   Fund plan_id='16897' present in API-1 but missing in API-2
  [EXTRA_FIELD              ] funds_data.data[plan_id=38387]
      api1: (not found)
      api2: 38387
      planId: 38387
      fund1:  NOT FOUND
      fund2:  Mirae Asset Equity Savings Direct-G
      note:   Fund plan_id='38387' present in API-2 but missing in API-1 expected [true] but found [false]
at org.testng.Assert.fail(Assert.java:111)
at org.testng.Assert.failNotEquals(Assert.java:1578)
at org.testng.Assert.assertTrue(Assert.java:57)
at com.vr.portfolioplanner.test.ApiComparisonTest.comparePortfolioPlanner(ApiComparisonTest.java:239)
at java.base/jdk.internal.reflect.NativeMethodAccessorImpl.invoke0(Native Method)
at java.base/jdk.internal.reflect.NativeMethodAccessorImpl.invoke(NativeMethodAccessorImpl.java:77)
at java.base/jdk.internal.reflect.DelegatingMethodAccessorImpl.invoke(DelegatingMethodAccessorImpl.java:43)
at java.base/java.lang.reflect.Method.invoke(Method.java:568)
at org.testng.internal.invokers.MethodInvocationHelper.invokeMethod(MethodInvocationHelper.java:139)
at org.testng.internal.invokers.TestInvoker.invokeMethod(TestInvoker.java:664)
at org.testng.internal.invokers.TestInvoker.invokeTestMethod(TestInvoker.java:227)
at org.testng.internal.invokers.TestMethodWithDataProviderMethodWorker.call(TestMethodWithDataProviderMethodWorker.java:80)
at org.testng.internal.invokers.TestMethodWithDataProviderMethodWorker.call(TestMethodWithDataProviderMethodWorker.java:17)
at java.base/java.util.concurrent.FutureTask.run(FutureTask.java:264)
at java.base/java.util.concurrent.Executors$RunnableAdapter.call(Executors.java:539)
at java.base/java.util.concurrent.FutureTask.run(FutureTask.java:264)
at java.base/java.util.concurrent.ThreadPoolExecutor.runWorker(ThreadPoolExecutor.java:1136)
at java.base/java.util.concurrent.ThreadPoolExecutor$Worker.run(ThreadPoolExecutor.java:635)
at java.base/java.lang.Thread.run(Thread.java:842)
]]>
    </failure>
  </testcase> <!-- comparePortfolioPlanner -->
  <testcase classname="com.vr.portfolioplanner.test.ApiComparisonTest" name="comparePortfolioPlanner" time="30.895">
    <failure type="java.lang.AssertionError" message="
TC_05264 — FAILED with 3 mismatch(es):
  [MISSING_FIELD            ] funds_data.data[plan_id=16897]
      api1: 16897
      api2: (not found)
      planId: 16897
      fund1:  Aditya Birla SL Balanced Advantage Direct-G
      fund2:  NOT FOUND
      note:   Fund plan_id=&amp;apos;16897&amp;apos; present in API-1 but missing in API-2
  [EXTRA_FIELD              ] funds_data.data[plan_id=38387]
      api1: (not found)
      api2: 38387
      planId: 38387
      fund1:  NOT FOUND
      fund2:  Mirae Asset Equity Savings Direct-G
      note:   Fund plan_id=&amp;apos;38387&amp;apos; present in API-2 but missing in API-1
  [BUSINESS_VALUE_MISMATCH  ] funds_data.data[plan_id=15866].investment_amount
      api1: 1524999
      api2: 1524801
      planId: 15866
      fund1:  ICICI Pru Short Term Direct-G
      fund2:  ICICI Pru Short Term Direct-G
      diff:   198
      note:   Values differ by 198 (tolerance: 100.0) expected [true] but found [false]">
      <![CDATA[java.lang.AssertionError: 
TC_05264 — FAILED with 3 mismatch(es):
  [MISSING_FIELD            ] funds_data.data[plan_id=16897]
      api1: 16897
      api2: (not found)
      planId: 16897
      fund1:  Aditya Birla SL Balanced Advantage Direct-G
      fund2:  NOT FOUND
      note:   Fund plan_id='16897' present in API-1 but missing in API-2
  [EXTRA_FIELD              ] funds_data.data[plan_id=38387]
      api1: (not found)
      api2: 38387
      planId: 38387
      fund1:  NOT FOUND
      fund2:  Mirae Asset Equity Savings Direct-G
      note:   Fund plan_id='38387' present in API-2 but missing in API-1
  [BUSINESS_VALUE_MISMATCH  ] funds_data.data[plan_id=15866].investment_amount
      api1: 1524999
      api2: 1524801
      planId: 15866
      fund1:  ICICI Pru Short Term Direct-G
      fund2:  ICICI Pru Short Term Direct-G
      diff:   198
      note:   Values differ by 198 (tolerance: 100.0) expected [true] but found [false]
at org.testng.Assert.fail(Assert.java:111)
at org.testng.Assert.failNotEquals(Assert.java:1578)
at org.testng.Assert.assertTrue(Assert.java:57)
at com.vr.portfolioplanner.test.ApiComparisonTest.comparePortfolioPlanner(ApiComparisonTest.java:239)
at java.base/jdk.internal.reflect.NativeMethodAccessorImpl.invoke0(Native Method)
at java.base/jdk.internal.reflect.NativeMethodAccessorImpl.invoke(NativeMethodAccessorImpl.java:77)
at java.base/jdk.internal.reflect.DelegatingMethodAccessorImpl.invoke(DelegatingMethodAccessorImpl.java:43)
at java.base/java.lang.reflect.Method.invoke(Method.java:568)
at org.testng.internal.invokers.MethodInvocationHelper.invokeMethod(MethodInvocationHelper.java:139)
at org.testng.internal.invokers.TestInvoker.invokeMethod(TestInvoker.java:664)
at org.testng.internal.invokers.TestInvoker.invokeTestMethod(TestInvoker.java:227)
at org.testng.internal.invokers.TestMethodWithDataProviderMethodWorker.call(TestMethodWithDataProviderMethodWorker.java:80)
at org.testng.internal.invokers.TestMethodWithDataProviderMethodWorker.call(TestMethodWithDataProviderMethodWorker.java:17)
at java.base/java.util.concurrent.FutureTask.run(FutureTask.java:264)
at java.base/java.util.concurrent.Executors$RunnableAdapter.call(Executors.java:539)
at java.base/java.util.concurrent.FutureTask.run(FutureTask.java:264)
at java.base/java.util.concurrent.ThreadPoolExecutor.runWorker(ThreadPoolExecutor.java:1136)
at java.base/java.util.concurrent.ThreadPoolExecutor$Worker.run(ThreadPoolExecutor.java:635)
at java.base/java.lang.Thread.run(Thread.java:842)
]]>
    </failure>
  </testcase> <!-- comparePortfolioPlanner -->
  <testcase classname="com.vr.portfolioplanner.test.ApiComparisonTest" name="comparePortfolioPlanner" time="2.719">
    <failure type="java.lang.AssertionError" message="
TC_05274 — FAILED with 2 mismatch(es):
  [MISSING_FIELD            ] funds_data.data[plan_id=16897]
      api1: 16897
      api2: (not found)
      planId: 16897
      fund1:  Aditya Birla SL Balanced Advantage Direct-G
      fund2:  NOT FOUND
      note:   Fund plan_id=&amp;apos;16897&amp;apos; present in API-1 but missing in API-2
  [EXTRA_FIELD              ] funds_data.data[plan_id=38387]
      api1: (not found)
      api2: 38387
      planId: 38387
      fund1:  NOT FOUND
      fund2:  Mirae Asset Equity Savings Direct-G
      note:   Fund plan_id=&amp;apos;38387&amp;apos; present in API-2 but missing in API-1 expected [true] but found [false]">
      <![CDATA[java.lang.AssertionError: 
TC_05274 — FAILED with 2 mismatch(es):
  [MISSING_FIELD            ] funds_data.data[plan_id=16897]
      api1: 16897
      api2: (not found)
      planId: 16897
      fund1:  Aditya Birla SL Balanced Advantage Direct-G
      fund2:  NOT FOUND
      note:   Fund plan_id='16897' present in API-1 but missing in API-2
  [EXTRA_FIELD              ] funds_data.data[plan_id=38387]
      api1: (not found)
      api2: 38387
      planId: 38387
      fund1:  NOT FOUND
      fund2:  Mirae Asset Equity Savings Direct-G
      note:   Fund plan_id='38387' present in API-2 but missing in API-1 expected [true] but found [false]
at org.testng.Assert.fail(Assert.java:111)
at org.testng.Assert.failNotEquals(Assert.java:1578)
at org.testng.Assert.assertTrue(Assert.java:57)
at com.vr.portfolioplanner.test.ApiComparisonTest.comparePortfolioPlanner(ApiComparisonTest.java:239)
at java.base/jdk.internal.reflect.NativeMethodAccessorImpl.invoke0(Native Method)
at java.base/jdk.internal.reflect.NativeMethodAccessorImpl.invoke(NativeMethodAccessorImpl.java:77)
at java.base/jdk.internal.reflect.DelegatingMethodAccessorImpl.invoke(DelegatingMethodAccessorImpl.java:43)
at java.base/java.lang.reflect.Method.invoke(Method.java:568)
at org.testng.internal.invokers.MethodInvocationHelper.invokeMethod(MethodInvocationHelper.java:139)
at org.testng.internal.invokers.TestInvoker.invokeMethod(TestInvoker.java:664)
at org.testng.internal.invokers.TestInvoker.invokeTestMethod(TestInvoker.java:227)
at org.testng.internal.invokers.TestMethodWithDataProviderMethodWorker.call(TestMethodWithDataProviderMethodWorker.java:80)
at org.testng.internal.invokers.TestMethodWithDataProviderMethodWorker.call(TestMethodWithDataProviderMethodWorker.java:17)
at java.base/java.util.concurrent.FutureTask.run(FutureTask.java:264)
at java.base/java.util.concurrent.Executors$RunnableAdapter.call(Executors.java:539)
at java.base/java.util.concurrent.FutureTask.run(FutureTask.java:264)
at java.base/java.util.concurrent.ThreadPoolExecutor.runWorker(ThreadPoolExecutor.java:1136)
at java.base/java.util.concurrent.ThreadPoolExecutor$Worker.run(ThreadPoolExecutor.java:635)
at java.base/java.lang.Thread.run(Thread.java:842)
]]>
    </failure>
  </testcase> <!-- comparePortfolioPlanner -->
  <testcase classname="com.vr.portfolioplanner.test.ApiComparisonTest" name="comparePortfolioPlanner" time="3.158">
    <failure type="java.lang.AssertionError" message="
TC_05265 — FAILED with 2 mismatch(es):
  [MISSING_FIELD            ] funds_data.data[plan_id=16897]
      api1: 16897
      api2: (not found)
      planId: 16897
      fund1:  Aditya Birla SL Balanced Advantage Direct-G
      fund2:  NOT FOUND
      note:   Fund plan_id=&amp;apos;16897&amp;apos; present in API-1 but missing in API-2
  [EXTRA_FIELD              ] funds_data.data[plan_id=38387]
      api1: (not found)
      api2: 38387
      planId: 38387
      fund1:  NOT FOUND
      fund2:  Mirae Asset Equity Savings Direct-G
      note:   Fund plan_id=&amp;apos;38387&amp;apos; present in API-2 but missing in API-1 expected [true] but found [false]">
      <![CDATA[java.lang.AssertionError: 
TC_05265 — FAILED with 2 mismatch(es):
  [MISSING_FIELD            ] funds_data.data[plan_id=16897]
      api1: 16897
      api2: (not found)
      planId: 16897
      fund1:  Aditya Birla SL Balanced Advantage Direct-G
      fund2:  NOT FOUND
      note:   Fund plan_id='16897' present in API-1 but missing in API-2
  [EXTRA_FIELD              ] funds_data.data[plan_id=38387]
      api1: (not found)
      api2: 38387
      planId: 38387
      fund1:  NOT FOUND
      fund2:  Mirae Asset Equity Savings Direct-G
      note:   Fund plan_id='38387' present in API-2 but missing in API-1 expected [true] but found [false]
at org.testng.Assert.fail(Assert.java:111)
at org.testng.Assert.failNotEquals(Assert.java:1578)
at org.testng.Assert.assertTrue(Assert.java:57)
at com.vr.portfolioplanner.test.ApiComparisonTest.comparePortfolioPlanner(ApiComparisonTest.java:239)
at java.base/jdk.internal.reflect.NativeMethodAccessorImpl.invoke0(Native Method)
at java.base/jdk.internal.reflect.NativeMethodAccessorImpl.invoke(NativeMethodAccessorImpl.java:77)
at java.base/jdk.internal.reflect.DelegatingMethodAccessorImpl.invoke(DelegatingMethodAccessorImpl.java:43)
at java.base/java.lang.reflect.Method.invoke(Method.java:568)
at org.testng.internal.invokers.MethodInvocationHelper.invokeMethod(MethodInvocationHelper.java:139)
at org.testng.internal.invokers.TestInvoker.invokeMethod(TestInvoker.java:664)
at org.testng.internal.invokers.TestInvoker.invokeTestMethod(TestInvoker.java:227)
at org.testng.internal.invokers.TestMethodWithDataProviderMethodWorker.call(TestMethodWithDataProviderMethodWorker.java:80)
at org.testng.internal.invokers.TestMethodWithDataProviderMethodWorker.call(TestMethodWithDataProviderMethodWorker.java:17)
at java.base/java.util.concurrent.FutureTask.run(FutureTask.java:264)
at java.base/java.util.concurrent.Executors$RunnableAdapter.call(Executors.java:539)
at java.base/java.util.concurrent.FutureTask.run(FutureTask.java:264)
at java.base/java.util.concurrent.ThreadPoolExecutor.runWorker(ThreadPoolExecutor.java:1136)
at java.base/java.util.concurrent.ThreadPoolExecutor$Worker.run(ThreadPoolExecutor.java:635)
at java.base/java.lang.Thread.run(Thread.java:842)
]]>
    </failure>
  </testcase> <!-- comparePortfolioPlanner -->
  <testcase classname="com.vr.portfolioplanner.test.ApiComparisonTest" name="comparePortfolioPlanner" time="3.681">
    <failure type="java.lang.AssertionError" message="
TC_05268 — FAILED with 2 mismatch(es):
  [MISSING_FIELD            ] funds_data.data[plan_id=16897]
      api1: 16897
      api2: (not found)
      planId: 16897
      fund1:  Aditya Birla SL Balanced Advantage Direct-G
      fund2:  NOT FOUND
      note:   Fund plan_id=&amp;apos;16897&amp;apos; present in API-1 but missing in API-2
  [EXTRA_FIELD              ] funds_data.data[plan_id=38387]
      api1: (not found)
      api2: 38387
      planId: 38387
      fund1:  NOT FOUND
      fund2:  Mirae Asset Equity Savings Direct-G
      note:   Fund plan_id=&amp;apos;38387&amp;apos; present in API-2 but missing in API-1 expected [true] but found [false]">
      <![CDATA[java.lang.AssertionError: 
TC_05268 — FAILED with 2 mismatch(es):
  [MISSING_FIELD            ] funds_data.data[plan_id=16897]
      api1: 16897
      api2: (not found)
      planId: 16897
      fund1:  Aditya Birla SL Balanced Advantage Direct-G
      fund2:  NOT FOUND
      note:   Fund plan_id='16897' present in API-1 but missing in API-2
  [EXTRA_FIELD              ] funds_data.data[plan_id=38387]
      api1: (not found)
      api2: 38387
      planId: 38387
      fund1:  NOT FOUND
      fund2:  Mirae Asset Equity Savings Direct-G
      note:   Fund plan_id='38387' present in API-2 but missing in API-1 expected [true] but found [false]
at org.testng.Assert.fail(Assert.java:111)
at org.testng.Assert.failNotEquals(Assert.java:1578)
at org.testng.Assert.assertTrue(Assert.java:57)
at com.vr.portfolioplanner.test.ApiComparisonTest.comparePortfolioPlanner(ApiComparisonTest.java:239)
at java.base/jdk.internal.reflect.NativeMethodAccessorImpl.invoke0(Native Method)
at java.base/jdk.internal.reflect.NativeMethodAccessorImpl.invoke(NativeMethodAccessorImpl.java:77)
at java.base/jdk.internal.reflect.DelegatingMethodAccessorImpl.invoke(DelegatingMethodAccessorImpl.java:43)
at java.base/java.lang.reflect.Method.invoke(Method.java:568)
at org.testng.internal.invokers.MethodInvocationHelper.invokeMethod(MethodInvocationHelper.java:139)
at org.testng.internal.invokers.TestInvoker.invokeMethod(TestInvoker.java:664)
at org.testng.internal.invokers.TestInvoker.invokeTestMethod(TestInvoker.java:227)
at org.testng.internal.invokers.TestMethodWithDataProviderMethodWorker.call(TestMethodWithDataProviderMethodWorker.java:80)
at org.testng.internal.invokers.TestMethodWithDataProviderMethodWorker.call(TestMethodWithDataProviderMethodWorker.java:17)
at java.base/java.util.concurrent.FutureTask.run(FutureTask.java:264)
at java.base/java.util.concurrent.Executors$RunnableAdapter.call(Executors.java:539)
at java.base/java.util.concurrent.FutureTask.run(FutureTask.java:264)
at java.base/java.util.concurrent.ThreadPoolExecutor.runWorker(ThreadPoolExecutor.java:1136)
at java.base/java.util.concurrent.ThreadPoolExecutor$Worker.run(ThreadPoolExecutor.java:635)
at java.base/java.lang.Thread.run(Thread.java:842)
]]>
    </failure>
  </testcase> <!-- comparePortfolioPlanner -->
  <testcase classname="com.vr.portfolioplanner.test.ApiComparisonTest" name="comparePortfolioPlanner" time="4.057">
    <failure type="java.lang.AssertionError" message="
TC_05273 — FAILED with 2 mismatch(es):
  [MISSING_FIELD            ] funds_data.data[plan_id=16897]
      api1: 16897
      api2: (not found)
      planId: 16897
      fund1:  Aditya Birla SL Balanced Advantage Direct-G
      fund2:  NOT FOUND
      note:   Fund plan_id=&amp;apos;16897&amp;apos; present in API-1 but missing in API-2
  [EXTRA_FIELD              ] funds_data.data[plan_id=38387]
      api1: (not found)
      api2: 38387
      planId: 38387
      fund1:  NOT FOUND
      fund2:  Mirae Asset Equity Savings Direct-G
      note:   Fund plan_id=&amp;apos;38387&amp;apos; present in API-2 but missing in API-1 expected [true] but found [false]">
      <![CDATA[java.lang.AssertionError: 
TC_05273 — FAILED with 2 mismatch(es):
  [MISSING_FIELD            ] funds_data.data[plan_id=16897]
      api1: 16897
      api2: (not found)
      planId: 16897
      fund1:  Aditya Birla SL Balanced Advantage Direct-G
      fund2:  NOT FOUND
      note:   Fund plan_id='16897' present in API-1 but missing in API-2
  [EXTRA_FIELD              ] funds_data.data[plan_id=38387]
      api1: (not found)
      api2: 38387
      planId: 38387
      fund1:  NOT FOUND
      fund2:  Mirae Asset Equity Savings Direct-G
      note:   Fund plan_id='38387' present in API-2 but missing in API-1 expected [true] but found [false]
at org.testng.Assert.fail(Assert.java:111)
at org.testng.Assert.failNotEquals(Assert.java:1578)
at org.testng.Assert.assertTrue(Assert.java:57)
at com.vr.portfolioplanner.test.ApiComparisonTest.comparePortfolioPlanner(ApiComparisonTest.java:239)
at java.base/jdk.internal.reflect.NativeMethodAccessorImpl.invoke0(Native Method)
at java.base/jdk.internal.reflect.NativeMethodAccessorImpl.invoke(NativeMethodAccessorImpl.java:77)
at java.base/jdk.internal.reflect.DelegatingMethodAccessorImpl.invoke(DelegatingMethodAccessorImpl.java:43)
at java.base/java.lang.reflect.Method.invoke(Method.java:568)
at org.testng.internal.invokers.MethodInvocationHelper.invokeMethod(MethodInvocationHelper.java:139)
at org.testng.internal.invokers.TestInvoker.invokeMethod(TestInvoker.java:664)
at org.testng.internal.invokers.TestInvoker.invokeTestMethod(TestInvoker.java:227)
at org.testng.internal.invokers.TestMethodWithDataProviderMethodWorker.call(TestMethodWithDataProviderMethodWorker.java:80)
at org.testng.internal.invokers.TestMethodWithDataProviderMethodWorker.call(TestMethodWithDataProviderMethodWorker.java:17)
at java.base/java.util.concurrent.FutureTask.run(FutureTask.java:264)
at java.base/java.util.concurrent.Executors$RunnableAdapter.call(Executors.java:539)
at java.base/java.util.concurrent.FutureTask.run(FutureTask.java:264)
at java.base/java.util.concurrent.ThreadPoolExecutor.runWorker(ThreadPoolExecutor.java:1136)
at java.base/java.util.concurrent.ThreadPoolExecutor$Worker.run(ThreadPoolExecutor.java:635)
at java.base/java.lang.Thread.run(Thread.java:842)
]]>
    </failure>
  </testcase> <!-- comparePortfolioPlanner -->
  <testcase classname="com.vr.portfolioplanner.test.ApiComparisonTest" name="comparePortfolioPlanner" time="4.474">
    <failure type="java.lang.AssertionError" message="
TC_05270 — FAILED with 2 mismatch(es):
  [MISSING_FIELD            ] funds_data.data[plan_id=16897]
      api1: 16897
      api2: (not found)
      planId: 16897
      fund1:  Aditya Birla SL Balanced Advantage Direct-G
      fund2:  NOT FOUND
      note:   Fund plan_id=&amp;apos;16897&amp;apos; present in API-1 but missing in API-2
  [EXTRA_FIELD              ] funds_data.data[plan_id=38387]
      api1: (not found)
      api2: 38387
      planId: 38387
      fund1:  NOT FOUND
      fund2:  Mirae Asset Equity Savings Direct-G
      note:   Fund plan_id=&amp;apos;38387&amp;apos; present in API-2 but missing in API-1 expected [true] but found [false]">
      <![CDATA[java.lang.AssertionError: 
TC_05270 — FAILED with 2 mismatch(es):
  [MISSING_FIELD            ] funds_data.data[plan_id=16897]
      api1: 16897
      api2: (not found)
      planId: 16897
      fund1:  Aditya Birla SL Balanced Advantage Direct-G
      fund2:  NOT FOUND
      note:   Fund plan_id='16897' present in API-1 but missing in API-2
  [EXTRA_FIELD              ] funds_data.data[plan_id=38387]
      api1: (not found)
      api2: 38387
      planId: 38387
      fund1:  NOT FOUND
      fund2:  Mirae Asset Equity Savings Direct-G
      note:   Fund plan_id='38387' present in API-2 but missing in API-1 expected [true] but found [false]
at org.testng.Assert.fail(Assert.java:111)
at org.testng.Assert.failNotEquals(Assert.java:1578)
at org.testng.Assert.assertTrue(Assert.java:57)
at com.vr.portfolioplanner.test.ApiComparisonTest.comparePortfolioPlanner(ApiComparisonTest.java:239)
at java.base/jdk.internal.reflect.NativeMethodAccessorImpl.invoke0(Native Method)
at java.base/jdk.internal.reflect.NativeMethodAccessorImpl.invoke(NativeMethodAccessorImpl.java:77)
at java.base/jdk.internal.reflect.DelegatingMethodAccessorImpl.invoke(DelegatingMethodAccessorImpl.java:43)
at java.base/java.lang.reflect.Method.invoke(Method.java:568)
at org.testng.internal.invokers.MethodInvocationHelper.invokeMethod(MethodInvocationHelper.java:139)
at org.testng.internal.invokers.TestInvoker.invokeMethod(TestInvoker.java:664)
at org.testng.internal.invokers.TestInvoker.invokeTestMethod(TestInvoker.java:227)
at org.testng.internal.invokers.TestMethodWithDataProviderMethodWorker.call(TestMethodWithDataProviderMethodWorker.java:80)
at org.testng.internal.invokers.TestMethodWithDataProviderMethodWorker.call(TestMethodWithDataProviderMethodWorker.java:17)
at java.base/java.util.concurrent.FutureTask.run(FutureTask.java:264)
at java.base/java.util.concurrent.Executors$RunnableAdapter.call(Executors.java:539)
at java.base/java.util.concurrent.FutureTask.run(FutureTask.java:264)
at java.base/java.util.concurrent.ThreadPoolExecutor.runWorker(ThreadPoolExecutor.java:1136)
at java.base/java.util.concurrent.ThreadPoolExecutor$Worker.run(ThreadPoolExecutor.java:635)
at java.base/java.lang.Thread.run(Thread.java:842)
]]>
    </failure>
  </testcase> <!-- comparePortfolioPlanner -->
  <testcase classname="com.vr.portfolioplanner.test.ApiComparisonTest" name="comparePortfolioPlanner" time="2.211">
    <failure type="java.lang.AssertionError" message="
TC_05279 — FAILED with 1 mismatch(es):
  [BUSINESS_VALUE_MISMATCH  ] funds_data.data[plan_id=15866].investment_amount
      api1: 182999
      api2: 182801
      planId: 15866
      fund1:  ICICI Pru Short Term Direct-G
      fund2:  ICICI Pru Short Term Direct-G
      diff:   198
      note:   Values differ by 198 (tolerance: 100.0) expected [true] but found [false]">
      <![CDATA[java.lang.AssertionError: 
TC_05279 — FAILED with 1 mismatch(es):
  [BUSINESS_VALUE_MISMATCH  ] funds_data.data[plan_id=15866].investment_amount
      api1: 182999
      api2: 182801
      planId: 15866
      fund1:  ICICI Pru Short Term Direct-G
      fund2:  ICICI Pru Short Term Direct-G
      diff:   198
      note:   Values differ by 198 (tolerance: 100.0) expected [true] but found [false]
at org.testng.Assert.fail(Assert.java:111)
at org.testng.Assert.failNotEquals(Assert.java:1578)
at org.testng.Assert.assertTrue(Assert.java:57)
at com.vr.portfolioplanner.test.ApiComparisonTest.comparePortfolioPlanner(ApiComparisonTest.java:239)
at java.base/jdk.internal.reflect.NativeMethodAccessorImpl.invoke0(Native Method)
at java.base/jdk.internal.reflect.NativeMethodAccessorImpl.invoke(NativeMethodAccessorImpl.java:77)
at java.base/jdk.internal.reflect.DelegatingMethodAccessorImpl.invoke(DelegatingMethodAccessorImpl.java:43)
at java.base/java.lang.reflect.Method.invoke(Method.java:568)
at org.testng.internal.invokers.MethodInvocationHelper.invokeMethod(MethodInvocationHelper.java:139)
at org.testng.internal.invokers.TestInvoker.invokeMethod(TestInvoker.java:664)
at org.testng.internal.invokers.TestInvoker.invokeTestMethod(TestInvoker.java:227)
at org.testng.internal.invokers.TestMethodWithDataProviderMethodWorker.call(TestMethodWithDataProviderMethodWorker.java:80)
at org.testng.internal.invokers.TestMethodWithDataProviderMethodWorker.call(TestMethodWithDataProviderMethodWorker.java:17)
at java.base/java.util.concurrent.FutureTask.run(FutureTask.java:264)
at java.base/java.util.concurrent.Executors$RunnableAdapter.call(Executors.java:539)
at java.base/java.util.concurrent.FutureTask.run(FutureTask.java:264)
at java.base/java.util.concurrent.ThreadPoolExecutor.runWorker(ThreadPoolExecutor.java:1136)
at java.base/java.util.concurrent.ThreadPoolExecutor$Worker.run(ThreadPoolExecutor.java:635)
at java.base/java.lang.Thread.run(Thread.java:842)
]]>
    </failure>
  </testcase> <!-- comparePortfolioPlanner -->
  <testcase classname="com.vr.portfolioplanner.test.ApiComparisonTest" name="comparePortfolioPlanner" time="2.12">
    <failure type="java.lang.AssertionError" message="
TC_05283 — FAILED with 1 mismatch(es):
  [BUSINESS_VALUE_MISMATCH  ] funds_data.data[plan_id=19701].investment_amount
      api1: 18300
      api2: 18158.333333333336
      planId: 19701
      fund1:  Parag Parikh Flexi Cap Direct-G
      fund2:  Parag Parikh Flexi Cap Direct-G
      diff:   141.666666666664
      note:   Values differ by 141.666666666664 (tolerance: 100.0) expected [true] but found [false]">
      <![CDATA[java.lang.AssertionError: 
TC_05283 — FAILED with 1 mismatch(es):
  [BUSINESS_VALUE_MISMATCH  ] funds_data.data[plan_id=19701].investment_amount
      api1: 18300
      api2: 18158.333333333336
      planId: 19701
      fund1:  Parag Parikh Flexi Cap Direct-G
      fund2:  Parag Parikh Flexi Cap Direct-G
      diff:   141.666666666664
      note:   Values differ by 141.666666666664 (tolerance: 100.0) expected [true] but found [false]
at org.testng.Assert.fail(Assert.java:111)
at org.testng.Assert.failNotEquals(Assert.java:1578)
at org.testng.Assert.assertTrue(Assert.java:57)
at com.vr.portfolioplanner.test.ApiComparisonTest.comparePortfolioPlanner(ApiComparisonTest.java:239)
at java.base/jdk.internal.reflect.NativeMethodAccessorImpl.invoke0(Native Method)
at java.base/jdk.internal.reflect.NativeMethodAccessorImpl.invoke(NativeMethodAccessorImpl.java:77)
at java.base/jdk.internal.reflect.DelegatingMethodAccessorImpl.invoke(DelegatingMethodAccessorImpl.java:43)
at java.base/java.lang.reflect.Method.invoke(Method.java:568)
at org.testng.internal.invokers.MethodInvocationHelper.invokeMethod(MethodInvocationHelper.java:139)
at org.testng.internal.invokers.TestInvoker.invokeMethod(TestInvoker.java:664)
at org.testng.internal.invokers.TestInvoker.invokeTestMethod(TestInvoker.java:227)
at org.testng.internal.invokers.TestMethodWithDataProviderMethodWorker.call(TestMethodWithDataProviderMethodWorker.java:80)
at org.testng.internal.invokers.TestMethodWithDataProviderMethodWorker.call(TestMethodWithDataProviderMethodWorker.java:17)
at java.base/java.util.concurrent.FutureTask.run(FutureTask.java:264)
at java.base/java.util.concurrent.Executors$RunnableAdapter.call(Executors.java:539)
at java.base/java.util.concurrent.FutureTask.run(FutureTask.java:264)
at java.base/java.util.concurrent.ThreadPoolExecutor.runWorker(ThreadPoolExecutor.java:1136)
at java.base/java.util.concurrent.ThreadPoolExecutor$Worker.run(ThreadPoolExecutor.java:635)
at java.base/java.lang.Thread.run(Thread.java:842)
]]>
    </failure>
  </testcase> <!-- comparePortfolioPlanner -->
  <testcase classname="com.vr.portfolioplanner.test.ApiComparisonTest" name="comparePortfolioPlanner" time="2.018">
    <failure type="java.lang.AssertionError" message="
TC_05288 — FAILED with 1 mismatch(es):
  [BUSINESS_VALUE_MISMATCH  ] funds_data.data[plan_id=19701].investment_amount
      api1: 58400
      api2: 58266.66666666667
      planId: 19701
      fund1:  Parag Parikh Flexi Cap Direct-G
      fund2:  Parag Parikh Flexi Cap Direct-G
      diff:   133.33333333333
      note:   Values differ by 133.33333333333 (tolerance: 100.0) expected [true] but found [false]">
      <![CDATA[java.lang.AssertionError: 
TC_05288 — FAILED with 1 mismatch(es):
  [BUSINESS_VALUE_MISMATCH  ] funds_data.data[plan_id=19701].investment_amount
      api1: 58400
      api2: 58266.66666666667
      planId: 19701
      fund1:  Parag Parikh Flexi Cap Direct-G
      fund2:  Parag Parikh Flexi Cap Direct-G
      diff:   133.33333333333
      note:   Values differ by 133.33333333333 (tolerance: 100.0) expected [true] but found [false]
at org.testng.Assert.fail(Assert.java:111)
at org.testng.Assert.failNotEquals(Assert.java:1578)
at org.testng.Assert.assertTrue(Assert.java:57)
at com.vr.portfolioplanner.test.ApiComparisonTest.comparePortfolioPlanner(ApiComparisonTest.java:239)
at java.base/jdk.internal.reflect.NativeMethodAccessorImpl.invoke0(Native Method)
at java.base/jdk.internal.reflect.NativeMethodAccessorImpl.invoke(NativeMethodAccessorImpl.java:77)
at java.base/jdk.internal.reflect.DelegatingMethodAccessorImpl.invoke(DelegatingMethodAccessorImpl.java:43)
at java.base/java.lang.reflect.Method.invoke(Method.java:568)
at org.testng.internal.invokers.MethodInvocationHelper.invokeMethod(MethodInvocationHelper.java:139)
at org.testng.internal.invokers.TestInvoker.invokeMethod(TestInvoker.java:664)
at org.testng.internal.invokers.TestInvoker.invokeTestMethod(TestInvoker.java:227)
at org.testng.internal.invokers.TestMethodWithDataProviderMethodWorker.call(TestMethodWithDataProviderMethodWorker.java:80)
at org.testng.internal.invokers.TestMethodWithDataProviderMethodWorker.call(TestMethodWithDataProviderMethodWorker.java:17)
at java.base/java.util.concurrent.FutureTask.run(FutureTask.java:264)
at java.base/java.util.concurrent.Executors$RunnableAdapter.call(Executors.java:539)
at java.base/java.util.concurrent.FutureTask.run(FutureTask.java:264)
at java.base/java.util.concurrent.ThreadPoolExecutor.runWorker(ThreadPoolExecutor.java:1136)
at java.base/java.util.concurrent.ThreadPoolExecutor$Worker.run(ThreadPoolExecutor.java:635)
at java.base/java.lang.Thread.run(Thread.java:842)
]]>
    </failure>
  </testcase> <!-- comparePortfolioPlanner -->
  <testcase classname="com.vr.portfolioplanner.test.ApiComparisonTest" name="comparePortfolioPlanner" time="2.166">
    <failure type="java.lang.AssertionError" message="
TC_05289 — FAILED with 2 mismatch(es):
  [BUSINESS_VALUE_MISMATCH  ] funds_data.data[plan_id=15866].investment_amount
      api1: 3049999
      api2: 3049801
      planId: 15866
      fund1:  ICICI Pru Short Term Direct-G
      fund2:  ICICI Pru Short Term Direct-G
      diff:   198
      note:   Values differ by 198 (tolerance: 100.0)
  [BUSINESS_VALUE_MISMATCH  ] funds_data.data[plan_id=19701].investment_amount
      api1: 73000
      api2: 72833.33333333334
      planId: 19701
      fund1:  Parag Parikh Flexi Cap Direct-G
      fund2:  Parag Parikh Flexi Cap Direct-G
      diff:   166.66666666666
      note:   Values differ by 166.66666666666 (tolerance: 100.0) expected [true] but found [false]">
      <![CDATA[java.lang.AssertionError: 
TC_05289 — FAILED with 2 mismatch(es):
  [BUSINESS_VALUE_MISMATCH  ] funds_data.data[plan_id=15866].investment_amount
      api1: 3049999
      api2: 3049801
      planId: 15866
      fund1:  ICICI Pru Short Term Direct-G
      fund2:  ICICI Pru Short Term Direct-G
      diff:   198
      note:   Values differ by 198 (tolerance: 100.0)
  [BUSINESS_VALUE_MISMATCH  ] funds_data.data[plan_id=19701].investment_amount
      api1: 73000
      api2: 72833.33333333334
      planId: 19701
      fund1:  Parag Parikh Flexi Cap Direct-G
      fund2:  Parag Parikh Flexi Cap Direct-G
      diff:   166.66666666666
      note:   Values differ by 166.66666666666 (tolerance: 100.0) expected [true] but found [false]
at org.testng.Assert.fail(Assert.java:111)
at org.testng.Assert.failNotEquals(Assert.java:1578)
at org.testng.Assert.assertTrue(Assert.java:57)
at com.vr.portfolioplanner.test.ApiComparisonTest.comparePortfolioPlanner(ApiComparisonTest.java:239)
at java.base/jdk.internal.reflect.NativeMethodAccessorImpl.invoke0(Native Method)
at java.base/jdk.internal.reflect.NativeMethodAccessorImpl.invoke(NativeMethodAccessorImpl.java:77)
at java.base/jdk.internal.reflect.DelegatingMethodAccessorImpl.invoke(DelegatingMethodAccessorImpl.java:43)
at java.base/java.lang.reflect.Method.invoke(Method.java:568)
at org.testng.internal.invokers.MethodInvocationHelper.invokeMethod(MethodInvocationHelper.java:139)
at org.testng.internal.invokers.TestInvoker.invokeMethod(TestInvoker.java:664)
at org.testng.internal.invokers.TestInvoker.invokeTestMethod(TestInvoker.java:227)
at org.testng.internal.invokers.TestMethodWithDataProviderMethodWorker.call(TestMethodWithDataProviderMethodWorker.java:80)
at org.testng.internal.invokers.TestMethodWithDataProviderMethodWorker.call(TestMethodWithDataProviderMethodWorker.java:17)
at java.base/java.util.concurrent.FutureTask.run(FutureTask.java:264)
at java.base/java.util.concurrent.Executors$RunnableAdapter.call(Executors.java:539)
at java.base/java.util.concurrent.FutureTask.run(FutureTask.java:264)
at java.base/java.util.concurrent.ThreadPoolExecutor.runWorker(ThreadPoolExecutor.java:1136)
at java.base/java.util.concurrent.ThreadPoolExecutor$Worker.run(ThreadPoolExecutor.java:635)
at java.base/java.lang.Thread.run(Thread.java:842)
]]>
    </failure>
  </testcase> <!-- comparePortfolioPlanner -->
  <testcase classname="com.vr.portfolioplanner.test.ApiComparisonTest" name="comparePortfolioPlanner" time="2.269">
    <failure type="java.lang.AssertionError" message="
TC_05294 — FAILED with 2 mismatch(es):
  [BUSINESS_VALUE_MISMATCH  ] funds_data.data[plan_id=15866].investment_amount
      api1: 6099999
      api2: 6099801
      planId: 15866
      fund1:  ICICI Pru Short Term Direct-G
      fund2:  ICICI Pru Short Term Direct-G
      diff:   198
      note:   Values differ by 198 (tolerance: 100.0)
  [BUSINESS_VALUE_MISMATCH  ] funds_data.data[plan_id=19701].investment_amount
      api1: 145900
      api2: 145766.6666666667
      planId: 19701
      fund1:  Parag Parikh Flexi Cap Direct-G
      fund2:  Parag Parikh Flexi Cap Direct-G
      diff:   133.3333333333
      note:   Values differ by 133.3333333333 (tolerance: 100.0) expected [true] but found [false]">
      <![CDATA[java.lang.AssertionError: 
TC_05294 — FAILED with 2 mismatch(es):
  [BUSINESS_VALUE_MISMATCH  ] funds_data.data[plan_id=15866].investment_amount
      api1: 6099999
      api2: 6099801
      planId: 15866
      fund1:  ICICI Pru Short Term Direct-G
      fund2:  ICICI Pru Short Term Direct-G
      diff:   198
      note:   Values differ by 198 (tolerance: 100.0)
  [BUSINESS_VALUE_MISMATCH  ] funds_data.data[plan_id=19701].investment_amount
      api1: 145900
      api2: 145766.6666666667
      planId: 19701
      fund1:  Parag Parikh Flexi Cap Direct-G
      fund2:  Parag Parikh Flexi Cap Direct-G
      diff:   133.3333333333
      note:   Values differ by 133.3333333333 (tolerance: 100.0) expected [true] but found [false]
at org.testng.Assert.fail(Assert.java:111)
at org.testng.Assert.failNotEquals(Assert.java:1578)
at org.testng.Assert.assertTrue(Assert.java:57)
at com.vr.portfolioplanner.test.ApiComparisonTest.comparePortfolioPlanner(ApiComparisonTest.java:239)
at java.base/jdk.internal.reflect.NativeMethodAccessorImpl.invoke0(Native Method)
at java.base/jdk.internal.reflect.NativeMethodAccessorImpl.invoke(NativeMethodAccessorImpl.java:77)
at java.base/jdk.internal.reflect.DelegatingMethodAccessorImpl.invoke(DelegatingMethodAccessorImpl.java:43)
at java.base/java.lang.reflect.Method.invoke(Method.java:568)
at org.testng.internal.invokers.MethodInvocationHelper.invokeMethod(MethodInvocationHelper.java:139)
at org.testng.internal.invokers.TestInvoker.invokeMethod(TestInvoker.java:664)
at org.testng.internal.invokers.TestInvoker.invokeTestMethod(TestInvoker.java:227)
at org.testng.internal.invokers.TestMethodWithDataProviderMethodWorker.call(TestMethodWithDataProviderMethodWorker.java:80)
at org.testng.internal.invokers.TestMethodWithDataProviderMethodWorker.call(TestMethodWithDataProviderMethodWorker.java:17)
at java.base/java.util.concurrent.FutureTask.run(FutureTask.java:264)
at java.base/java.util.concurrent.Executors$RunnableAdapter.call(Executors.java:539)
at java.base/java.util.concurrent.FutureTask.run(FutureTask.java:264)
at java.base/java.util.concurrent.ThreadPoolExecutor.runWorker(ThreadPoolExecutor.java:1136)
at java.base/java.util.concurrent.ThreadPoolExecutor$Worker.run(ThreadPoolExecutor.java:635)
at java.base/java.lang.Thread.run(Thread.java:842)
]]>
    </failure>
  </testcase> <!-- comparePortfolioPlanner -->
  <testcase classname="com.vr.portfolioplanner.test.ApiComparisonTest" name="comparePortfolioPlanner" time="2.457">
    <failure type="java.lang.AssertionError" message="
TC_05295 — FAILED with 2 mismatch(es):
  [MISSING_FIELD            ] funds_data.data[plan_id=15800]
      api1: 15800
      api2: (not found)
      planId: 15800
      fund1:  Aditya Birla SL Liquid Direct-G
      fund2:  NOT FOUND
      note:   Fund plan_id=&amp;apos;15800&amp;apos; present in API-1 but missing in API-2
  [EXTRA_FIELD              ] funds_data.data[plan_id=16167]
      api1: (not found)
      api2: 16167
      planId: 16167
      fund1:  NOT FOUND
      fund2:  HDFC Liquid Direct-G
      note:   Fund plan_id=&amp;apos;16167&amp;apos; present in API-2 but missing in API-1 expected [true] but found [false]">
      <![CDATA[java.lang.AssertionError: 
TC_05295 — FAILED with 2 mismatch(es):
  [MISSING_FIELD            ] funds_data.data[plan_id=15800]
      api1: 15800
      api2: (not found)
      planId: 15800
      fund1:  Aditya Birla SL Liquid Direct-G
      fund2:  NOT FOUND
      note:   Fund plan_id='15800' present in API-1 but missing in API-2
  [EXTRA_FIELD              ] funds_data.data[plan_id=16167]
      api1: (not found)
      api2: 16167
      planId: 16167
      fund1:  NOT FOUND
      fund2:  HDFC Liquid Direct-G
      note:   Fund plan_id='16167' present in API-2 but missing in API-1 expected [true] but found [false]
at org.testng.Assert.fail(Assert.java:111)
at org.testng.Assert.failNotEquals(Assert.java:1578)
at org.testng.Assert.assertTrue(Assert.java:57)
at com.vr.portfolioplanner.test.ApiComparisonTest.comparePortfolioPlanner(ApiComparisonTest.java:239)
at java.base/jdk.internal.reflect.NativeMethodAccessorImpl.invoke0(Native Method)
at java.base/jdk.internal.reflect.NativeMethodAccessorImpl.invoke(NativeMethodAccessorImpl.java:77)
at java.base/jdk.internal.reflect.DelegatingMethodAccessorImpl.invoke(DelegatingMethodAccessorImpl.java:43)
at java.base/java.lang.reflect.Method.invoke(Method.java:568)
at org.testng.internal.invokers.MethodInvocationHelper.invokeMethod(MethodInvocationHelper.java:139)
at org.testng.internal.invokers.TestInvoker.invokeMethod(TestInvoker.java:664)
at org.testng.internal.invokers.TestInvoker.invokeTestMethod(TestInvoker.java:227)
at org.testng.internal.invokers.TestMethodWithDataProviderMethodWorker.call(TestMethodWithDataProviderMethodWorker.java:80)
at org.testng.internal.invokers.TestMethodWithDataProviderMethodWorker.call(TestMethodWithDataProviderMethodWorker.java:17)
at java.base/java.util.concurrent.FutureTask.run(FutureTask.java:264)
at java.base/java.util.concurrent.Executors$RunnableAdapter.call(Executors.java:539)
at java.base/java.util.concurrent.FutureTask.run(FutureTask.java:264)
at java.base/java.util.concurrent.ThreadPoolExecutor.runWorker(ThreadPoolExecutor.java:1136)
at java.base/java.util.concurrent.ThreadPoolExecutor$Worker.run(ThreadPoolExecutor.java:635)
at java.base/java.lang.Thread.run(Thread.java:842)
]]>
    </failure>
  </testcase> <!-- comparePortfolioPlanner -->
  <testcase classname="com.vr.portfolioplanner.test.ApiComparisonTest" name="comparePortfolioPlanner" time="2.709">
    <failure type="java.lang.AssertionError" message="
TC_05300 — FAILED with 1 mismatch(es):
  [BUSINESS_VALUE_MISMATCH  ] funds_data.data[plan_id=19701].investment_amount
      api1: 3700
      api2: 3591.666666666667
      planId: 19701
      fund1:  Parag Parikh Flexi Cap Direct-G
      fund2:  Parag Parikh Flexi Cap Direct-G
      diff:   108.333333333333
      note:   Values differ by 108.333333333333 (tolerance: 100.0) expected [true] but found [false]">
      <![CDATA[java.lang.AssertionError: 
TC_05300 — FAILED with 1 mismatch(es):
  [BUSINESS_VALUE_MISMATCH  ] funds_data.data[plan_id=19701].investment_amount
      api1: 3700
      api2: 3591.666666666667
      planId: 19701
      fund1:  Parag Parikh Flexi Cap Direct-G
      fund2:  Parag Parikh Flexi Cap Direct-G
      diff:   108.333333333333
      note:   Values differ by 108.333333333333 (tolerance: 100.0) expected [true] but found [false]
at org.testng.Assert.fail(Assert.java:111)
at org.testng.Assert.failNotEquals(Assert.java:1578)
at org.testng.Assert.assertTrue(Assert.java:57)
at com.vr.portfolioplanner.test.ApiComparisonTest.comparePortfolioPlanner(ApiComparisonTest.java:239)
at jdk.internal.reflect.GeneratedMethodAccessor135.invoke(Unknown Source)
at java.base/jdk.internal.reflect.DelegatingMethodAccessorImpl.invoke(DelegatingMethodAccessorImpl.java:43)
at java.base/java.lang.reflect.Method.invoke(Method.java:568)
at org.testng.internal.invokers.MethodInvocationHelper.invokeMethod(MethodInvocationHelper.java:139)
at org.testng.internal.invokers.TestInvoker.invokeMethod(TestInvoker.java:664)
at org.testng.internal.invokers.TestInvoker.invokeTestMethod(TestInvoker.java:227)
at org.testng.internal.invokers.TestMethodWithDataProviderMethodWorker.call(TestMethodWithDataProviderMethodWorker.java:80)
at org.testng.internal.invokers.TestMethodWithDataProviderMethodWorker.call(TestMethodWithDataProviderMethodWorker.java:17)
at java.base/java.util.concurrent.FutureTask.run(FutureTask.java:264)
at java.base/java.util.concurrent.Executors$RunnableAdapter.call(Executors.java:539)
at java.base/java.util.concurrent.FutureTask.run(FutureTask.java:264)
at java.base/java.util.concurrent.ThreadPoolExecutor.runWorker(ThreadPoolExecutor.java:1136)
at java.base/java.util.concurrent.ThreadPoolExecutor$Worker.run(ThreadPoolExecutor.java:635)
at java.base/java.lang.Thread.run(Thread.java:842)
]]>
    </failure>
  </testcase> <!-- comparePortfolioPlanner -->
  <testcase classname="com.vr.portfolioplanner.test.ApiComparisonTest" name="comparePortfolioPlanner" time="2.928">
    <failure type="java.lang.AssertionError" message="
TC_05303 — FAILED with 1 mismatch(es):
  [BUSINESS_VALUE_MISMATCH  ] funds_data.data[plan_id=19701].investment_amount
      api1: 11000
      api2: 10875
      planId: 19701
      fund1:  Parag Parikh Flexi Cap Direct-G
      fund2:  Parag Parikh Flexi Cap Direct-G
      diff:   125
      note:   Values differ by 125 (tolerance: 100.0) expected [true] but found [false]">
      <![CDATA[java.lang.AssertionError: 
TC_05303 — FAILED with 1 mismatch(es):
  [BUSINESS_VALUE_MISMATCH  ] funds_data.data[plan_id=19701].investment_amount
      api1: 11000
      api2: 10875
      planId: 19701
      fund1:  Parag Parikh Flexi Cap Direct-G
      fund2:  Parag Parikh Flexi Cap Direct-G
      diff:   125
      note:   Values differ by 125 (tolerance: 100.0) expected [true] but found [false]
at org.testng.Assert.fail(Assert.java:111)
at org.testng.Assert.failNotEquals(Assert.java:1578)
at org.testng.Assert.assertTrue(Assert.java:57)
at com.vr.portfolioplanner.test.ApiComparisonTest.comparePortfolioPlanner(ApiComparisonTest.java:239)
at jdk.internal.reflect.GeneratedMethodAccessor135.invoke(Unknown Source)
at java.base/jdk.internal.reflect.DelegatingMethodAccessorImpl.invoke(DelegatingMethodAccessorImpl.java:43)
at java.base/java.lang.reflect.Method.invoke(Method.java:568)
at org.testng.internal.invokers.MethodInvocationHelper.invokeMethod(MethodInvocationHelper.java:139)
at org.testng.internal.invokers.TestInvoker.invokeMethod(TestInvoker.java:664)
at org.testng.internal.invokers.TestInvoker.invokeTestMethod(TestInvoker.java:227)
at org.testng.internal.invokers.TestMethodWithDataProviderMethodWorker.call(TestMethodWithDataProviderMethodWorker.java:80)
at org.testng.internal.invokers.TestMethodWithDataProviderMethodWorker.call(TestMethodWithDataProviderMethodWorker.java:17)
at java.base/java.util.concurrent.FutureTask.run(FutureTask.java:264)
at java.base/java.util.concurrent.Executors$RunnableAdapter.call(Executors.java:539)
at java.base/java.util.concurrent.FutureTask.run(FutureTask.java:264)
at java.base/java.util.concurrent.ThreadPoolExecutor.runWorker(ThreadPoolExecutor.java:1136)
at java.base/java.util.concurrent.ThreadPoolExecutor$Worker.run(ThreadPoolExecutor.java:635)
at java.base/java.lang.Thread.run(Thread.java:842)
]]>
    </failure>
  </testcase> <!-- comparePortfolioPlanner -->
  <testcase classname="com.vr.portfolioplanner.test.ApiComparisonTest" name="comparePortfolioPlanner" time="2.792">
    <failure type="java.lang.AssertionError" message="
TC_05304 — FAILED with 1 mismatch(es):
  [BUSINESS_VALUE_MISMATCH  ] funds_data.data[plan_id=15866].investment_amount
      api1: 609999
      api2: 609801
      planId: 15866
      fund1:  ICICI Pru Short Term Direct-G
      fund2:  ICICI Pru Short Term Direct-G
      diff:   198
      note:   Values differ by 198 (tolerance: 100.0) expected [true] but found [false]">
      <![CDATA[java.lang.AssertionError: 
TC_05304 — FAILED with 1 mismatch(es):
  [BUSINESS_VALUE_MISMATCH  ] funds_data.data[plan_id=15866].investment_amount
      api1: 609999
      api2: 609801
      planId: 15866
      fund1:  ICICI Pru Short Term Direct-G
      fund2:  ICICI Pru Short Term Direct-G
      diff:   198
      note:   Values differ by 198 (tolerance: 100.0) expected [true] but found [false]
at org.testng.Assert.fail(Assert.java:111)
at org.testng.Assert.failNotEquals(Assert.java:1578)
at org.testng.Assert.assertTrue(Assert.java:57)
at com.vr.portfolioplanner.test.ApiComparisonTest.comparePortfolioPlanner(ApiComparisonTest.java:239)
at jdk.internal.reflect.GeneratedMethodAccessor135.invoke(Unknown Source)
at java.base/jdk.internal.reflect.DelegatingMethodAccessorImpl.invoke(DelegatingMethodAccessorImpl.java:43)
at java.base/java.lang.reflect.Method.invoke(Method.java:568)
at org.testng.internal.invokers.MethodInvocationHelper.invokeMethod(MethodInvocationHelper.java:139)
at org.testng.internal.invokers.TestInvoker.invokeMethod(TestInvoker.java:664)
at org.testng.internal.invokers.TestInvoker.invokeTestMethod(TestInvoker.java:227)
at org.testng.internal.invokers.TestMethodWithDataProviderMethodWorker.call(TestMethodWithDataProviderMethodWorker.java:80)
at org.testng.internal.invokers.TestMethodWithDataProviderMethodWorker.call(TestMethodWithDataProviderMethodWorker.java:17)
at java.base/java.util.concurrent.FutureTask.run(FutureTask.java:264)
at java.base/java.util.concurrent.Executors$RunnableAdapter.call(Executors.java:539)
at java.base/java.util.concurrent.FutureTask.run(FutureTask.java:264)
at java.base/java.util.concurrent.ThreadPoolExecutor.runWorker(ThreadPoolExecutor.java:1136)
at java.base/java.util.concurrent.ThreadPoolExecutor$Worker.run(ThreadPoolExecutor.java:635)
at java.base/java.lang.Thread.run(Thread.java:842)
]]>
    </failure>
  </testcase> <!-- comparePortfolioPlanner -->
  <testcase classname="com.vr.portfolioplanner.test.ApiComparisonTest" name="comparePortfolioPlanner" time="2.592">
    <failure type="java.lang.AssertionError" message="
TC_05309 — FAILED with 1 mismatch(es):
  [BUSINESS_VALUE_MISMATCH  ] funds_data.data[plan_id=15866].investment_amount
      api1: 1829999
      api2: 1829801
      planId: 15866
      fund1:  ICICI Pru Short Term Direct-G
      fund2:  ICICI Pru Short Term Direct-G
      diff:   198
      note:   Values differ by 198 (tolerance: 100.0) expected [true] but found [false]">
      <![CDATA[java.lang.AssertionError: 
TC_05309 — FAILED with 1 mismatch(es):
  [BUSINESS_VALUE_MISMATCH  ] funds_data.data[plan_id=15866].investment_amount
      api1: 1829999
      api2: 1829801
      planId: 15866
      fund1:  ICICI Pru Short Term Direct-G
      fund2:  ICICI Pru Short Term Direct-G
      diff:   198
      note:   Values differ by 198 (tolerance: 100.0) expected [true] but found [false]
at org.testng.Assert.fail(Assert.java:111)
at org.testng.Assert.failNotEquals(Assert.java:1578)
at org.testng.Assert.assertTrue(Assert.java:57)
at com.vr.portfolioplanner.test.ApiComparisonTest.comparePortfolioPlanner(ApiComparisonTest.java:239)
at jdk.internal.reflect.GeneratedMethodAccessor135.invoke(Unknown Source)
at java.base/jdk.internal.reflect.DelegatingMethodAccessorImpl.invoke(DelegatingMethodAccessorImpl.java:43)
at java.base/java.lang.reflect.Method.invoke(Method.java:568)
at org.testng.internal.invokers.MethodInvocationHelper.invokeMethod(MethodInvocationHelper.java:139)
at org.testng.internal.invokers.TestInvoker.invokeMethod(TestInvoker.java:664)
at org.testng.internal.invokers.TestInvoker.invokeTestMethod(TestInvoker.java:227)
at org.testng.internal.invokers.TestMethodWithDataProviderMethodWorker.call(TestMethodWithDataProviderMethodWorker.java:80)
at org.testng.internal.invokers.TestMethodWithDataProviderMethodWorker.call(TestMethodWithDataProviderMethodWorker.java:17)
at java.base/java.util.concurrent.FutureTask.run(FutureTask.java:264)
at java.base/java.util.concurrent.Executors$RunnableAdapter.call(Executors.java:539)
at java.base/java.util.concurrent.FutureTask.run(FutureTask.java:264)
at java.base/java.util.concurrent.ThreadPoolExecutor.runWorker(ThreadPoolExecutor.java:1136)
at java.base/java.util.concurrent.ThreadPoolExecutor$Worker.run(ThreadPoolExecutor.java:635)
at java.base/java.lang.Thread.run(Thread.java:842)
]]>
    </failure>
  </testcase> <!-- comparePortfolioPlanner -->
  <testcase classname="com.vr.portfolioplanner.test.ApiComparisonTest" name="comparePortfolioPlanner" time="2.379">
    <failure type="java.lang.AssertionError" message="
TC_05310 — FAILED with 1 mismatch(es):
  [BUSINESS_VALUE_MISMATCH  ] funds_data.data[plan_id=19701].investment_amount
      api1: 58400
      api2: 58266.66666666667
      planId: 19701
      fund1:  Parag Parikh Flexi Cap Direct-G
      fund2:  Parag Parikh Flexi Cap Direct-G
      diff:   133.33333333333
      note:   Values differ by 133.33333333333 (tolerance: 100.0) expected [true] but found [false]">
      <![CDATA[java.lang.AssertionError: 
TC_05310 — FAILED with 1 mismatch(es):
  [BUSINESS_VALUE_MISMATCH  ] funds_data.data[plan_id=19701].investment_amount
      api1: 58400
      api2: 58266.66666666667
      planId: 19701
      fund1:  Parag Parikh Flexi Cap Direct-G
      fund2:  Parag Parikh Flexi Cap Direct-G
      diff:   133.33333333333
      note:   Values differ by 133.33333333333 (tolerance: 100.0) expected [true] but found [false]
at org.testng.Assert.fail(Assert.java:111)
at org.testng.Assert.failNotEquals(Assert.java:1578)
at org.testng.Assert.assertTrue(Assert.java:57)
at com.vr.portfolioplanner.test.ApiComparisonTest.comparePortfolioPlanner(ApiComparisonTest.java:239)
at jdk.internal.reflect.GeneratedMethodAccessor135.invoke(Unknown Source)
at java.base/jdk.internal.reflect.DelegatingMethodAccessorImpl.invoke(DelegatingMethodAccessorImpl.java:43)
at java.base/java.lang.reflect.Method.invoke(Method.java:568)
at org.testng.internal.invokers.MethodInvocationHelper.invokeMethod(MethodInvocationHelper.java:139)
at org.testng.internal.invokers.TestInvoker.invokeMethod(TestInvoker.java:664)
at org.testng.internal.invokers.TestInvoker.invokeTestMethod(TestInvoker.java:227)
at org.testng.internal.invokers.TestMethodWithDataProviderMethodWorker.call(TestMethodWithDataProviderMethodWorker.java:80)
at org.testng.internal.invokers.TestMethodWithDataProviderMethodWorker.call(TestMethodWithDataProviderMethodWorker.java:17)
at java.base/java.util.concurrent.FutureTask.run(FutureTask.java:264)
at java.base/java.util.concurrent.Executors$RunnableAdapter.call(Executors.java:539)
at java.base/java.util.concurrent.FutureTask.run(FutureTask.java:264)
at java.base/java.util.concurrent.ThreadPoolExecutor.runWorker(ThreadPoolExecutor.java:1136)
at java.base/java.util.concurrent.ThreadPoolExecutor$Worker.run(ThreadPoolExecutor.java:635)
at java.base/java.lang.Thread.run(Thread.java:842)
]]>
    </failure>
  </testcase> <!-- comparePortfolioPlanner -->
  <testcase classname="com.vr.portfolioplanner.test.ApiComparisonTest" name="comparePortfolioPlanner" time="2.171">
    <failure type="java.lang.AssertionError" message="
TC_05318 — FAILED with 2 mismatch(es):
  [MISSING_FIELD            ] funds_data.data[plan_id=15800]
      api1: 15800
      api2: (not found)
      planId: 15800
      fund1:  Aditya Birla SL Liquid Direct-G
      fund2:  NOT FOUND
      note:   Fund plan_id=&amp;apos;15800&amp;apos; present in API-1 but missing in API-2
  [EXTRA_FIELD              ] funds_data.data[plan_id=16167]
      api1: (not found)
      api2: 16167
      planId: 16167
      fund1:  NOT FOUND
      fund2:  HDFC Liquid Direct-G
      note:   Fund plan_id=&amp;apos;16167&amp;apos; present in API-2 but missing in API-1 expected [true] but found [false]">
      <![CDATA[java.lang.AssertionError: 
TC_05318 — FAILED with 2 mismatch(es):
  [MISSING_FIELD            ] funds_data.data[plan_id=15800]
      api1: 15800
      api2: (not found)
      planId: 15800
      fund1:  Aditya Birla SL Liquid Direct-G
      fund2:  NOT FOUND
      note:   Fund plan_id='15800' present in API-1 but missing in API-2
  [EXTRA_FIELD              ] funds_data.data[plan_id=16167]
      api1: (not found)
      api2: 16167
      planId: 16167
      fund1:  NOT FOUND
      fund2:  HDFC Liquid Direct-G
      note:   Fund plan_id='16167' present in API-2 but missing in API-1 expected [true] but found [false]
at org.testng.Assert.fail(Assert.java:111)
at org.testng.Assert.failNotEquals(Assert.java:1578)
at org.testng.Assert.assertTrue(Assert.java:57)
at com.vr.portfolioplanner.test.ApiComparisonTest.comparePortfolioPlanner(ApiComparisonTest.java:239)
at jdk.internal.reflect.GeneratedMethodAccessor135.invoke(Unknown Source)
at java.base/jdk.internal.reflect.DelegatingMethodAccessorImpl.invoke(DelegatingMethodAccessorImpl.java:43)
at java.base/java.lang.reflect.Method.invoke(Method.java:568)
at org.testng.internal.invokers.MethodInvocationHelper.invokeMethod(MethodInvocationHelper.java:139)
at org.testng.internal.invokers.TestInvoker.invokeMethod(TestInvoker.java:664)
at org.testng.internal.invokers.TestInvoker.invokeTestMethod(TestInvoker.java:227)
at org.testng.internal.invokers.TestMethodWithDataProviderMethodWorker.call(TestMethodWithDataProviderMethodWorker.java:80)
at org.testng.internal.invokers.TestMethodWithDataProviderMethodWorker.call(TestMethodWithDataProviderMethodWorker.java:17)
at java.base/java.util.concurrent.FutureTask.run(FutureTask.java:264)
at java.base/java.util.concurrent.Executors$RunnableAdapter.call(Executors.java:539)
at java.base/java.util.concurrent.FutureTask.run(FutureTask.java:264)
at java.base/java.util.concurrent.ThreadPoolExecutor.runWorker(ThreadPoolExecutor.java:1136)
at java.base/java.util.concurrent.ThreadPoolExecutor$Worker.run(ThreadPoolExecutor.java:635)
at java.base/java.lang.Thread.run(Thread.java:842)
]]>
    </failure>
  </testcase> <!-- comparePortfolioPlanner -->
  <testcase classname="com.vr.portfolioplanner.test.ApiComparisonTest" name="comparePortfolioPlanner" time="1.984">
    <failure type="java.lang.AssertionError" message="
TC_05319 — FAILED with 1 mismatch(es):
  [BUSINESS_VALUE_MISMATCH  ] funds_data.data[plan_id=15866].investment_amount
      api1: 60999
      api2: 60801
      planId: 15866
      fund1:  ICICI Pru Short Term Direct-G
      fund2:  ICICI Pru Short Term Direct-G
      diff:   198
      note:   Values differ by 198 (tolerance: 100.0) expected [true] but found [false]">
      <![CDATA[java.lang.AssertionError: 
TC_05319 — FAILED with 1 mismatch(es):
  [BUSINESS_VALUE_MISMATCH  ] funds_data.data[plan_id=15866].investment_amount
      api1: 60999
      api2: 60801
      planId: 15866
      fund1:  ICICI Pru Short Term Direct-G
      fund2:  ICICI Pru Short Term Direct-G
      diff:   198
      note:   Values differ by 198 (tolerance: 100.0) expected [true] but found [false]
at org.testng.Assert.fail(Assert.java:111)
at org.testng.Assert.failNotEquals(Assert.java:1578)
at org.testng.Assert.assertTrue(Assert.java:57)
at com.vr.portfolioplanner.test.ApiComparisonTest.comparePortfolioPlanner(ApiComparisonTest.java:239)
at jdk.internal.reflect.GeneratedMethodAccessor135.invoke(Unknown Source)
at java.base/jdk.internal.reflect.DelegatingMethodAccessorImpl.invoke(DelegatingMethodAccessorImpl.java:43)
at java.base/java.lang.reflect.Method.invoke(Method.java:568)
at org.testng.internal.invokers.MethodInvocationHelper.invokeMethod(MethodInvocationHelper.java:139)
at org.testng.internal.invokers.TestInvoker.invokeMethod(TestInvoker.java:664)
at org.testng.internal.invokers.TestInvoker.invokeTestMethod(TestInvoker.java:227)
at org.testng.internal.invokers.TestMethodWithDataProviderMethodWorker.call(TestMethodWithDataProviderMethodWorker.java:80)
at org.testng.internal.invokers.TestMethodWithDataProviderMethodWorker.call(TestMethodWithDataProviderMethodWorker.java:17)
at java.base/java.util.concurrent.FutureTask.run(FutureTask.java:264)
at java.base/java.util.concurrent.Executors$RunnableAdapter.call(Executors.java:539)
at java.base/java.util.concurrent.FutureTask.run(FutureTask.java:264)
at java.base/java.util.concurrent.ThreadPoolExecutor.runWorker(ThreadPoolExecutor.java:1136)
at java.base/java.util.concurrent.ThreadPoolExecutor$Worker.run(ThreadPoolExecutor.java:635)
at java.base/java.lang.Thread.run(Thread.java:842)
]]>
    </failure>
  </testcase> <!-- comparePortfolioPlanner -->
  <testcase classname="com.vr.portfolioplanner.test.ApiComparisonTest" name="comparePortfolioPlanner" time="2.069">
    <failure type="java.lang.AssertionError" message="
TC_05324 — FAILED with 1 mismatch(es):
  [BUSINESS_VALUE_MISMATCH  ] funds_data.data[plan_id=15866].investment_amount
      api1: 304999
      api2: 304801
      planId: 15866
      fund1:  ICICI Pru Short Term Direct-G
      fund2:  ICICI Pru Short Term Direct-G
      diff:   198
      note:   Values differ by 198 (tolerance: 100.0) expected [true] but found [false]">
      <![CDATA[java.lang.AssertionError: 
TC_05324 — FAILED with 1 mismatch(es):
  [BUSINESS_VALUE_MISMATCH  ] funds_data.data[plan_id=15866].investment_amount
      api1: 304999
      api2: 304801
      planId: 15866
      fund1:  ICICI Pru Short Term Direct-G
      fund2:  ICICI Pru Short Term Direct-G
      diff:   198
      note:   Values differ by 198 (tolerance: 100.0) expected [true] but found [false]
at org.testng.Assert.fail(Assert.java:111)
at org.testng.Assert.failNotEquals(Assert.java:1578)
at org.testng.Assert.assertTrue(Assert.java:57)
at com.vr.portfolioplanner.test.ApiComparisonTest.comparePortfolioPlanner(ApiComparisonTest.java:239)
at jdk.internal.reflect.GeneratedMethodAccessor135.invoke(Unknown Source)
at java.base/jdk.internal.reflect.DelegatingMethodAccessorImpl.invoke(DelegatingMethodAccessorImpl.java:43)
at java.base/java.lang.reflect.Method.invoke(Method.java:568)
at org.testng.internal.invokers.MethodInvocationHelper.invokeMethod(MethodInvocationHelper.java:139)
at org.testng.internal.invokers.TestInvoker.invokeMethod(TestInvoker.java:664)
at org.testng.internal.invokers.TestInvoker.invokeTestMethod(TestInvoker.java:227)
at org.testng.internal.invokers.TestMethodWithDataProviderMethodWorker.call(TestMethodWithDataProviderMethodWorker.java:80)
at org.testng.internal.invokers.TestMethodWithDataProviderMethodWorker.call(TestMethodWithDataProviderMethodWorker.java:17)
at java.base/java.util.concurrent.FutureTask.run(FutureTask.java:264)
at java.base/java.util.concurrent.Executors$RunnableAdapter.call(Executors.java:539)
at java.base/java.util.concurrent.FutureTask.run(FutureTask.java:264)
at java.base/java.util.concurrent.ThreadPoolExecutor.runWorker(ThreadPoolExecutor.java:1136)
at java.base/java.util.concurrent.ThreadPoolExecutor$Worker.run(ThreadPoolExecutor.java:635)
at java.base/java.lang.Thread.run(Thread.java:842)
]]>
    </failure>
  </testcase> <!-- comparePortfolioPlanner -->
  <testcase classname="com.vr.portfolioplanner.test.ApiComparisonTest" name="comparePortfolioPlanner" time="2.543">
    <failure type="java.lang.AssertionError" message="
TC_05325 — FAILED with 1 mismatch(es):
  [BUSINESS_VALUE_MISMATCH  ] funds_data.data[plan_id=19701].investment_amount
      api1: 11000
      api2: 10875
      planId: 19701
      fund1:  Parag Parikh Flexi Cap Direct-G
      fund2:  Parag Parikh Flexi Cap Direct-G
      diff:   125
      note:   Values differ by 125 (tolerance: 100.0) expected [true] but found [false]">
      <![CDATA[java.lang.AssertionError: 
TC_05325 — FAILED with 1 mismatch(es):
  [BUSINESS_VALUE_MISMATCH  ] funds_data.data[plan_id=19701].investment_amount
      api1: 11000
      api2: 10875
      planId: 19701
      fund1:  Parag Parikh Flexi Cap Direct-G
      fund2:  Parag Parikh Flexi Cap Direct-G
      diff:   125
      note:   Values differ by 125 (tolerance: 100.0) expected [true] but found [false]
at org.testng.Assert.fail(Assert.java:111)
at org.testng.Assert.failNotEquals(Assert.java:1578)
at org.testng.Assert.assertTrue(Assert.java:57)
at com.vr.portfolioplanner.test.ApiComparisonTest.comparePortfolioPlanner(ApiComparisonTest.java:239)
at jdk.internal.reflect.GeneratedMethodAccessor135.invoke(Unknown Source)
at java.base/jdk.internal.reflect.DelegatingMethodAccessorImpl.invoke(DelegatingMethodAccessorImpl.java:43)
at java.base/java.lang.reflect.Method.invoke(Method.java:568)
at org.testng.internal.invokers.MethodInvocationHelper.invokeMethod(MethodInvocationHelper.java:139)
at org.testng.internal.invokers.TestInvoker.invokeMethod(TestInvoker.java:664)
at org.testng.internal.invokers.TestInvoker.invokeTestMethod(TestInvoker.java:227)
at org.testng.internal.invokers.TestMethodWithDataProviderMethodWorker.call(TestMethodWithDataProviderMethodWorker.java:80)
at org.testng.internal.invokers.TestMethodWithDataProviderMethodWorker.call(TestMethodWithDataProviderMethodWorker.java:17)
at java.base/java.util.concurrent.FutureTask.run(FutureTask.java:264)
at java.base/java.util.concurrent.Executors$RunnableAdapter.call(Executors.java:539)
at java.base/java.util.concurrent.FutureTask.run(FutureTask.java:264)
at java.base/java.util.concurrent.ThreadPoolExecutor.runWorker(ThreadPoolExecutor.java:1136)
at java.base/java.util.concurrent.ThreadPoolExecutor$Worker.run(ThreadPoolExecutor.java:635)
at java.base/java.lang.Thread.run(Thread.java:842)
]]>
    </failure>
  </testcase> <!-- comparePortfolioPlanner -->
  <testcase classname="com.vr.portfolioplanner.test.ApiComparisonTest" name="comparePortfolioPlanner" time="2.49">
    <failure type="java.lang.AssertionError" message="
TC_05328 — FAILED with 2 mismatch(es):
  [MISSING_FIELD            ] funds_data.data[plan_id=16897]
      api1: 16897
      api2: (not found)
      planId: 16897
      fund1:  Aditya Birla SL Balanced Advantage Direct-G
      fund2:  NOT FOUND
      note:   Fund plan_id=&amp;apos;16897&amp;apos; present in API-1 but missing in API-2
  [EXTRA_FIELD              ] funds_data.data[plan_id=38387]
      api1: (not found)
      api2: 38387
      planId: 38387
      fund1:  NOT FOUND
      fund2:  Mirae Asset Equity Savings Direct-G
      note:   Fund plan_id=&amp;apos;38387&amp;apos; present in API-2 but missing in API-1 expected [true] but found [false]">
      <![CDATA[java.lang.AssertionError: 
TC_05328 — FAILED with 2 mismatch(es):
  [MISSING_FIELD            ] funds_data.data[plan_id=16897]
      api1: 16897
      api2: (not found)
      planId: 16897
      fund1:  Aditya Birla SL Balanced Advantage Direct-G
      fund2:  NOT FOUND
      note:   Fund plan_id='16897' present in API-1 but missing in API-2
  [EXTRA_FIELD              ] funds_data.data[plan_id=38387]
      api1: (not found)
      api2: 38387
      planId: 38387
      fund1:  NOT FOUND
      fund2:  Mirae Asset Equity Savings Direct-G
      note:   Fund plan_id='38387' present in API-2 but missing in API-1 expected [true] but found [false]
at org.testng.Assert.fail(Assert.java:111)
at org.testng.Assert.failNotEquals(Assert.java:1578)
at org.testng.Assert.assertTrue(Assert.java:57)
at com.vr.portfolioplanner.test.ApiComparisonTest.comparePortfolioPlanner(ApiComparisonTest.java:239)
at jdk.internal.reflect.GeneratedMethodAccessor135.invoke(Unknown Source)
at java.base/jdk.internal.reflect.DelegatingMethodAccessorImpl.invoke(DelegatingMethodAccessorImpl.java:43)
at java.base/java.lang.reflect.Method.invoke(Method.java:568)
at org.testng.internal.invokers.MethodInvocationHelper.invokeMethod(MethodInvocationHelper.java:139)
at org.testng.internal.invokers.TestInvoker.invokeMethod(TestInvoker.java:664)
at org.testng.internal.invokers.TestInvoker.invokeTestMethod(TestInvoker.java:227)
at org.testng.internal.invokers.TestMethodWithDataProviderMethodWorker.call(TestMethodWithDataProviderMethodWorker.java:80)
at org.testng.internal.invokers.TestMethodWithDataProviderMethodWorker.call(TestMethodWithDataProviderMethodWorker.java:17)
at java.base/java.util.concurrent.FutureTask.run(FutureTask.java:264)
at java.base/java.util.concurrent.Executors$RunnableAdapter.call(Executors.java:539)
at java.base/java.util.concurrent.FutureTask.run(FutureTask.java:264)
at java.base/java.util.concurrent.ThreadPoolExecutor.runWorker(ThreadPoolExecutor.java:1136)
at java.base/java.util.concurrent.ThreadPoolExecutor$Worker.run(ThreadPoolExecutor.java:635)
at java.base/java.lang.Thread.run(Thread.java:842)
]]>
    </failure>
  </testcase> <!-- comparePortfolioPlanner -->
  <testcase classname="com.vr.portfolioplanner.test.ApiComparisonTest" name="comparePortfolioPlanner" time="2.695">
    <failure type="java.lang.AssertionError" message="
TC_05330 — FAILED with 2 mismatch(es):
  [MISSING_FIELD            ] funds_data.data[plan_id=16897]
      api1: 16897
      api2: (not found)
      planId: 16897
      fund1:  Aditya Birla SL Balanced Advantage Direct-G
      fund2:  NOT FOUND
      note:   Fund plan_id=&amp;apos;16897&amp;apos; present in API-1 but missing in API-2
  [EXTRA_FIELD              ] funds_data.data[plan_id=38387]
      api1: (not found)
      api2: 38387
      planId: 38387
      fund1:  NOT FOUND
      fund2:  Mirae Asset Equity Savings Direct-G
      note:   Fund plan_id=&amp;apos;38387&amp;apos; present in API-2 but missing in API-1 expected [true] but found [false]">
      <![CDATA[java.lang.AssertionError: 
TC_05330 — FAILED with 2 mismatch(es):
  [MISSING_FIELD            ] funds_data.data[plan_id=16897]
      api1: 16897
      api2: (not found)
      planId: 16897
      fund1:  Aditya Birla SL Balanced Advantage Direct-G
      fund2:  NOT FOUND
      note:   Fund plan_id='16897' present in API-1 but missing in API-2
  [EXTRA_FIELD              ] funds_data.data[plan_id=38387]
      api1: (not found)
      api2: 38387
      planId: 38387
      fund1:  NOT FOUND
      fund2:  Mirae Asset Equity Savings Direct-G
      note:   Fund plan_id='38387' present in API-2 but missing in API-1 expected [true] but found [false]
at org.testng.Assert.fail(Assert.java:111)
at org.testng.Assert.failNotEquals(Assert.java:1578)
at org.testng.Assert.assertTrue(Assert.java:57)
at com.vr.portfolioplanner.test.ApiComparisonTest.comparePortfolioPlanner(ApiComparisonTest.java:239)
at jdk.internal.reflect.GeneratedMethodAccessor135.invoke(Unknown Source)
at java.base/jdk.internal.reflect.DelegatingMethodAccessorImpl.invoke(DelegatingMethodAccessorImpl.java:43)
at java.base/java.lang.reflect.Method.invoke(Method.java:568)
at org.testng.internal.invokers.MethodInvocationHelper.invokeMethod(MethodInvocationHelper.java:139)
at org.testng.internal.invokers.TestInvoker.invokeMethod(TestInvoker.java:664)
at org.testng.internal.invokers.TestInvoker.invokeTestMethod(TestInvoker.java:227)
at org.testng.internal.invokers.TestMethodWithDataProviderMethodWorker.call(TestMethodWithDataProviderMethodWorker.java:80)
at org.testng.internal.invokers.TestMethodWithDataProviderMethodWorker.call(TestMethodWithDataProviderMethodWorker.java:17)
at java.base/java.util.concurrent.FutureTask.run(FutureTask.java:264)
at java.base/java.util.concurrent.Executors$RunnableAdapter.call(Executors.java:539)
at java.base/java.util.concurrent.FutureTask.run(FutureTask.java:264)
at java.base/java.util.concurrent.ThreadPoolExecutor.runWorker(ThreadPoolExecutor.java:1136)
at java.base/java.util.concurrent.ThreadPoolExecutor$Worker.run(ThreadPoolExecutor.java:635)
at java.base/java.lang.Thread.run(Thread.java:842)
]]>
    </failure>
  </testcase> <!-- comparePortfolioPlanner -->
  <testcase classname="com.vr.portfolioplanner.test.ApiComparisonTest" name="comparePortfolioPlanner" time="2.564">
    <failure type="java.lang.AssertionError" message="
TC_05333 — FAILED with 2 mismatch(es):
  [MISSING_FIELD            ] funds_data.data[plan_id=16897]
      api1: 16897
      api2: (not found)
      planId: 16897
      fund1:  Aditya Birla SL Balanced Advantage Direct-G
      fund2:  NOT FOUND
      note:   Fund plan_id=&amp;apos;16897&amp;apos; present in API-1 but missing in API-2
  [EXTRA_FIELD              ] funds_data.data[plan_id=38387]
      api1: (not found)
[...]
at org.testng.Assert.assertTrue(Assert.java:57)
at com.vr.portfolioplanner.test.ApiComparisonTest.comparePortfolioPlanner(ApiComparisonTest.java:239)
at jdk.internal.reflect.GeneratedMethodAccessor135.invoke(Unknown Source)
at java.base/jdk.internal.reflect.DelegatingMethodAccessorImpl.invoke(DelegatingMethodAccessorImpl.java:43)
at java.base/java.lang.reflect.Method.invoke(Method.java:568)
at org.testng.internal.invokers.MethodInvocationHelper.invokeMethod(MethodInvocationHelper.java:139)
at org.testng.internal.invokers.TestInvoker.invokeMethod(TestInvoker.java:664)
at org.testng.internal.invokers.TestInvoker.invokeTestMethod(TestInvoker.java:227)
at org.testng.internal.invokers.TestMethodWithDataProviderMethodWorker.call(TestMethodWithDataProviderMethodWorker.java:80)
at org.testng.internal.invokers.TestMethodWithDataProviderMethodWorker.call(TestMethodWithDataProviderMethodWorker.java:17)
at java.base/java.util.concurrent.FutureTask.run(FutureTask.java:264)
at java.base/java.util.concurrent.Executors$RunnableAdapter.call(Executors.java:539)
at java.base/java.util.concurrent.FutureTask.run(FutureTask.java:264)
at java.base/java.util.concurrent.ThreadPoolExecutor.runWorker(ThreadPoolExecutor.java:1136)
at java.base/java.util.concurrent.ThreadPoolExecutor$Worker.run(ThreadPoolExecutor.java:635)
at java.base/java.lang.Thread.run(Thread.java:842)
]]>
    </failure>
  </testcase> <!-- comparePortfolioPlanner -->
  <testcase classname="com.vr.portfolioplanner.test.ApiComparisonTest" name="comparePortfolioPlanner" time="2.238">
    <failure type="java.lang.AssertionError" message="
TC_05979 — FAILED with 1 mismatch(es):
  [BUSINESS_VALUE_MISMATCH  ] funds_data.data[plan_id=15866].investment_amount
      api1: 60999
      api2: 60801
      planId: 15866
      fund1:  ICICI Pru Short Term Direct-G
      fund2:  ICICI Pru Short Term Direct-G
      diff:   198
      note:   Values differ by 198 (tolerance: 100.0) expected [true] but found [false]">
      <![CDATA[java.lang.AssertionError: 
TC_05979 — FAILED with 1 mismatch(es):
  [BUSINESS_VALUE_MISMATCH  ] funds_data.data[plan_id=15866].investment_amount
      api1: 60999
      api2: 60801
      planId: 15866
      fund1:  ICICI Pru Short Term Direct-G
      fund2:  ICICI Pru Short Term Direct-G
      diff:   198
      note:   Values differ by 198 (tolerance: 100.0) expected [true] but found [false]
at org.testng.Assert.fail(Assert.java:111)
at org.testng.Assert.failNotEquals(Assert.java:1578)
at org.testng.Assert.assertTrue(Assert.java:57)
at com.vr.portfolioplanner.test.ApiComparisonTest.comparePortfolioPlanner(ApiComparisonTest.java:239)
at jdk.internal.reflect.GeneratedMethodAccessor135.invoke(Unknown Source)
at java.base/jdk.internal.reflect.DelegatingMethodAccessorImpl.invoke(DelegatingMethodAccessorImpl.java:43)
at java.base/java.lang.reflect.Method.invoke(Method.java:568)
at org.testng.internal.invokers.MethodInvocationHelper.invokeMethod(MethodInvocationHelper.java:139)
at org.testng.internal.invokers.TestInvoker.invokeMethod(TestInvoker.java:664)
at org.testng.internal.invokers.TestInvoker.invokeTestMethod(TestInvoker.java:227)
at org.testng.internal.invokers.TestMethodWithDataProviderMethodWorker.call(TestMethodWithDataProviderMethodWorker.java:80)
at org.testng.internal.invokers.TestMethodWithDataProviderMethodWorker.call(TestMethodWithDataProviderMethodWorker.java:17)
at java.base/java.util.concurrent.FutureTask.run(FutureTask.java:264)
at java.base/java.util.concurrent.Executors$RunnableAdapter.call(Executors.java:539)
at java.base/java.util.concurrent.FutureTask.run(FutureTask.java:264)
at java.base/java.util.concurrent.ThreadPoolExecutor.runWorker(ThreadPoolExecutor.java:1136)
at java.base/java.util.concurrent.ThreadPoolExecutor$Worker.run(ThreadPoolExecutor.java:635)
at java.base/java.lang.Thread.run(Thread.java:842)
]]>
    </failure>
  </testcase> <!-- comparePortfolioPlanner -->
  <testcase classname="com.vr.portfolioplanner.test.ApiComparisonTest" name="comparePortfolioPlanner" time="2.312">
    <failure type="java.lang.AssertionError" message="
TC_05984 — FAILED with 1 mismatch(es):
  [BUSINESS_VALUE_MISMATCH  ] funds_data.data[plan_id=15866].investment_amount
      api1: 304999
      api2: 304801
      planId: 15866
      fund1:  ICICI Pru Short Term Direct-G
      fund2:  ICICI Pru Short Term Direct-G
      diff:   198
      note:   Values differ by 198 (tolerance: 100.0) expected [true] but found [false]">
      <![CDATA[java.lang.AssertionError: 
TC_05984 — FAILED with 1 mismatch(es):
  [BUSINESS_VALUE_MISMATCH  ] funds_data.data[plan_id=15866].investment_amount
      api1: 304999
      api2: 304801
      planId: 15866
      fund1:  ICICI Pru Short Term Direct-G
      fund2:  ICICI Pru Short Term Direct-G
      diff:   198
      note:   Values differ by 198 (tolerance: 100.0) expected [true] but found [false]
at org.testng.Assert.fail(Assert.java:111)
at org.testng.Assert.failNotEquals(Assert.java:1578)
at org.testng.Assert.assertTrue(Assert.java:57)
at com.vr.portfolioplanner.test.ApiComparisonTest.comparePortfolioPlanner(ApiComparisonTest.java:239)
at jdk.internal.reflect.GeneratedMethodAccessor135.invoke(Unknown Source)
at java.base/jdk.internal.reflect.DelegatingMethodAccessorImpl.invoke(DelegatingMethodAccessorImpl.java:43)
at java.base/java.lang.reflect.Method.invoke(Method.java:568)
at org.testng.internal.invokers.MethodInvocationHelper.invokeMethod(MethodInvocationHelper.java:139)
at org.testng.internal.invokers.TestInvoker.invokeMethod(TestInvoker.java:664)
at org.testng.internal.invokers.TestInvoker.invokeTestMethod(TestInvoker.java:227)
at org.testng.internal.invokers.TestMethodWithDataProviderMethodWorker.call(TestMethodWithDataProviderMethodWorker.java:80)
at org.testng.internal.invokers.TestMethodWithDataProviderMethodWorker.call(TestMethodWithDataProviderMethodWorker.java:17)
at java.base/java.util.concurrent.FutureTask.run(FutureTask.java:264)
at java.base/java.util.concurrent.Executors$RunnableAdapter.call(Executors.java:539)
at java.base/java.util.concurrent.FutureTask.run(FutureTask.java:264)
at java.base/java.util.concurrent.ThreadPoolExecutor.runWorker(ThreadPoolExecutor.java:1136)
at java.base/java.util.concurrent.ThreadPoolExecutor$Worker.run(ThreadPoolExecutor.java:635)
at java.base/java.lang.Thread.run(Thread.java:842)
]]>
    </failure>
  </testcase> <!-- comparePortfolioPlanner -->
  <testcase classname="com.vr.portfolioplanner.test.ApiComparisonTest" name="comparePortfolioPlanner" time="2.482">
    <failure type="java.lang.AssertionError" message="
TC_05985 — FAILED with 1 mismatch(es):
  [BUSINESS_VALUE_MISMATCH  ] funds_data.data[plan_id=19701].investment_amount
      api1: 11000
      api2: 10875
      planId: 19701
      fund1:  Parag Parikh Flexi Cap Direct-G
      fund2:  Parag Parikh Flexi Cap Direct-G
      diff:   125
      note:   Values differ by 125 (tolerance: 100.0) expected [true] but found [false]">
      <![CDATA[java.lang.AssertionError: 
TC_05985 — FAILED with 1 mismatch(es):
  [BUSINESS_VALUE_MISMATCH  ] funds_data.data[plan_id=19701].investment_amount
      api1: 11000
      api2: 10875
      planId: 19701
      fund1:  Parag Parikh Flexi Cap Direct-G
      fund2:  Parag Parikh Flexi Cap Direct-G
      diff:   125
      note:   Values differ by 125 (tolerance: 100.0) expected [true] but found [false]
at org.testng.Assert.fail(Assert.java:111)
at org.testng.Assert.failNotEquals(Assert.java:1578)
at org.testng.Assert.assertTrue(Assert.java:57)
at com.vr.portfolioplanner.test.ApiComparisonTest.comparePortfolioPlanner(ApiComparisonTest.java:239)
at jdk.internal.reflect.GeneratedMethodAccessor135.invoke(Unknown Source)
at java.base/jdk.internal.reflect.DelegatingMethodAccessorImpl.invoke(DelegatingMethodAccessorImpl.java:43)
at java.base/java.lang.reflect.Method.invoke(Method.java:568)
at org.testng.internal.invokers.MethodInvocationHelper.invokeMethod(MethodInvocationHelper.java:139)
at org.testng.internal.invokers.TestInvoker.invokeMethod(TestInvoker.java:664)
at org.testng.internal.invokers.TestInvoker.invokeTestMethod(TestInvoker.java:227)
at org.testng.internal.invokers.TestMethodWithDataProviderMethodWorker.call(TestMethodWithDataProviderMethodWorker.java:80)
at org.testng.internal.invokers.TestMethodWithDataProviderMethodWorker.call(TestMethodWithDataProviderMethodWorker.java:17)
at java.base/java.util.concurrent.FutureTask.run(FutureTask.java:264)
at java.base/java.util.concurrent.Executors$RunnableAdapter.call(Executors.java:539)
at java.base/java.util.concurrent.FutureTask.run(FutureTask.java:264)
at java.base/java.util.concurrent.ThreadPoolExecutor.runWorker(ThreadPoolExecutor.java:1136)
at java.base/java.util.concurrent.ThreadPoolExecutor$Worker.run(ThreadPoolExecutor.java:635)
at java.base/java.lang.Thread.run(Thread.java:842)
]]>
    </failure>
  </testcase> <!-- comparePortfolioPlanner -->
  <testcase classname="com.vr.portfolioplanner.test.ApiComparisonTest" name="comparePortfolioPlanner" time="2.355">
    <failure type="java.lang.AssertionError" message="
TC_05993 — FAILED with 1 mismatch(es):
  [BUSINESS_VALUE_MISMATCH  ] funds_data.data[plan_id=19701].investment_amount
      api1: 73000
      api2: 72833.33333333334
      planId: 19701
      fund1:  Parag Parikh Flexi Cap Direct-G
      fund2:  Parag Parikh Flexi Cap Direct-G
      diff:   166.66666666666
      note:   Values differ by 166.66666666666 (tolerance: 100.0) expected [true] but found [false]">
      <![CDATA[java.lang.AssertionError: 
TC_05993 — FAILED with 1 mismatch(es):
  [BUSINESS_VALUE_MISMATCH  ] funds_data.data[plan_id=19701].investment_amount
      api1: 73000
      api2: 72833.33333333334
      planId: 19701
      fund1:  Parag Parikh Flexi Cap Direct-G
      fund2:  Parag Parikh Flexi Cap Direct-G
      diff:   166.66666666666
      note:   Values differ by 166.66666666666 (tolerance: 100.0) expected [true] but found [false]
at org.testng.Assert.fail(Assert.java:111)
at org.testng.Assert.failNotEquals(Assert.java:1578)
at org.testng.Assert.assertTrue(Assert.java:57)
at com.vr.portfolioplanner.test.ApiComparisonTest.comparePortfolioPlanner(ApiComparisonTest.java:239)
at jdk.internal.reflect.GeneratedMethodAccessor135.invoke(Unknown Source)
at java.base/jdk.internal.reflect.DelegatingMethodAccessorImpl.invoke(DelegatingMethodAccessorImpl.java:43)
at java.base/java.lang.reflect.Method.invoke(Method.java:568)
at org.testng.internal.invokers.MethodInvocationHelper.invokeMethod(MethodInvocationHelper.java:139)
at org.testng.internal.invokers.TestInvoker.invokeMethod(TestInvoker.java:664)
at org.testng.internal.invokers.TestInvoker.invokeTestMethod(TestInvoker.java:227)
at org.testng.internal.invokers.TestMethodWithDataProviderMethodWorker.call(TestMethodWithDataProviderMethodWorker.java:80)
at org.testng.internal.invokers.TestMethodWithDataProviderMethodWorker.call(TestMethodWithDataProviderMethodWorker.java:17)
at java.base/java.util.concurrent.FutureTask.run(FutureTask.java:264)
at java.base/java.util.concurrent.Executors$RunnableAdapter.call(Executors.java:539)
at java.base/java.util.concurrent.FutureTask.run(FutureTask.java:264)
at java.base/java.util.concurrent.ThreadPoolExecutor.runWorker(ThreadPoolExecutor.java:1136)
at java.base/java.util.concurrent.ThreadPoolExecutor$Worker.run(ThreadPoolExecutor.java:635)
at java.base/java.lang.Thread.run(Thread.java:842)
]]>
    </failure>
  </testcase> <!-- comparePortfolioPlanner -->
  <testcase classname="com.vr.portfolioplanner.test.ApiComparisonTest" name="comparePortfolioPlanner" time="2.3">
    <failure type="java.lang.AssertionError" message="
TC_05994 — FAILED with 1 mismatch(es):
  [BUSINESS_VALUE_MISMATCH  ] funds_data.data[plan_id=15866].investment_amount
      api1: 3659999
      api2: 3659801
      planId: 15866
      fund1:  ICICI Pru Short Term Direct-G
      fund2:  ICICI Pru Short Term Direct-G
      diff:   198
      note:   Values differ by 198 (tolerance: 100.0) expected [true] but found [false]">
      <![CDATA[java.lang.AssertionError: 
TC_05994 — FAILED with 1 mismatch(es):
  [BUSINESS_VALUE_MISMATCH  ] funds_data.data[plan_id=15866].investment_amount
      api1: 3659999
      api2: 3659801
      planId: 15866
      fund1:  ICICI Pru Short Term Direct-G
      fund2:  ICICI Pru Short Term Direct-G
      diff:   198
      note:   Values differ by 198 (tolerance: 100.0) expected [true] but found [false]
at org.testng.Assert.fail(Assert.java:111)
at org.testng.Assert.failNotEquals(Assert.java:1578)
at org.testng.Assert.assertTrue(Assert.java:57)
at com.vr.portfolioplanner.test.ApiComparisonTest.comparePortfolioPlanner(ApiComparisonTest.java:239)
at jdk.internal.reflect.GeneratedMethodAccessor135.invoke(Unknown Source)
at java.base/jdk.internal.reflect.DelegatingMethodAccessorImpl.invoke(DelegatingMethodAccessorImpl.java:43)
at java.base/java.lang.reflect.Method.invoke(Method.java:568)
at org.testng.internal.invokers.MethodInvocationHelper.invokeMethod(MethodInvocationHelper.java:139)
at org.testng.internal.invokers.TestInvoker.invokeMethod(TestInvoker.java:664)
at org.testng.internal.invokers.TestInvoker.invokeTestMethod(TestInvoker.java:227)
at org.testng.internal.invokers.TestMethodWithDataProviderMethodWorker.call(TestMethodWithDataProviderMethodWorker.java:80)
at org.testng.internal.invokers.TestMethodWithDataProviderMethodWorker.call(TestMethodWithDataProviderMethodWorker.java:17)
at java.base/java.util.concurrent.FutureTask.run(FutureTask.java:264)
at java.base/java.util.concurrent.Executors$RunnableAdapter.call(Executors.java:539)
at java.base/java.util.concurrent.FutureTask.run(FutureTask.java:264)
at java.base/java.util.concurrent.ThreadPoolExecutor.runWorker(ThreadPoolExecutor.java:1136)
at java.base/java.util.concurrent.ThreadPoolExecutor$Worker.run(ThreadPoolExecutor.java:635)
at java.base/java.lang.Thread.run(Thread.java:842)
]]>
    </failure>
  </testcase> <!-- comparePortfolioPlanner -->
  <testcase classname="com.vr.portfolioplanner.test.ApiComparisonTest" name="comparePortfolioPlanner" time="2.541">
    <failure type="java.lang.AssertionError" message="
TC_05999 — FAILED with 2 mismatch(es):
  [MISSING_FIELD            ] funds_data.data[plan_id=15800]
      api1: 15800
      api2: (not found)
      planId: 15800
      fund1:  Aditya Birla SL Liquid Direct-G
      fund2:  NOT FOUND
      note:   Fund plan_id=&amp;apos;15800&amp;apos; present in API-1 but missing in API-2
  [EXTRA_FIELD              ] funds_data.data[plan_id=16167]
      api1: (not found)
      api2: 16167
      planId: 16167
      fund1:  NOT FOUND
      fund2:  HDFC Liquid Direct-G
      note:   Fund plan_id=&amp;apos;16167&amp;apos; present in API-2 but missing in API-1 expected [true] but found [false]">
      <![CDATA[java.lang.AssertionError: 
TC_05999 — FAILED with 2 mismatch(es):
  [MISSING_FIELD            ] funds_data.data[plan_id=15800]
      api1: 15800
      api2: (not found)
      planId: 15800
      fund1:  Aditya Birla SL Liquid Direct-G
      fund2:  NOT FOUND
      note:   Fund plan_id='15800' present in API-1 but missing in API-2
  [EXTRA_FIELD              ] funds_data.data[plan_id=16167]
      api1: (not found)
      api2: 16167
      planId: 16167
      fund1:  NOT FOUND
      fund2:  HDFC Liquid Direct-G
      note:   Fund plan_id='16167' present in API-2 but missing in API-1 expected [true] but found [false]
at org.testng.Assert.fail(Assert.java:111)
at org.testng.Assert.failNotEquals(Assert.java:1578)
at org.testng.Assert.assertTrue(Assert.java:57)
at com.vr.portfolioplanner.test.ApiComparisonTest.comparePortfolioPlanner(ApiComparisonTest.java:239)
at jdk.internal.reflect.GeneratedMethodAccessor135.invoke(Unknown Source)
at java.base/jdk.internal.reflect.DelegatingMethodAccessorImpl.invoke(DelegatingMethodAccessorImpl.java:43)
at java.base/java.lang.reflect.Method.invoke(Method.java:568)
at org.testng.internal.invokers.MethodInvocationHelper.invokeMethod(MethodInvocationHelper.java:139)
at org.testng.internal.invokers.TestInvoker.invokeMethod(TestInvoker.java:664)
at org.testng.internal.invokers.TestInvoker.invokeTestMethod(TestInvoker.java:227)
at org.testng.internal.invokers.TestMethodWithDataProviderMethodWorker.call(TestMethodWithDataProviderMethodWorker.java:80)
at org.testng.internal.invokers.TestMethodWithDataProviderMethodWorker.call(TestMethodWithDataProviderMethodWorker.java:17)
at java.base/java.util.concurrent.FutureTask.run(FutureTask.java:264)
at java.base/java.util.concurrent.Executors$RunnableAdapter.call(Executors.java:539)
at java.base/java.util.concurrent.FutureTask.run(FutureTask.java:264)
at java.base/java.util.concurrent.ThreadPoolExecutor.runWorker(ThreadPoolExecutor.java:1136)
at java.base/java.util.concurrent.ThreadPoolExecutor$Worker.run(ThreadPoolExecutor.java:635)
at java.base/java.lang.Thread.run(Thread.java:842)
]]>
    </failure>
  </testcase> <!-- comparePortfolioPlanner -->
  <testcase classname="com.vr.portfolioplanner.test.ApiComparisonTest" name="comparePortfolioPlanner" time="2.47">
    <failure type="java.lang.AssertionError" message="
TC_06000 — FAILED with 2 mismatch(es):
  [MISSING_FIELD            ] funds_data.data[plan_id=15800]
      api1: 15800
      api2: (not found)
      planId: 15800
      fund1:  Aditya Birla SL Liquid Direct-G
      fund2:  NOT FOUND
      note:   Fund plan_id=&amp;apos;15800&amp;apos; present in API-1 but missing in API-2
  [EXTRA_FIELD              ] funds_data.data[plan_id=16167]
      api1: (not found)
      api2: 16167
      planId: 16167
      fund1:  NOT FOUND
      fund2:  HDFC Liquid Direct-G
      note:   Fund plan_id=&amp;apos;16167&amp;apos; present in API-2 but missing in API-1 expected [true] but found [false]">
      <![CDATA[java.lang.AssertionError: 
TC_06000 — FAILED with 2 mismatch(es):
  [MISSING_FIELD            ] funds_data.data[plan_id=15800]
      api1: 15800
      api2: (not found)
      planId: 15800
      fund1:  Aditya Birla SL Liquid Direct-G
      fund2:  NOT FOUND
      note:   Fund plan_id='15800' present in API-1 but missing in API-2
  [EXTRA_FIELD              ] funds_data.data[plan_id=16167]
      api1: (not found)
      api2: 16167
      planId: 16167
      fund1:  NOT FOUND
      fund2:  HDFC Liquid Direct-G
      note:   Fund plan_id='16167' present in API-2 but missing in API-1 expected [true] but found [false]
at org.testng.Assert.fail(Assert.java:111)
at org.testng.Assert.failNotEquals(Assert.java:1578)
at org.testng.Assert.assertTrue(Assert.java:57)
at com.vr.portfolioplanner.test.ApiComparisonTest.comparePortfolioPlanner(ApiComparisonTest.java:239)
at jdk.internal.reflect.GeneratedMethodAccessor135.invoke(Unknown Source)
at java.base/jdk.internal.reflect.DelegatingMethodAccessorImpl.invoke(DelegatingMethodAccessorImpl.java:43)
at java.base/java.lang.reflect.Method.invoke(Method.java:568)
at org.testng.internal.invokers.MethodInvocationHelper.invokeMethod(MethodInvocationHelper.java:139)
at org.testng.internal.invokers.TestInvoker.invokeMethod(TestInvoker.java:664)
at org.testng.internal.invokers.TestInvoker.invokeTestMethod(TestInvoker.java:227)
at org.testng.internal.invokers.TestMethodWithDataProviderMethodWorker.call(TestMethodWithDataProviderMethodWorker.java:80)
at org.testng.internal.invokers.TestMethodWithDataProviderMethodWorker.call(TestMethodWithDataProviderMethodWorker.java:17)
at java.base/java.util.concurrent.FutureTask.run(FutureTask.java:264)
at java.base/java.util.concurrent.Executors$RunnableAdapter.call(Executors.java:539)
at java.base/java.util.concurrent.FutureTask.run(FutureTask.java:264)
at java.base/java.util.concurrent.ThreadPoolExecutor.runWorker(ThreadPoolExecutor.java:1136)
at java.base/java.util.concurrent.ThreadPoolExecutor$Worker.run(ThreadPoolExecutor.java:635)
at java.base/java.lang.Thread.run(Thread.java:842)
]]>
    </failure>
  </testcase> <!-- comparePortfolioPlanner -->
</testsuite> <!-- API Comparison Tests(failed)(failed)(failed)(failed)(failed)(failed)(failed) -->
